/home/itspriiyanshu/Ros_assign/install/my_package/lib/python3.10/site-packages/my_package/subscriber_node.py
/home/itspriiyanshu/Ros_assign/install/my_package/lib/python3.10/site-packages/my_package/publisher_node.py
/home/itspriiyanshu/Ros_assign/install/my_package/lib/python3.10/site-packages/my_package/__init__.py
/home/itspriiyanshu/Ros_assign/install/my_package/lib/python3.10/site-packages/my_package/launch.py
/home/itspriiyanshu/Ros_assign/install/my_package/lib/python3.10/site-packages/my_package/__pycache__/subscriber_node.cpython-310.pyc
/home/itspriiyanshu/Ros_assign/install/my_package/lib/python3.10/site-packages/my_package/__pycache__/publisher_node.cpython-310.pyc
/home/itspriiyanshu/Ros_assign/install/my_package/lib/python3.10/site-packages/my_package/__pycache__/__init__.cpython-310.pyc
/home/itspriiyanshu/Ros_assign/install/my_package/lib/python3.10/site-packages/my_package/__pycache__/launch.cpython-310.pyc
/home/itspriiyanshu/Ros_assign/install/my_package/share/ament_index/resource_index/packages/my_package
/home/itspriiyanshu/Ros_assign/install/my_package/share/my_package/package.xml
/home/itspriiyanshu/Ros_assign/install/my_package/share/my_package/launch/message_nodes.launch.py
/home/itspriiyanshu/Ros_assign/install/my_package/lib/python3.10/site-packages/my_package-0.0.0-py3.10.egg-info/top_level.txt
/home/itspriiyanshu/Ros_assign/install/my_package/lib/python3.10/site-packages/my_package-0.0.0-py3.10.egg-info/entry_points.txt
/home/itspriiyanshu/Ros_assign/install/my_package/lib/python3.10/site-packages/my_package-0.0.0-py3.10.egg-info/PKG-INFO
/home/itspriiyanshu/Ros_assign/install/my_package/lib/python3.10/site-packages/my_package-0.0.0-py3.10.egg-info/requires.txt
/home/itspriiyanshu/Ros_assign/install/my_package/lib/python3.10/site-packages/my_package-0.0.0-py3.10.egg-info/zip-safe
/home/itspriiyanshu/Ros_assign/install/my_package/lib/python3.10/site-packages/my_package-0.0.0-py3.10.egg-info/SOURCES.txt
/home/itspriiyanshu/Ros_assign/install/my_package/lib/python3.10/site-packages/my_package-0.0.0-py3.10.egg-info/dependency_links.txt
/home/itspriiyanshu/Ros_assign/install/my_package/lib/my_package/publisher_node
/home/itspriiyanshu/Ros_assign/install/my_package/lib/my_package/subscriber_node
