/home/ubuntu/Desktop/ros_ass/install/py_pubsub/lib/python3.10/site-packages/py_pubsub/sub.py
/home/ubuntu/Desktop/ros_ass/install/py_pubsub/lib/python3.10/site-packages/py_pubsub/pub.py
/home/ubuntu/Desktop/ros_ass/install/py_pubsub/lib/python3.10/site-packages/py_pubsub/__init__.py
/home/ubuntu/Desktop/ros_ass/install/py_pubsub/lib/python3.10/site-packages/py_pubsub/open.py
/home/ubuntu/Desktop/ros_ass/install/py_pubsub/lib/python3.10/site-packages/py_pubsub/__pycache__/sub.cpython-310.pyc
/home/ubuntu/Desktop/ros_ass/install/py_pubsub/lib/python3.10/site-packages/py_pubsub/__pycache__/pub.cpython-310.pyc
/home/ubuntu/Desktop/ros_ass/install/py_pubsub/lib/python3.10/site-packages/py_pubsub/__pycache__/__init__.cpython-310.pyc
/home/ubuntu/Desktop/ros_ass/install/py_pubsub/lib/python3.10/site-packages/py_pubsub/__pycache__/open.cpython-310.pyc
/home/ubuntu/Desktop/ros_ass/install/py_pubsub/share/ament_index/resource_index/packages/py_pubsub
/home/ubuntu/Desktop/ros_ass/install/py_pubsub/share/py_pubsub/package.xml
/home/ubuntu/Desktop/ros_ass/install/py_pubsub/lib/python3.10/site-packages/py_pubsub-0.0.0-py3.10.egg-info/entry_points.txt
/home/ubuntu/Desktop/ros_ass/install/py_pubsub/lib/python3.10/site-packages/py_pubsub-0.0.0-py3.10.egg-info/PKG-INFO
/home/ubuntu/Desktop/ros_ass/install/py_pubsub/lib/python3.10/site-packages/py_pubsub-0.0.0-py3.10.egg-info/zip-safe
/home/ubuntu/Desktop/ros_ass/install/py_pubsub/lib/python3.10/site-packages/py_pubsub-0.0.0-py3.10.egg-info/requires.txt
/home/ubuntu/Desktop/ros_ass/install/py_pubsub/lib/python3.10/site-packages/py_pubsub-0.0.0-py3.10.egg-info/SOURCES.txt
/home/ubuntu/Desktop/ros_ass/install/py_pubsub/lib/python3.10/site-packages/py_pubsub-0.0.0-py3.10.egg-info/dependency_links.txt
/home/ubuntu/Desktop/ros_ass/install/py_pubsub/lib/python3.10/site-packages/py_pubsub-0.0.0-py3.10.egg-info/top_level.txt
/home/ubuntu/Desktop/ros_ass/install/py_pubsub/lib/py_pubsub/listener
/home/ubuntu/Desktop/ros_ass/install/py_pubsub/lib/py_pubsub/open
/home/ubuntu/Desktop/ros_ass/install/py_pubsub/lib/py_pubsub/talker
