running egg_info
creating ../../build/talker_listener/talker_listener.egg-info
writing ../../build/talker_listener/talker_listener.egg-info/PKG-INFO
writing dependency_links to ../../build/talker_listener/talker_listener.egg-info/dependency_links.txt
writing entry points to ../../build/talker_listener/talker_listener.egg-info/entry_points.txt
writing requirements to ../../build/talker_listener/talker_listener.egg-info/requires.txt
writing top-level names to ../../build/talker_listener/talker_listener.egg-info/top_level.txt
writing manifest file '../../build/talker_listener/talker_listener.egg-info/SOURCES.txt'
reading manifest file '../../build/talker_listener/talker_listener.egg-info/SOURCES.txt'
writing manifest file '../../build/talker_listener/talker_listener.egg-info/SOURCES.txt'
running build
running build_py
creating /home/shruti/ros2_ws_auv/build/talker_listener/build
creating /home/shruti/ros2_ws_auv/build/talker_listener/build/lib
creating /home/shruti/ros2_ws_auv/build/talker_listener/build/lib/talker_listener
copying talker_listener/listener.py -> /home/shruti/ros2_ws_auv/build/talker_listener/build/lib/talker_listener
copying talker_listener/talker.py -> /home/shruti/ros2_ws_auv/build/talker_listener/build/lib/talker_listener
copying talker_listener/__init__.py -> /home/shruti/ros2_ws_auv/build/talker_listener/build/lib/talker_listener
running install
running install_lib
creating /home/shruti/ros2_ws_auv/install/talker_listener/lib/python3.10/site-packages/talker_listener
copying /home/shruti/ros2_ws_auv/build/talker_listener/build/lib/talker_listener/listener.py -> /home/shruti/ros2_ws_auv/install/talker_listener/lib/python3.10/site-packages/talker_listener
copying /home/shruti/ros2_ws_auv/build/talker_listener/build/lib/talker_listener/talker.py -> /home/shruti/ros2_ws_auv/install/talker_listener/lib/python3.10/site-packages/talker_listener
copying /home/shruti/ros2_ws_auv/build/talker_listener/build/lib/talker_listener/__init__.py -> /home/shruti/ros2_ws_auv/install/talker_listener/lib/python3.10/site-packages/talker_listener
byte-compiling /home/shruti/ros2_ws_auv/install/talker_listener/lib/python3.10/site-packages/talker_listener/listener.py to listener.cpython-310.pyc
byte-compiling /home/shruti/ros2_ws_auv/install/talker_listener/lib/python3.10/site-packages/talker_listener/talker.py to talker.cpython-310.pyc
byte-compiling /home/shruti/ros2_ws_auv/install/talker_listener/lib/python3.10/site-packages/talker_listener/__init__.py to __init__.cpython-310.pyc
running install_data
creating /home/shruti/ros2_ws_auv/install/talker_listener/share/ament_index
creating /home/shruti/ros2_ws_auv/install/talker_listener/share/ament_index/resource_index
creating /home/shruti/ros2_ws_auv/install/talker_listener/share/ament_index/resource_index/packages
copying resource/talker_listener -> /home/shruti/ros2_ws_auv/install/talker_listener/share/ament_index/resource_index/packages
copying package.xml -> /home/shruti/ros2_ws_auv/install/talker_listener/share/talker_listener
creating /home/shruti/ros2_ws_auv/install/talker_listener/share/talker_listener/launch
copying /home/shruti/ros2_ws_auv/src/talker_listener/launch/talker_listener.launch.py -> /home/shruti/ros2_ws_auv/install/talker_listener/share/talker_listener/launch
running install_egg_info
Copying ../../build/talker_listener/talker_listener.egg-info to /home/shruti/ros2_ws_auv/install/talker_listener/lib/python3.10/site-packages/talker_listener-0.0.0-py3.10.egg-info
running install_scripts
Installing listener script to /home/shruti/ros2_ws_auv/install/talker_listener/lib/talker_listener
Installing talker script to /home/shruti/ros2_ws_auv/install/talker_listener/lib/talker_listener
writing list of installed files to '/home/shruti/ros2_ws_auv/build/talker_listener/install.log'
