[0.336s] Invoking command in '/home/shruti/ros2_ws_auv/src/talker_listener': PYTHONPATH=/home/shruti/ros2_ws_auv/build/talker_listener/prefix_override:/usr/lib/python3/dist-packages/colcon_core/task/python/colcon_distutils_commands:/home/shruti/ros2_ws_auv/install/talker_listener/lib/python3.10/site-packages:${PYTHONPATH} /usr/bin/python3 -W ignore:setup.py install is deprecated -W ignore:easy_install command is deprecated setup.py egg_info --egg-base ../../build/talker_listener build --build-base /home/shruti/ros2_ws_auv/build/talker_listener/build install --record /home/shruti/ros2_ws_auv/build/talker_listener/install.log --single-version-externally-managed install_data
[0.470s] running egg_info
[0.470s] creating ../../build/talker_listener/talker_listener.egg-info
[0.471s] writing ../../build/talker_listener/talker_listener.egg-info/PKG-INFO
[0.471s] writing dependency_links to ../../build/talker_listener/talker_listener.egg-info/dependency_links.txt
[0.471s] writing entry points to ../../build/talker_listener/talker_listener.egg-info/entry_points.txt
[0.471s] writing requirements to ../../build/talker_listener/talker_listener.egg-info/requires.txt
[0.471s] writing top-level names to ../../build/talker_listener/talker_listener.egg-info/top_level.txt
[0.471s] writing manifest file '../../build/talker_listener/talker_listener.egg-info/SOURCES.txt'
[0.472s] reading manifest file '../../build/talker_listener/talker_listener.egg-info/SOURCES.txt'
[0.473s] writing manifest file '../../build/talker_listener/talker_listener.egg-info/SOURCES.txt'
[0.473s] running build
[0.473s] running build_py
[0.473s] creating /home/shruti/ros2_ws_auv/build/talker_listener/build
[0.473s] creating /home/shruti/ros2_ws_auv/build/talker_listener/build/lib
[0.473s] creating /home/shruti/ros2_ws_auv/build/talker_listener/build/lib/talker_listener
[0.473s] copying talker_listener/listener.py -> /home/shruti/ros2_ws_auv/build/talker_listener/build/lib/talker_listener
[0.473s] copying talker_listener/talker.py -> /home/shruti/ros2_ws_auv/build/talker_listener/build/lib/talker_listener
[0.473s] copying talker_listener/__init__.py -> /home/shruti/ros2_ws_auv/build/talker_listener/build/lib/talker_listener
[0.473s] running install
[0.473s] running install_lib
[0.474s] creating /home/shruti/ros2_ws_auv/install/talker_listener/lib/python3.10/site-packages/talker_listener
[0.474s] copying /home/shruti/ros2_ws_auv/build/talker_listener/build/lib/talker_listener/listener.py -> /home/shruti/ros2_ws_auv/install/talker_listener/lib/python3.10/site-packages/talker_listener
[0.474s] copying /home/shruti/ros2_ws_auv/build/talker_listener/build/lib/talker_listener/talker.py -> /home/shruti/ros2_ws_auv/install/talker_listener/lib/python3.10/site-packages/talker_listener
[0.474s] copying /home/shruti/ros2_ws_auv/build/talker_listener/build/lib/talker_listener/__init__.py -> /home/shruti/ros2_ws_auv/install/talker_listener/lib/python3.10/site-packages/talker_listener
[0.474s] byte-compiling /home/shruti/ros2_ws_auv/install/talker_listener/lib/python3.10/site-packages/talker_listener/listener.py to listener.cpython-310.pyc
[0.474s] byte-compiling /home/shruti/ros2_ws_auv/install/talker_listener/lib/python3.10/site-packages/talker_listener/talker.py to talker.cpython-310.pyc
[0.475s] byte-compiling /home/shruti/ros2_ws_auv/install/talker_listener/lib/python3.10/site-packages/talker_listener/__init__.py to __init__.cpython-310.pyc
[0.475s] running install_data
[0.475s] creating /home/shruti/ros2_ws_auv/install/talker_listener/share/ament_index
[0.475s] creating /home/shruti/ros2_ws_auv/install/talker_listener/share/ament_index/resource_index
[0.475s] creating /home/shruti/ros2_ws_auv/install/talker_listener/share/ament_index/resource_index/packages
[0.475s] copying resource/talker_listener -> /home/shruti/ros2_ws_auv/install/talker_listener/share/ament_index/resource_index/packages
[0.475s] copying package.xml -> /home/shruti/ros2_ws_auv/install/talker_listener/share/talker_listener
[0.475s] creating /home/shruti/ros2_ws_auv/install/talker_listener/share/talker_listener/launch
[0.475s] copying /home/shruti/ros2_ws_auv/src/talker_listener/launch/talker_listener.launch.py -> /home/shruti/ros2_ws_auv/install/talker_listener/share/talker_listener/launch
[0.475s] running install_egg_info
[0.476s] Copying ../../build/talker_listener/talker_listener.egg-info to /home/shruti/ros2_ws_auv/install/talker_listener/lib/python3.10/site-packages/talker_listener-0.0.0-py3.10.egg-info
[0.477s] running install_scripts
[0.491s] Installing listener script to /home/shruti/ros2_ws_auv/install/talker_listener/lib/talker_listener
[0.491s] Installing talker script to /home/shruti/ros2_ws_auv/install/talker_listener/lib/talker_listener
[0.491s] writing list of installed files to '/home/shruti/ros2_ws_auv/build/talker_listener/install.log'
[0.507s] Invoked command in '/home/shruti/ros2_ws_auv/src/talker_listener' returned '0': PYTHONPATH=/home/shruti/ros2_ws_auv/build/talker_listener/prefix_override:/usr/lib/python3/dist-packages/colcon_core/task/python/colcon_distutils_commands:/home/shruti/ros2_ws_auv/install/talker_listener/lib/python3.10/site-packages:${PYTHONPATH} /usr/bin/python3 -W ignore:setup.py install is deprecated -W ignore:easy_install command is deprecated setup.py egg_info --egg-base ../../build/talker_listener build --build-base /home/shruti/ros2_ws_auv/build/talker_listener/build install --record /home/shruti/ros2_ws_auv/build/talker_listener/install.log --single-version-externally-managed install_data
