[0.171s] DEBUG:colcon:Command line arguments: ['/usr/bin/colcon', 'build']
[0.172s] DEBUG:colcon:Parsed command line arguments: Namespace(log_base=None, log_level=None, verb_name='build', build_base='build', install_base='install', merge_install=False, symlink_install=False, test_result_base=None, continue_on_error=False, executor='parallel', parallel_workers=22, event_handlers=None, ignore_user_meta=False, metas=['./colcon.meta'], base_paths=['.'], packages_ignore=None, packages_ignore_regex=None, paths=None, packages_up_to=None, packages_up_to_regex=None, packages_above=None, packages_above_and_dependencies=None, packages_above_depth=None, packages_select_by_dep=None, packages_skip_by_dep=None, packages_skip_up_to=None, packages_select_build_failed=False, packages_skip_build_finished=False, packages_select_test_failures=False, packages_skip_test_passed=False, packages_select=None, packages_skip=None, packages_select_regex=None, packages_skip_regex=None, packages_start=None, packages_end=None, allow_overriding=[], cmake_args=None, cmake_target=None, cmake_target_skip_unavailable=False, cmake_clean_cache=False, cmake_clean_first=False, cmake_force_configure=False, ament_cmake_args=None, catkin_cmake_args=None, catkin_skip_building_tests=False, verb_parser=<colcon_defaults.argument_parser.defaults.DefaultArgumentsDecorator object at 0x7fcdd2b6f8b0>, verb_extension=<colcon_core.verb.build.BuildVerb object at 0x7fcdd2b6f3a0>, main=<bound method BuildVerb.main of <colcon_core.verb.build.BuildVerb object at 0x7fcdd2b6f3a0>>)
[0.440s] Level 1:colcon.colcon_core.package_discovery:discover_packages(colcon_meta) check parameters
[0.440s] Level 1:colcon.colcon_core.package_discovery:discover_packages(recursive) check parameters
[0.440s] Level 1:colcon.colcon_core.package_discovery:discover_packages(ignore) check parameters
[0.440s] Level 1:colcon.colcon_core.package_discovery:discover_packages(path) check parameters
[0.440s] Level 1:colcon.colcon_core.package_discovery:discover_packages(colcon_meta) discover
[0.440s] Level 1:colcon.colcon_core.package_discovery:discover_packages(recursive) discover
[0.440s] INFO:colcon.colcon_core.package_discovery:Crawling recursively for packages in '/home/spark/auvROSassignment'
[0.440s] Level 1:colcon.colcon_core.package_identification:_identify(.) by extensions ['ignore', 'ignore_ament_install']
[0.440s] Level 1:colcon.colcon_core.package_identification:_identify(.) by extension 'ignore'
[0.440s] Level 1:colcon.colcon_core.package_identification:_identify(.) by extension 'ignore_ament_install'
[0.440s] Level 1:colcon.colcon_core.package_identification:_identify(.) by extensions ['colcon_pkg']
[0.440s] Level 1:colcon.colcon_core.package_identification:_identify(.) by extension 'colcon_pkg'
[0.440s] Level 1:colcon.colcon_core.package_identification:_identify(.) by extensions ['colcon_meta']
[0.440s] Level 1:colcon.colcon_core.package_identification:_identify(.) by extension 'colcon_meta'
[0.440s] Level 1:colcon.colcon_core.package_identification:_identify(.) by extensions ['ros']
[0.440s] Level 1:colcon.colcon_core.package_identification:_identify(.) by extension 'ros'
[0.448s] Level 1:colcon.colcon_core.package_identification:_identify(.) by extensions ['cmake', 'python']
[0.448s] Level 1:colcon.colcon_core.package_identification:_identify(.) by extension 'cmake'
[0.448s] Level 1:colcon.colcon_core.package_identification:_identify(.) by extension 'python'
[0.448s] Level 1:colcon.colcon_core.package_identification:_identify(.) by extensions ['python_setup_py']
[0.448s] Level 1:colcon.colcon_core.package_identification:_identify(.) by extension 'python_setup_py'
[0.448s] Level 1:colcon.colcon_core.package_identification:_identify(build) by extensions ['ignore', 'ignore_ament_install']
[0.448s] Level 1:colcon.colcon_core.package_identification:_identify(build) by extension 'ignore'
[0.448s] Level 1:colcon.colcon_core.package_identification:_identify(build) ignored
[0.448s] Level 1:colcon.colcon_core.package_identification:_identify(install) by extensions ['ignore', 'ignore_ament_install']
[0.448s] Level 1:colcon.colcon_core.package_identification:_identify(install) by extension 'ignore'
[0.448s] Level 1:colcon.colcon_core.package_identification:_identify(install) ignored
[0.448s] Level 1:colcon.colcon_core.package_identification:_identify(log) by extensions ['ignore', 'ignore_ament_install']
[0.448s] Level 1:colcon.colcon_core.package_identification:_identify(log) by extension 'ignore'
[0.448s] Level 1:colcon.colcon_core.package_identification:_identify(log) ignored
[0.448s] Level 1:colcon.colcon_core.package_identification:_identify(src) by extensions ['ignore', 'ignore_ament_install']
[0.449s] Level 1:colcon.colcon_core.package_identification:_identify(src) by extension 'ignore'
[0.449s] Level 1:colcon.colcon_core.package_identification:_identify(src) by extension 'ignore_ament_install'
[0.449s] Level 1:colcon.colcon_core.package_identification:_identify(src) by extensions ['colcon_pkg']
[0.449s] Level 1:colcon.colcon_core.package_identification:_identify(src) by extension 'colcon_pkg'
[0.449s] Level 1:colcon.colcon_core.package_identification:_identify(src) by extensions ['colcon_meta']
[0.449s] Level 1:colcon.colcon_core.package_identification:_identify(src) by extension 'colcon_meta'
[0.449s] Level 1:colcon.colcon_core.package_identification:_identify(src) by extensions ['ros']
[0.449s] Level 1:colcon.colcon_core.package_identification:_identify(src) by extension 'ros'
[0.449s] Level 1:colcon.colcon_core.package_identification:_identify(src) by extensions ['cmake', 'python']
[0.449s] Level 1:colcon.colcon_core.package_identification:_identify(src) by extension 'cmake'
[0.449s] Level 1:colcon.colcon_core.package_identification:_identify(src) by extension 'python'
[0.449s] Level 1:colcon.colcon_core.package_identification:_identify(src) by extensions ['python_setup_py']
[0.449s] Level 1:colcon.colcon_core.package_identification:_identify(src) by extension 'python_setup_py'
[0.449s] Level 1:colcon.colcon_core.package_identification:_identify(src/AUV) by extensions ['ignore', 'ignore_ament_install']
[0.449s] Level 1:colcon.colcon_core.package_identification:_identify(src/AUV) by extension 'ignore'
[0.449s] Level 1:colcon.colcon_core.package_identification:_identify(src/AUV) by extension 'ignore_ament_install'
[0.449s] Level 1:colcon.colcon_core.package_identification:_identify(src/AUV) by extensions ['colcon_pkg']
[0.449s] Level 1:colcon.colcon_core.package_identification:_identify(src/AUV) by extension 'colcon_pkg'
[0.449s] Level 1:colcon.colcon_core.package_identification:_identify(src/AUV) by extensions ['colcon_meta']
[0.449s] Level 1:colcon.colcon_core.package_identification:_identify(src/AUV) by extension 'colcon_meta'
[0.449s] Level 1:colcon.colcon_core.package_identification:_identify(src/AUV) by extensions ['ros']
[0.449s] Level 1:colcon.colcon_core.package_identification:_identify(src/AUV) by extension 'ros'
[0.451s] DEBUG:colcon.colcon_core.package_identification:Package 'src/AUV' with type 'ros.ament_python' and name 'AUV'
[0.451s] Level 1:colcon.colcon_core.package_discovery:discover_packages(recursive) using defaults
[0.451s] Level 1:colcon.colcon_core.package_discovery:discover_packages(ignore) discover
[0.451s] Level 1:colcon.colcon_core.package_discovery:discover_packages(ignore) using defaults
[0.451s] Level 1:colcon.colcon_core.package_discovery:discover_packages(path) discover
[0.451s] Level 1:colcon.colcon_core.package_discovery:discover_packages(path) using defaults
[0.472s] Level 1:colcon.colcon_core.package_discovery:discover_packages(prefix_path) check parameters
[0.472s] Level 1:colcon.colcon_core.package_discovery:discover_packages(prefix_path) discover
[0.475s] DEBUG:colcon.colcon_installed_package_information.package_discovery:Found 1 installed packages in /home/spark/auvROSassignment/install
[0.476s] DEBUG:colcon.colcon_installed_package_information.package_discovery:Found 295 installed packages in /opt/ros/humble
[0.477s] Level 1:colcon.colcon_core.package_discovery:discover_packages(prefix_path) using defaults
[0.509s] Level 5:colcon.colcon_core.verb:set package 'AUV' build argument 'cmake_args' from command line to 'None'
[0.510s] Level 5:colcon.colcon_core.verb:set package 'AUV' build argument 'cmake_target' from command line to 'None'
[0.510s] Level 5:colcon.colcon_core.verb:set package 'AUV' build argument 'cmake_target_skip_unavailable' from command line to 'False'
[0.510s] Level 5:colcon.colcon_core.verb:set package 'AUV' build argument 'cmake_clean_cache' from command line to 'False'
[0.510s] Level 5:colcon.colcon_core.verb:set package 'AUV' build argument 'cmake_clean_first' from command line to 'False'
[0.510s] Level 5:colcon.colcon_core.verb:set package 'AUV' build argument 'cmake_force_configure' from command line to 'False'
[0.510s] Level 5:colcon.colcon_core.verb:set package 'AUV' build argument 'ament_cmake_args' from command line to 'None'
[0.510s] Level 5:colcon.colcon_core.verb:set package 'AUV' build argument 'catkin_cmake_args' from command line to 'None'
[0.510s] Level 5:colcon.colcon_core.verb:set package 'AUV' build argument 'catkin_skip_building_tests' from command line to 'False'
[0.510s] DEBUG:colcon.colcon_core.verb:Building package 'AUV' with the following arguments: {'ament_cmake_args': None, 'build_base': '/home/spark/auvROSassignment/build/AUV', 'catkin_cmake_args': None, 'catkin_skip_building_tests': False, 'cmake_args': None, 'cmake_clean_cache': False, 'cmake_clean_first': False, 'cmake_force_configure': False, 'cmake_target': None, 'cmake_target_skip_unavailable': False, 'install_base': '/home/spark/auvROSassignment/install/AUV', 'merge_install': False, 'path': '/home/spark/auvROSassignment/src/AUV', 'symlink_install': False, 'test_result_base': None}
[0.510s] INFO:colcon.colcon_core.executor:Executing jobs using 'parallel' executor
[0.510s] DEBUG:colcon.colcon_parallel_executor.executor.parallel:run_until_complete
[0.511s] INFO:colcon.colcon_ros.task.ament_python.build:Building ROS package in '/home/spark/auvROSassignment/src/AUV' with build type 'ament_python'
[0.511s] Level 1:colcon.colcon_core.shell:create_environment_hook('AUV', 'ament_prefix_path')
[0.515s] INFO:colcon.colcon_core.plugin_system:Skipping extension 'colcon_core.shell.bat': Not used on non-Windows systems
[0.515s] INFO:colcon.colcon_core.shell:Creating environment hook '/home/spark/auvROSassignment/install/AUV/share/AUV/hook/ament_prefix_path.ps1'
[0.516s] INFO:colcon.colcon_core.shell:Creating environment descriptor '/home/spark/auvROSassignment/install/AUV/share/AUV/hook/ament_prefix_path.dsv'
[0.517s] INFO:colcon.colcon_core.shell:Creating environment hook '/home/spark/auvROSassignment/install/AUV/share/AUV/hook/ament_prefix_path.sh'
[0.518s] INFO:colcon.colcon_core.shell:Skip shell extension 'powershell' for command environment: Not usable outside of PowerShell
[0.518s] DEBUG:colcon.colcon_core.shell:Skip shell extension 'dsv' for command environment
[0.674s] INFO:colcon.colcon_core.task.python.build:Building Python package in '/home/spark/auvROSassignment/src/AUV'
[0.674s] INFO:colcon.colcon_core.shell:Skip shell extension 'powershell' for command environment: Not usable outside of PowerShell
[0.674s] DEBUG:colcon.colcon_core.shell:Skip shell extension 'dsv' for command environment
[0.995s] DEBUG:colcon.colcon_core.event_handler.log_command:Invoking command in '/home/spark/auvROSassignment/src/AUV': PYTHONPATH=/home/spark/auvROSassignment/build/AUV/prefix_override:/usr/lib/python3/dist-packages/colcon_core/task/python/colcon_distutils_commands:/home/spark/auvROSassignment/install/AUV/lib/python3.10/site-packages:${PYTHONPATH} /usr/bin/python3 -W ignore:setup.py install is deprecated -W ignore:easy_install command is deprecated setup.py egg_info --egg-base ../../build/AUV build --build-base /home/spark/auvROSassignment/build/AUV/build install --record /home/spark/auvROSassignment/build/AUV/install.log --single-version-externally-managed install_data
[1.183s] DEBUG:colcon.colcon_core.event_handler.log_command:Invoked command in '/home/spark/auvROSassignment/src/AUV' returned '0': PYTHONPATH=/home/spark/auvROSassignment/build/AUV/prefix_override:/usr/lib/python3/dist-packages/colcon_core/task/python/colcon_distutils_commands:/home/spark/auvROSassignment/install/AUV/lib/python3.10/site-packages:${PYTHONPATH} /usr/bin/python3 -W ignore:setup.py install is deprecated -W ignore:easy_install command is deprecated setup.py egg_info --egg-base ../../build/AUV build --build-base /home/spark/auvROSassignment/build/AUV/build install --record /home/spark/auvROSassignment/build/AUV/install.log --single-version-externally-managed install_data
[1.194s] Level 1:colcon.colcon_core.environment:checking '/home/spark/auvROSassignment/install/AUV' for CMake module files
[1.194s] Level 1:colcon.colcon_core.environment:checking '/home/spark/auvROSassignment/install/AUV' for CMake config files
[1.206s] Level 1:colcon.colcon_core.environment:checking '/home/spark/auvROSassignment/install/AUV/lib'
[1.206s] Level 1:colcon.colcon_core.environment:checking '/home/spark/auvROSassignment/install/AUV/bin'
[1.206s] Level 1:colcon.colcon_core.environment:checking '/home/spark/auvROSassignment/install/AUV/lib/pkgconfig/AUV.pc'
[1.206s] Level 1:colcon.colcon_core.environment:checking '/home/spark/auvROSassignment/install/AUV/lib/python3.10/site-packages'
[1.206s] Level 1:colcon.colcon_core.shell:create_environment_hook('AUV', 'pythonpath')
[1.206s] INFO:colcon.colcon_core.shell:Creating environment hook '/home/spark/auvROSassignment/install/AUV/share/AUV/hook/pythonpath.ps1'
[1.207s] INFO:colcon.colcon_core.shell:Creating environment descriptor '/home/spark/auvROSassignment/install/AUV/share/AUV/hook/pythonpath.dsv'
[1.207s] INFO:colcon.colcon_core.shell:Creating environment hook '/home/spark/auvROSassignment/install/AUV/share/AUV/hook/pythonpath.sh'
[1.207s] Level 1:colcon.colcon_core.environment:checking '/home/spark/auvROSassignment/install/AUV/bin'
[1.207s] Level 1:colcon.colcon_core.environment:create_environment_scripts_only(AUV)
[1.207s] INFO:colcon.colcon_core.shell:Creating package script '/home/spark/auvROSassignment/install/AUV/share/AUV/package.ps1'
[1.208s] INFO:colcon.colcon_core.shell:Creating package descriptor '/home/spark/auvROSassignment/install/AUV/share/AUV/package.dsv'
[1.209s] INFO:colcon.colcon_core.shell:Creating package script '/home/spark/auvROSassignment/install/AUV/share/AUV/package.sh'
[1.210s] INFO:colcon.colcon_core.shell:Creating package script '/home/spark/auvROSassignment/install/AUV/share/AUV/package.bash'
[1.210s] INFO:colcon.colcon_core.shell:Creating package script '/home/spark/auvROSassignment/install/AUV/share/AUV/package.zsh'
[1.211s] Level 1:colcon.colcon_core.environment:create_file_with_runtime_dependencies(/home/spark/auvROSassignment/install/AUV/share/colcon-core/packages/AUV)
[1.211s] DEBUG:colcon.colcon_parallel_executor.executor.parallel:closing loop
[1.212s] DEBUG:colcon.colcon_parallel_executor.executor.parallel:loop closed
[1.212s] DEBUG:colcon.colcon_parallel_executor.executor.parallel:run_until_complete finished with '0'
[1.212s] DEBUG:colcon.colcon_core.event_reactor:joining thread
[1.300s] INFO:colcon.colcon_core.plugin_system:Skipping extension 'colcon_notification.desktop_notification.notify_send': Could not find 'notify-send'
[1.300s] INFO:colcon.colcon_core.plugin_system:Skipping extension 'colcon_notification.desktop_notification.terminal_notifier': Not used on non-Darwin systems
[1.300s] INFO:colcon.colcon_core.plugin_system:Skipping extension 'colcon_notification.desktop_notification.win32': Not used on non-Windows systems
[1.300s] INFO:colcon.colcon_notification.desktop_notification:Sending desktop notification using 'notify2'
[1.301s] DEBUG:colcon.colcon_notification.desktop_notification.notify2:Failed to initialize notify2: org.freedesktop.DBus.Error.FileNotFound: Failed to connect to socket /run/user/1000/bus: No such file or directory
[1.301s] DEBUG:colcon.colcon_core.event_reactor:joined thread
[1.301s] INFO:colcon.colcon_core.shell:Creating prefix script '/home/spark/auvROSassignment/install/local_setup.ps1'
[1.303s] INFO:colcon.colcon_core.shell:Creating prefix util module '/home/spark/auvROSassignment/install/_local_setup_util_ps1.py'
[1.304s] INFO:colcon.colcon_core.shell:Creating prefix chain script '/home/spark/auvROSassignment/install/setup.ps1'
[1.305s] INFO:colcon.colcon_core.shell:Creating prefix script '/home/spark/auvROSassignment/install/local_setup.sh'
[1.306s] INFO:colcon.colcon_core.shell:Creating prefix util module '/home/spark/auvROSassignment/install/_local_setup_util_sh.py'
[1.306s] INFO:colcon.colcon_core.shell:Creating prefix chain script '/home/spark/auvROSassignment/install/setup.sh'
[1.307s] INFO:colcon.colcon_core.shell:Creating prefix script '/home/spark/auvROSassignment/install/local_setup.bash'
[1.307s] INFO:colcon.colcon_core.shell:Creating prefix chain script '/home/spark/auvROSassignment/install/setup.bash'
[1.308s] INFO:colcon.colcon_core.shell:Creating prefix script '/home/spark/auvROSassignment/install/local_setup.zsh'
[1.309s] INFO:colcon.colcon_core.shell:Creating prefix chain script '/home/spark/auvROSassignment/install/setup.zsh'
