[0.314s] Invoking command in '/home/ubuntu/Desktop/ros_ass/src/py_pubsub': PYTHONPATH=/home/ubuntu/Desktop/ros_ass/build/py_pubsub/prefix_override:/usr/lib/python3/dist-packages/colcon_core/task/python/colcon_distutils_commands:/home/ubuntu/Desktop/ros_ass/install/py_pubsub/lib/python3.10/site-packages:${PYTHONPATH} /usr/bin/python3 -W ignore:setup.py install is deprecated -W ignore:easy_install command is deprecated setup.py egg_info --egg-base ../../build/py_pubsub build --build-base /home/ubuntu/Desktop/ros_ass/build/py_pubsub/build install --record /home/ubuntu/Desktop/ros_ass/build/py_pubsub/install.log --single-version-externally-managed install_data
[0.397s] running egg_info
[0.398s] creating ../../build/py_pubsub/py_pubsub.egg-info
[0.398s] writing ../../build/py_pubsub/py_pubsub.egg-info/PKG-INFO
[0.398s] writing dependency_links to ../../build/py_pubsub/py_pubsub.egg-info/dependency_links.txt
[0.398s] writing entry points to ../../build/py_pubsub/py_pubsub.egg-info/entry_points.txt
[0.398s] writing requirements to ../../build/py_pubsub/py_pubsub.egg-info/requires.txt
[0.398s] writing top-level names to ../../build/py_pubsub/py_pubsub.egg-info/top_level.txt
[0.398s] writing manifest file '../../build/py_pubsub/py_pubsub.egg-info/SOURCES.txt'
[0.399s] reading manifest file '../../build/py_pubsub/py_pubsub.egg-info/SOURCES.txt'
[0.399s] writing manifest file '../../build/py_pubsub/py_pubsub.egg-info/SOURCES.txt'
[0.399s] running build
[0.399s] running build_py
[0.399s] creating /home/ubuntu/Desktop/ros_ass/build/py_pubsub/build
[0.399s] creating /home/ubuntu/Desktop/ros_ass/build/py_pubsub/build/lib
[0.399s] creating /home/ubuntu/Desktop/ros_ass/build/py_pubsub/build/lib/py_pubsub
[0.399s] copying py_pubsub/sub.py -> /home/ubuntu/Desktop/ros_ass/build/py_pubsub/build/lib/py_pubsub
[0.399s] copying py_pubsub/pub.py -> /home/ubuntu/Desktop/ros_ass/build/py_pubsub/build/lib/py_pubsub
[0.399s] copying py_pubsub/__init__.py -> /home/ubuntu/Desktop/ros_ass/build/py_pubsub/build/lib/py_pubsub
[0.399s] running install
[0.399s] running install_lib
[0.400s] creating /home/ubuntu/Desktop/ros_ass/install/py_pubsub/lib/python3.10/site-packages/py_pubsub
[0.400s] copying /home/ubuntu/Desktop/ros_ass/build/py_pubsub/build/lib/py_pubsub/sub.py -> /home/ubuntu/Desktop/ros_ass/install/py_pubsub/lib/python3.10/site-packages/py_pubsub
[0.400s] copying /home/ubuntu/Desktop/ros_ass/build/py_pubsub/build/lib/py_pubsub/pub.py -> /home/ubuntu/Desktop/ros_ass/install/py_pubsub/lib/python3.10/site-packages/py_pubsub
[0.400s] copying /home/ubuntu/Desktop/ros_ass/build/py_pubsub/build/lib/py_pubsub/__init__.py -> /home/ubuntu/Desktop/ros_ass/install/py_pubsub/lib/python3.10/site-packages/py_pubsub
[0.400s] byte-compiling /home/ubuntu/Desktop/ros_ass/install/py_pubsub/lib/python3.10/site-packages/py_pubsub/sub.py to sub.cpython-310.pyc
[0.400s] byte-compiling /home/ubuntu/Desktop/ros_ass/install/py_pubsub/lib/python3.10/site-packages/py_pubsub/pub.py to pub.cpython-310.pyc
[0.401s] byte-compiling /home/ubuntu/Desktop/ros_ass/install/py_pubsub/lib/python3.10/site-packages/py_pubsub/__init__.py to __init__.cpython-310.pyc
[0.401s] running install_data
[0.401s] creating /home/ubuntu/Desktop/ros_ass/install/py_pubsub/share/ament_index
[0.401s] creating /home/ubuntu/Desktop/ros_ass/install/py_pubsub/share/ament_index/resource_index
[0.401s] creating /home/ubuntu/Desktop/ros_ass/install/py_pubsub/share/ament_index/resource_index/packages
[0.401s] copying resource/py_pubsub -> /home/ubuntu/Desktop/ros_ass/install/py_pubsub/share/ament_index/resource_index/packages
[0.401s] copying package.xml -> /home/ubuntu/Desktop/ros_ass/install/py_pubsub/share/py_pubsub
[0.401s] running install_egg_info
[0.401s] Copying ../../build/py_pubsub/py_pubsub.egg-info to /home/ubuntu/Desktop/ros_ass/install/py_pubsub/lib/python3.10/site-packages/py_pubsub-0.0.0-py3.10.egg-info
[0.402s] running install_scripts
[0.410s] Installing listener script to /home/ubuntu/Desktop/ros_ass/install/py_pubsub/lib/py_pubsub
[0.411s] Installing talker script to /home/ubuntu/Desktop/ros_ass/install/py_pubsub/lib/py_pubsub
[0.411s] writing list of installed files to '/home/ubuntu/Desktop/ros_ass/build/py_pubsub/install.log'
[0.422s] Invoked command in '/home/ubuntu/Desktop/ros_ass/src/py_pubsub' returned '0': PYTHONPATH=/home/ubuntu/Desktop/ros_ass/build/py_pubsub/prefix_override:/usr/lib/python3/dist-packages/colcon_core/task/python/colcon_distutils_commands:/home/ubuntu/Desktop/ros_ass/install/py_pubsub/lib/python3.10/site-packages:${PYTHONPATH} /usr/bin/python3 -W ignore:setup.py install is deprecated -W ignore:easy_install command is deprecated setup.py egg_info --egg-base ../../build/py_pubsub build --build-base /home/ubuntu/Desktop/ros_ass/build/py_pubsub/build install --record /home/ubuntu/Desktop/ros_ass/build/py_pubsub/install.log --single-version-externally-managed install_data
