[0.616s] Invoking command in '/home/spark/auvROSassignment/src/AUV': PYTHONPATH=/home/spark/auvROSassignment/build/AUV/prefix_override:/usr/lib/python3/dist-packages/colcon_core/task/python/colcon_distutils_commands:/home/spark/auvROSassignment/install/AUV/lib/python3.10/site-packages:${PYTHONPATH} /usr/bin/python3 -W ignore:setup.py install is deprecated -W ignore:easy_install command is deprecated setup.py egg_info --egg-base ../../build/AUV build --build-base /home/spark/auvROSassignment/build/AUV/build install --record /home/spark/auvROSassignment/build/AUV/install.log --single-version-externally-managed install_data
[0.759s] running egg_info
[0.759s] creating ../../build/AUV/AUV.egg-info
[0.762s] writing ../../build/AUV/AUV.egg-info/PKG-INFO
[0.762s] writing dependency_links to ../../build/AUV/AUV.egg-info/dependency_links.txt
[0.762s] writing entry points to ../../build/AUV/AUV.egg-info/entry_points.txt
[0.762s] writing requirements to ../../build/AUV/AUV.egg-info/requires.txt
[0.762s] writing top-level names to ../../build/AUV/AUV.egg-info/top_level.txt
[0.762s] writing manifest file '../../build/AUV/AUV.egg-info/SOURCES.txt'
[0.763s] reading manifest file '../../build/AUV/AUV.egg-info/SOURCES.txt'
[0.764s] adding license file 'LICENSE'
[0.764s] writing manifest file '../../build/AUV/AUV.egg-info/SOURCES.txt'
[0.764s] running build
[0.764s] running build_py
[0.764s] creating /home/spark/auvROSassignment/build/AUV/build
[0.765s] creating /home/spark/auvROSassignment/build/AUV/build/lib
[0.765s] creating /home/spark/auvROSassignment/build/AUV/build/lib/AUV
[0.766s] copying AUV/publisher.py -> /home/spark/auvROSassignment/build/AUV/build/lib/AUV
[0.766s] copying AUV/subscriber.py -> /home/spark/auvROSassignment/build/AUV/build/lib/AUV
[0.766s] copying AUV/__init__.py -> /home/spark/auvROSassignment/build/AUV/build/lib/AUV
[0.766s] running install
[0.767s] running install_lib
[0.767s] creating /home/spark/auvROSassignment/install/AUV/lib/python3.10/site-packages/AUV
[0.767s] copying /home/spark/auvROSassignment/build/AUV/build/lib/AUV/publisher.py -> /home/spark/auvROSassignment/install/AUV/lib/python3.10/site-packages/AUV
[0.767s] copying /home/spark/auvROSassignment/build/AUV/build/lib/AUV/subscriber.py -> /home/spark/auvROSassignment/install/AUV/lib/python3.10/site-packages/AUV
[0.767s] copying /home/spark/auvROSassignment/build/AUV/build/lib/AUV/__init__.py -> /home/spark/auvROSassignment/install/AUV/lib/python3.10/site-packages/AUV
[0.768s] byte-compiling /home/spark/auvROSassignment/install/AUV/lib/python3.10/site-packages/AUV/publisher.py to publisher.cpython-310.pyc
[0.768s] byte-compiling /home/spark/auvROSassignment/install/AUV/lib/python3.10/site-packages/AUV/subscriber.py to subscriber.cpython-310.pyc
[0.768s] byte-compiling /home/spark/auvROSassignment/install/AUV/lib/python3.10/site-packages/AUV/__init__.py to __init__.cpython-310.pyc
[0.769s] running install_data
[0.769s] creating /home/spark/auvROSassignment/install/AUV/share/ament_index
[0.769s] creating /home/spark/auvROSassignment/install/AUV/share/ament_index/resource_index
[0.769s] creating /home/spark/auvROSassignment/install/AUV/share/ament_index/resource_index/packages
[0.771s] copying resource/AUV -> /home/spark/auvROSassignment/install/AUV/share/ament_index/resource_index/packages
[0.771s] copying package.xml -> /home/spark/auvROSassignment/install/AUV/share/AUV
[0.771s] creating /home/spark/auvROSassignment/install/AUV/share/AUV/launch
[0.771s] copying launch/pubsublaunch.py -> /home/spark/auvROSassignment/install/AUV/share/AUV/launch
[0.771s] running install_egg_info
[0.772s] Copying ../../build/AUV/AUV.egg-info to /home/spark/auvROSassignment/install/AUV/lib/python3.10/site-packages/AUV-0.0.0-py3.10.egg-info
[0.772s] running install_scripts
[0.787s] Installing publisher script to /home/spark/auvROSassignment/install/AUV/lib/AUV
[0.787s] Installing subscriber script to /home/spark/auvROSassignment/install/AUV/lib/AUV
[0.787s] writing list of installed files to '/home/spark/auvROSassignment/build/AUV/install.log'
[0.803s] Invoked command in '/home/spark/auvROSassignment/src/AUV' returned '0': PYTHONPATH=/home/spark/auvROSassignment/build/AUV/prefix_override:/usr/lib/python3/dist-packages/colcon_core/task/python/colcon_distutils_commands:/home/spark/auvROSassignment/install/AUV/lib/python3.10/site-packages:${PYTHONPATH} /usr/bin/python3 -W ignore:setup.py install is deprecated -W ignore:easy_install command is deprecated setup.py egg_info --egg-base ../../build/AUV build --build-base /home/spark/auvROSassignment/build/AUV/build install --record /home/spark/auvROSassignment/build/AUV/install.log --single-version-externally-managed install_data
