[0.438s] Invoking command in '/home/devdas/ros2_ws/build/my_pubsub_new': PYTHONPATH=/home/devdas/ros2_ws/build/my_pubsub_new/prefix_override:/usr/lib/python3/dist-packages/colcon_core/task/python/colcon_distutils_commands:/home/devdas/ros2_ws/install/my_pubsub_new/lib/python3.10/site-packages:${PYTHONPATH} /usr/bin/python3 -W ignore:setup.py install is deprecated -W ignore:easy_install command is deprecated setup.py develop --editable --build-directory /home/devdas/ros2_ws/build/my_pubsub_new/build --no-deps symlink_data
[0.649s] running develop
[0.748s] running egg_info
[0.748s] writing my_pubsub_new.egg-info/PKG-INFO
[0.749s] writing dependency_links to my_pubsub_new.egg-info/dependency_links.txt
[0.749s] writing entry points to my_pubsub_new.egg-info/entry_points.txt
[0.749s] writing requirements to my_pubsub_new.egg-info/requires.txt
[0.750s] writing top-level names to my_pubsub_new.egg-info/top_level.txt
[0.752s] reading manifest file 'my_pubsub_new.egg-info/SOURCES.txt'
[0.752s] writing manifest file 'my_pubsub_new.egg-info/SOURCES.txt'
[0.753s] running build_ext
[0.753s] Creating /home/devdas/ros2_ws/install/my_pubsub_new/lib/python3.10/site-packages/my-pubsub-new.egg-link (link to .)
[0.754s] Installing listener script to /home/devdas/ros2_ws/install/my_pubsub_new/lib/my_pubsub_new
[0.754s] Installing talker script to /home/devdas/ros2_ws/install/my_pubsub_new/lib/my_pubsub_new
[0.754s] 
[0.754s] Installed /home/devdas/ros2_ws/build/my_pubsub_new
[0.754s] running symlink_data
[0.754s] creating /home/devdas/ros2_ws/install/my_pubsub_new/share/my_pubsub_new/launch
[0.754s] symbolically linking /home/devdas/ros2_ws/build/my_pubsub_new/launch/talk_listen_launch.py -> /home/devdas/ros2_ws/install/my_pubsub_new/share/my_pubsub_new/launch
[0.778s] Invoked command in '/home/devdas/ros2_ws/build/my_pubsub_new' returned '0': PYTHONPATH=/home/devdas/ros2_ws/build/my_pubsub_new/prefix_override:/usr/lib/python3/dist-packages/colcon_core/task/python/colcon_distutils_commands:/home/devdas/ros2_ws/install/my_pubsub_new/lib/python3.10/site-packages:${PYTHONPATH} /usr/bin/python3 -W ignore:setup.py install is deprecated -W ignore:easy_install command is deprecated setup.py develop --editable --build-directory /home/devdas/ros2_ws/build/my_pubsub_new/build --no-deps symlink_data
