[0.191s] DEBUG:colcon:Command line arguments: ['/usr/bin/colcon', 'build']
[0.192s] DEBUG:colcon:Parsed command line arguments: Namespace(log_base=None, log_level=None, verb_name='build', build_base='build', install_base='install', merge_install=False, symlink_install=False, test_result_base=None, continue_on_error=False, executor='parallel', parallel_workers=16, event_handlers=None, ignore_user_meta=False, metas=['./colcon.meta'], base_paths=['.'], packages_ignore=None, packages_ignore_regex=None, paths=None, packages_up_to=None, packages_up_to_regex=None, packages_above=None, packages_above_and_dependencies=None, packages_above_depth=None, packages_select_by_dep=None, packages_skip_by_dep=None, packages_skip_up_to=None, packages_select_build_failed=False, packages_skip_build_finished=False, packages_select_test_failures=False, packages_skip_test_passed=False, packages_select=None, packages_skip=None, packages_select_regex=None, packages_skip_regex=None, packages_start=None, packages_end=None, allow_overriding=[], cmake_args=None, cmake_target=None, cmake_target_skip_unavailable=False, cmake_clean_cache=False, cmake_clean_first=False, cmake_force_configure=False, ament_cmake_args=None, catkin_cmake_args=None, catkin_skip_building_tests=False, mixin_files=None, mixin=None, verb_parser=<colcon_mixin.mixin.mixin_argument.MixinArgumentDecorator object at 0x713881ec8ad0>, verb_extension=<colcon_core.verb.build.BuildVerb object at 0x713881ec8830>, main=<bound method BuildVerb.main of <colcon_core.verb.build.BuildVerb object at 0x713881ec8830>>, mixin_verb=('build',))
[0.263s] Level 1:colcon.colcon_core.package_discovery:discover_packages(colcon_meta) check parameters
[0.263s] Level 1:colcon.colcon_core.package_discovery:discover_packages(recursive) check parameters
[0.263s] Level 1:colcon.colcon_core.package_discovery:discover_packages(ignore) check parameters
[0.263s] Level 1:colcon.colcon_core.package_discovery:discover_packages(path) check parameters
[0.263s] Level 1:colcon.colcon_core.package_discovery:discover_packages(colcon_meta) discover
[0.263s] Level 1:colcon.colcon_core.package_discovery:discover_packages(recursive) discover
[0.263s] INFO:colcon.colcon_core.package_discovery:Crawling recursively for packages in '/home/sreeja/aaa stuff/ros_new'
[0.264s] Level 1:colcon.colcon_core.package_identification:_identify(.) by extensions ['ignore', 'ignore_ament_install']
[0.264s] Level 1:colcon.colcon_core.package_identification:_identify(.) by extension 'ignore'
[0.264s] Level 1:colcon.colcon_core.package_identification:_identify(.) by extension 'ignore_ament_install'
[0.264s] Level 1:colcon.colcon_core.package_identification:_identify(.) by extensions ['colcon_pkg']
[0.264s] Level 1:colcon.colcon_core.package_identification:_identify(.) by extension 'colcon_pkg'
[0.264s] Level 1:colcon.colcon_core.package_identification:_identify(.) by extensions ['colcon_meta']
[0.264s] Level 1:colcon.colcon_core.package_identification:_identify(.) by extension 'colcon_meta'
[0.264s] Level 1:colcon.colcon_core.package_identification:_identify(.) by extensions ['ros']
[0.264s] Level 1:colcon.colcon_core.package_identification:_identify(.) by extension 'ros'
[0.306s] Level 1:colcon.colcon_core.package_identification:_identify(.) by extensions ['cmake', 'python']
[0.306s] Level 1:colcon.colcon_core.package_identification:_identify(.) by extension 'cmake'
[0.306s] Level 1:colcon.colcon_core.package_identification:_identify(.) by extension 'python'
[0.306s] Level 1:colcon.colcon_core.package_identification:_identify(.) by extensions ['python_setup_py']
[0.306s] Level 1:colcon.colcon_core.package_identification:_identify(.) by extension 'python_setup_py'
[0.306s] Level 1:colcon.colcon_core.package_identification:_identify(build) by extensions ['ignore', 'ignore_ament_install']
[0.307s] Level 1:colcon.colcon_core.package_identification:_identify(build) by extension 'ignore'
[0.307s] Level 1:colcon.colcon_core.package_identification:_identify(build) ignored
[0.307s] Level 1:colcon.colcon_core.package_identification:_identify(install) by extensions ['ignore', 'ignore_ament_install']
[0.307s] Level 1:colcon.colcon_core.package_identification:_identify(install) by extension 'ignore'
[0.307s] Level 1:colcon.colcon_core.package_identification:_identify(install) ignored
[0.307s] Level 1:colcon.colcon_core.package_identification:_identify(log) by extensions ['ignore', 'ignore_ament_install']
[0.307s] Level 1:colcon.colcon_core.package_identification:_identify(log) by extension 'ignore'
[0.308s] Level 1:colcon.colcon_core.package_identification:_identify(log) ignored
[0.308s] Level 1:colcon.colcon_core.package_identification:_identify(src) by extensions ['ignore', 'ignore_ament_install']
[0.308s] Level 1:colcon.colcon_core.package_identification:_identify(src) by extension 'ignore'
[0.308s] Level 1:colcon.colcon_core.package_identification:_identify(src) by extension 'ignore_ament_install'
[0.308s] Level 1:colcon.colcon_core.package_identification:_identify(src) by extensions ['colcon_pkg']
[0.308s] Level 1:colcon.colcon_core.package_identification:_identify(src) by extension 'colcon_pkg'
[0.308s] Level 1:colcon.colcon_core.package_identification:_identify(src) by extensions ['colcon_meta']
[0.308s] Level 1:colcon.colcon_core.package_identification:_identify(src) by extension 'colcon_meta'
[0.308s] Level 1:colcon.colcon_core.package_identification:_identify(src) by extensions ['ros']
[0.308s] Level 1:colcon.colcon_core.package_identification:_identify(src) by extension 'ros'
[0.308s] Level 1:colcon.colcon_core.package_identification:_identify(src) by extensions ['cmake', 'python']
[0.309s] Level 1:colcon.colcon_core.package_identification:_identify(src) by extension 'cmake'
[0.309s] Level 1:colcon.colcon_core.package_identification:_identify(src) by extension 'python'
[0.309s] Level 1:colcon.colcon_core.package_identification:_identify(src) by extensions ['python_setup_py']
[0.309s] Level 1:colcon.colcon_core.package_identification:_identify(src) by extension 'python_setup_py'
[0.309s] Level 1:colcon.colcon_core.package_identification:_identify(src/py_pubsub) by extensions ['ignore', 'ignore_ament_install']
[0.309s] Level 1:colcon.colcon_core.package_identification:_identify(src/py_pubsub) by extension 'ignore'
[0.309s] Level 1:colcon.colcon_core.package_identification:_identify(src/py_pubsub) by extension 'ignore_ament_install'
[0.309s] Level 1:colcon.colcon_core.package_identification:_identify(src/py_pubsub) by extensions ['colcon_pkg']
[0.309s] Level 1:colcon.colcon_core.package_identification:_identify(src/py_pubsub) by extension 'colcon_pkg'
[0.309s] Level 1:colcon.colcon_core.package_identification:_identify(src/py_pubsub) by extensions ['colcon_meta']
[0.309s] Level 1:colcon.colcon_core.package_identification:_identify(src/py_pubsub) by extension 'colcon_meta'
[0.310s] Level 1:colcon.colcon_core.package_identification:_identify(src/py_pubsub) by extensions ['ros']
[0.310s] Level 1:colcon.colcon_core.package_identification:_identify(src/py_pubsub) by extension 'ros'
[0.314s] DEBUG:colcon.colcon_core.package_identification:Package 'src/py_pubsub' with type 'ros.ament_python' and name 'py_pubsub'
[0.314s] Level 1:colcon.colcon_core.package_discovery:discover_packages(recursive) using defaults
[0.314s] Level 1:colcon.colcon_core.package_discovery:discover_packages(ignore) discover
[0.314s] Level 1:colcon.colcon_core.package_discovery:discover_packages(ignore) using defaults
[0.314s] Level 1:colcon.colcon_core.package_discovery:discover_packages(path) discover
[0.314s] Level 1:colcon.colcon_core.package_discovery:discover_packages(path) using defaults
[0.343s] Level 1:colcon.colcon_core.package_discovery:discover_packages(prefix_path) check parameters
[0.343s] Level 1:colcon.colcon_core.package_discovery:discover_packages(prefix_path) discover
[0.346s] DEBUG:colcon.colcon_installed_package_information.package_discovery:Found 1 installed packages in /home/sreeja/aaa stuff/ros_new/install
[0.347s] DEBUG:colcon.colcon_installed_package_information.package_discovery:Found 3 installed packages in /home/sreeja/aaa stuff/ros/install
[0.350s] DEBUG:colcon.colcon_installed_package_information.package_discovery:Found 318 installed packages in /opt/ros/jazzy
[0.352s] Level 1:colcon.colcon_core.package_discovery:discover_packages(prefix_path) using defaults
[0.426s] Level 5:colcon.colcon_core.verb:set package 'py_pubsub' build argument 'cmake_args' from command line to 'None'
[0.426s] Level 5:colcon.colcon_core.verb:set package 'py_pubsub' build argument 'cmake_target' from command line to 'None'
[0.426s] Level 5:colcon.colcon_core.verb:set package 'py_pubsub' build argument 'cmake_target_skip_unavailable' from command line to 'False'
[0.426s] Level 5:colcon.colcon_core.verb:set package 'py_pubsub' build argument 'cmake_clean_cache' from command line to 'False'
[0.426s] Level 5:colcon.colcon_core.verb:set package 'py_pubsub' build argument 'cmake_clean_first' from command line to 'False'
[0.426s] Level 5:colcon.colcon_core.verb:set package 'py_pubsub' build argument 'cmake_force_configure' from command line to 'False'
[0.426s] Level 5:colcon.colcon_core.verb:set package 'py_pubsub' build argument 'ament_cmake_args' from command line to 'None'
[0.426s] Level 5:colcon.colcon_core.verb:set package 'py_pubsub' build argument 'catkin_cmake_args' from command line to 'None'
[0.426s] Level 5:colcon.colcon_core.verb:set package 'py_pubsub' build argument 'catkin_skip_building_tests' from command line to 'False'
[0.426s] DEBUG:colcon.colcon_core.verb:Building package 'py_pubsub' with the following arguments: {'ament_cmake_args': None, 'build_base': '/home/sreeja/aaa stuff/ros_new/build/py_pubsub', 'catkin_cmake_args': None, 'catkin_skip_building_tests': False, 'cmake_args': None, 'cmake_clean_cache': False, 'cmake_clean_first': False, 'cmake_force_configure': False, 'cmake_target': None, 'cmake_target_skip_unavailable': False, 'install_base': '/home/sreeja/aaa stuff/ros_new/install/py_pubsub', 'merge_install': False, 'path': '/home/sreeja/aaa stuff/ros_new/src/py_pubsub', 'symlink_install': False, 'test_result_base': None}
[0.427s] INFO:colcon.colcon_core.executor:Executing jobs using 'parallel' executor
[0.429s] DEBUG:colcon.colcon_parallel_executor.executor.parallel:run_until_complete
[0.429s] INFO:colcon.colcon_ros.task.ament_python.build:Building ROS package in '/home/sreeja/aaa stuff/ros_new/src/py_pubsub' with build type 'ament_python'
[0.429s] Level 1:colcon.colcon_core.shell:create_environment_hook('py_pubsub', 'ament_prefix_path')
[0.432s] INFO:colcon.colcon_core.plugin_system:Skipping extension 'colcon_core.shell.bat': Not used on non-Windows systems
[0.433s] INFO:colcon.colcon_core.shell:Creating environment hook '/home/sreeja/aaa stuff/ros_new/install/py_pubsub/share/py_pubsub/hook/ament_prefix_path.ps1'
[0.434s] INFO:colcon.colcon_core.shell:Creating environment descriptor '/home/sreeja/aaa stuff/ros_new/install/py_pubsub/share/py_pubsub/hook/ament_prefix_path.dsv'
[0.434s] INFO:colcon.colcon_core.shell:Creating environment hook '/home/sreeja/aaa stuff/ros_new/install/py_pubsub/share/py_pubsub/hook/ament_prefix_path.sh'
[0.435s] INFO:colcon.colcon_core.shell:Skip shell extension 'powershell' for command environment: Not usable outside of PowerShell
[0.436s] DEBUG:colcon.colcon_core.shell:Skip shell extension 'dsv' for command environment
[0.839s] INFO:colcon.colcon_core.task.python.build:Building Python package in '/home/sreeja/aaa stuff/ros_new/src/py_pubsub'
[0.840s] INFO:colcon.colcon_core.shell:Skip shell extension 'powershell' for command environment: Not usable outside of PowerShell
[0.840s] DEBUG:colcon.colcon_core.shell:Skip shell extension 'dsv' for command environment
[1.960s] DEBUG:colcon.colcon_core.event_handler.log_command:Invoking command in '/home/sreeja/aaa stuff/ros_new/src/py_pubsub': DEBUGINFOD_URLS=https://debuginfod.ubuntu.com PYTHONPATH=/home/sreeja/aaa stuff/ros_new/build/py_pubsub/prefix_override:/usr/lib/python3/dist-packages/colcon_core/task/python/colcon_distutils_commands:/home/sreeja/aaa stuff/ros_new/install/py_pubsub/lib/python3.12/site-packages:${PYTHONPATH} /usr/bin/python3 -W ignore:setup.py install is deprecated -W ignore:easy_install command is deprecated setup.py egg_info --egg-base ../../build/py_pubsub build --build-base /home/sreeja/aaa stuff/ros_new/build/py_pubsub/build install --record /home/sreeja/aaa stuff/ros_new/build/py_pubsub/install.log --single-version-externally-managed install_data
[2.988s] DEBUG:colcon.colcon_core.event_handler.log_command:Invoked command in '/home/sreeja/aaa stuff/ros_new/src/py_pubsub' returned '0': DEBUGINFOD_URLS=https://debuginfod.ubuntu.com PYTHONPATH=/home/sreeja/aaa stuff/ros_new/build/py_pubsub/prefix_override:/usr/lib/python3/dist-packages/colcon_core/task/python/colcon_distutils_commands:/home/sreeja/aaa stuff/ros_new/install/py_pubsub/lib/python3.12/site-packages:${PYTHONPATH} /usr/bin/python3 -W ignore:setup.py install is deprecated -W ignore:easy_install command is deprecated setup.py egg_info --egg-base ../../build/py_pubsub build --build-base /home/sreeja/aaa stuff/ros_new/build/py_pubsub/build install --record /home/sreeja/aaa stuff/ros_new/build/py_pubsub/install.log --single-version-externally-managed install_data
[2.991s] Level 1:colcon.colcon_core.environment:checking '/home/sreeja/aaa stuff/ros_new/install/py_pubsub' for CMake module files
[2.992s] Level 1:colcon.colcon_core.environment:checking '/home/sreeja/aaa stuff/ros_new/install/py_pubsub' for CMake config files
[2.993s] Level 1:colcon.colcon_core.environment:checking '/home/sreeja/aaa stuff/ros_new/install/py_pubsub/lib'
[2.993s] Level 1:colcon.colcon_core.environment:checking '/home/sreeja/aaa stuff/ros_new/install/py_pubsub/bin'
[2.994s] Level 1:colcon.colcon_core.environment:checking '/home/sreeja/aaa stuff/ros_new/install/py_pubsub/lib/pkgconfig/py_pubsub.pc'
[2.994s] Level 1:colcon.colcon_core.environment:checking '/home/sreeja/aaa stuff/ros_new/install/py_pubsub/lib/python3.12/site-packages'
[2.994s] Level 1:colcon.colcon_core.shell:create_environment_hook('py_pubsub', 'pythonpath')
[2.994s] INFO:colcon.colcon_core.shell:Creating environment hook '/home/sreeja/aaa stuff/ros_new/install/py_pubsub/share/py_pubsub/hook/pythonpath.ps1'
[2.995s] INFO:colcon.colcon_core.shell:Creating environment descriptor '/home/sreeja/aaa stuff/ros_new/install/py_pubsub/share/py_pubsub/hook/pythonpath.dsv'
[2.996s] INFO:colcon.colcon_core.shell:Creating environment hook '/home/sreeja/aaa stuff/ros_new/install/py_pubsub/share/py_pubsub/hook/pythonpath.sh'
[2.996s] Level 1:colcon.colcon_core.environment:checking '/home/sreeja/aaa stuff/ros_new/install/py_pubsub/bin'
[2.996s] Level 1:colcon.colcon_core.environment:create_environment_scripts_only(py_pubsub)
[2.997s] INFO:colcon.colcon_core.shell:Creating package script '/home/sreeja/aaa stuff/ros_new/install/py_pubsub/share/py_pubsub/package.ps1'
[2.998s] INFO:colcon.colcon_core.shell:Creating package descriptor '/home/sreeja/aaa stuff/ros_new/install/py_pubsub/share/py_pubsub/package.dsv'
[2.999s] INFO:colcon.colcon_core.shell:Creating package script '/home/sreeja/aaa stuff/ros_new/install/py_pubsub/share/py_pubsub/package.sh'
[3.000s] INFO:colcon.colcon_core.shell:Creating package script '/home/sreeja/aaa stuff/ros_new/install/py_pubsub/share/py_pubsub/package.bash'
[3.001s] INFO:colcon.colcon_core.shell:Creating package script '/home/sreeja/aaa stuff/ros_new/install/py_pubsub/share/py_pubsub/package.zsh'
[3.001s] Level 1:colcon.colcon_core.environment:create_file_with_runtime_dependencies(/home/sreeja/aaa stuff/ros_new/install/py_pubsub/share/colcon-core/packages/py_pubsub)
[3.002s] DEBUG:colcon.colcon_parallel_executor.executor.parallel:closing loop
[3.002s] DEBUG:colcon.colcon_parallel_executor.executor.parallel:loop closed
[3.002s] DEBUG:colcon.colcon_parallel_executor.executor.parallel:run_until_complete finished with '0'
[3.002s] DEBUG:colcon.colcon_core.event_reactor:joining thread
[3.011s] INFO:colcon.colcon_core.plugin_system:Skipping extension 'colcon_notification.desktop_notification.terminal_notifier': Not used on non-Darwin systems
[3.011s] INFO:colcon.colcon_core.plugin_system:Skipping extension 'colcon_notification.desktop_notification.win32': Not used on non-Windows systems
[3.012s] INFO:colcon.colcon_notification.desktop_notification:Sending desktop notification using 'notify2'
[3.034s] DEBUG:colcon.colcon_core.event_reactor:joined thread
[3.035s] INFO:colcon.colcon_core.shell:Creating prefix script '/home/sreeja/aaa stuff/ros_new/install/local_setup.ps1'
[3.036s] INFO:colcon.colcon_core.shell:Creating prefix util module '/home/sreeja/aaa stuff/ros_new/install/_local_setup_util_ps1.py'
[3.038s] INFO:colcon.colcon_core.shell:Creating prefix chain script '/home/sreeja/aaa stuff/ros_new/install/setup.ps1'
[3.039s] INFO:colcon.colcon_core.shell:Creating prefix script '/home/sreeja/aaa stuff/ros_new/install/local_setup.sh'
[3.040s] INFO:colcon.colcon_core.shell:Creating prefix util module '/home/sreeja/aaa stuff/ros_new/install/_local_setup_util_sh.py'
[3.041s] INFO:colcon.colcon_core.shell:Creating prefix chain script '/home/sreeja/aaa stuff/ros_new/install/setup.sh'
[3.042s] INFO:colcon.colcon_core.shell:Creating prefix script '/home/sreeja/aaa stuff/ros_new/install/local_setup.bash'
[3.043s] INFO:colcon.colcon_core.shell:Creating prefix chain script '/home/sreeja/aaa stuff/ros_new/install/setup.bash'
[3.044s] INFO:colcon.colcon_core.shell:Creating prefix script '/home/sreeja/aaa stuff/ros_new/install/local_setup.zsh'
[3.045s] INFO:colcon.colcon_core.shell:Creating prefix chain script '/home/sreeja/aaa stuff/ros_new/install/setup.zsh'
