[0.950s] Invoking command in '/home/itspriiyanshu/Ros_assign/src/my_package': PYTHONPATH=/home/itspriiyanshu/Ros_assign/build/my_package/prefix_override:/usr/lib/python3/dist-packages/colcon_core/task/python/colcon_distutils_commands:/home/itspriiyanshu/Ros_assign/install/my_package/lib/python3.10/site-packages:${PYTHONPATH} /usr/bin/python3 -W ignore:setup.py install is deprecated -W ignore:easy_install command is deprecated setup.py egg_info --egg-base ../../build/my_package build --build-base /home/itspriiyanshu/Ros_assign/build/my_package/build install --record /home/itspriiyanshu/Ros_assign/build/my_package/install.log --single-version-externally-managed install_data
[1.155s] running egg_info
[1.156s] creating ../../build/my_package/my_package.egg-info
[1.156s] writing ../../build/my_package/my_package.egg-info/PKG-INFO
[1.156s] writing dependency_links to ../../build/my_package/my_package.egg-info/dependency_links.txt
[1.157s] writing entry points to ../../build/my_package/my_package.egg-info/entry_points.txt
[1.157s] writing requirements to ../../build/my_package/my_package.egg-info/requires.txt
[1.157s] writing top-level names to ../../build/my_package/my_package.egg-info/top_level.txt
[1.157s] writing manifest file '../../build/my_package/my_package.egg-info/SOURCES.txt'
[1.159s] reading manifest file '../../build/my_package/my_package.egg-info/SOURCES.txt'
[1.159s] writing manifest file '../../build/my_package/my_package.egg-info/SOURCES.txt'
[1.162s] running build
[1.162s] running build_py
[1.162s] creating /home/itspriiyanshu/Ros_assign/build/my_package/build
[1.163s] creating /home/itspriiyanshu/Ros_assign/build/my_package/build/lib
[1.163s] creating /home/itspriiyanshu/Ros_assign/build/my_package/build/lib/my_package
[1.163s] copying my_package/subscriber_node.py -> /home/itspriiyanshu/Ros_assign/build/my_package/build/lib/my_package
[1.163s] copying my_package/runner_node.py -> /home/itspriiyanshu/Ros_assign/build/my_package/build/lib/my_package
[1.163s] copying my_package/publisher_node.py -> /home/itspriiyanshu/Ros_assign/build/my_package/build/lib/my_package
[1.163s] copying my_package/__init__.py -> /home/itspriiyanshu/Ros_assign/build/my_package/build/lib/my_package
[1.163s] running install
[1.164s] running install_lib
[1.164s] creating /home/itspriiyanshu/Ros_assign/install/my_package/lib/python3.10/site-packages/my_package
[1.165s] copying /home/itspriiyanshu/Ros_assign/build/my_package/build/lib/my_package/subscriber_node.py -> /home/itspriiyanshu/Ros_assign/install/my_package/lib/python3.10/site-packages/my_package
[1.165s] copying /home/itspriiyanshu/Ros_assign/build/my_package/build/lib/my_package/runner_node.py -> /home/itspriiyanshu/Ros_assign/install/my_package/lib/python3.10/site-packages/my_package
[1.165s] copying /home/itspriiyanshu/Ros_assign/build/my_package/build/lib/my_package/publisher_node.py -> /home/itspriiyanshu/Ros_assign/install/my_package/lib/python3.10/site-packages/my_package
[1.165s] copying /home/itspriiyanshu/Ros_assign/build/my_package/build/lib/my_package/__init__.py -> /home/itspriiyanshu/Ros_assign/install/my_package/lib/python3.10/site-packages/my_package
[1.165s] byte-compiling /home/itspriiyanshu/Ros_assign/install/my_package/lib/python3.10/site-packages/my_package/subscriber_node.py to subscriber_node.cpython-310.pyc
[1.166s] byte-compiling /home/itspriiyanshu/Ros_assign/install/my_package/lib/python3.10/site-packages/my_package/runner_node.py to runner_node.cpython-310.pyc
[1.166s] byte-compiling /home/itspriiyanshu/Ros_assign/install/my_package/lib/python3.10/site-packages/my_package/publisher_node.py to publisher_node.cpython-310.pyc
[1.167s] byte-compiling /home/itspriiyanshu/Ros_assign/install/my_package/lib/python3.10/site-packages/my_package/__init__.py to __init__.cpython-310.pyc
[1.167s] running install_data
[1.167s] creating /home/itspriiyanshu/Ros_assign/install/my_package/share/ament_index
[1.167s] creating /home/itspriiyanshu/Ros_assign/install/my_package/share/ament_index/resource_index
[1.167s] creating /home/itspriiyanshu/Ros_assign/install/my_package/share/ament_index/resource_index/packages
[1.168s] copying resource/my_package -> /home/itspriiyanshu/Ros_assign/install/my_package/share/ament_index/resource_index/packages
[1.168s] copying package.xml -> /home/itspriiyanshu/Ros_assign/install/my_package/share/my_package
[1.168s] running install_egg_info
[1.170s] Copying ../../build/my_package/my_package.egg-info to /home/itspriiyanshu/Ros_assign/install/my_package/lib/python3.10/site-packages/my_package-0.0.0-py3.10.egg-info
[1.171s] running install_scripts
[1.190s] Installing publisher_node script to /home/itspriiyanshu/Ros_assign/install/my_package/lib/my_package
[1.190s] Installing runner_node script to /home/itspriiyanshu/Ros_assign/install/my_package/lib/my_package
[1.190s] Installing subscriber_node script to /home/itspriiyanshu/Ros_assign/install/my_package/lib/my_package
[1.191s] writing list of installed files to '/home/itspriiyanshu/Ros_assign/build/my_package/install.log'
[1.226s] Invoked command in '/home/itspriiyanshu/Ros_assign/src/my_package' returned '0': PYTHONPATH=/home/itspriiyanshu/Ros_assign/build/my_package/prefix_override:/usr/lib/python3/dist-packages/colcon_core/task/python/colcon_distutils_commands:/home/itspriiyanshu/Ros_assign/install/my_package/lib/python3.10/site-packages:${PYTHONPATH} /usr/bin/python3 -W ignore:setup.py install is deprecated -W ignore:easy_install command is deprecated setup.py egg_info --egg-base ../../build/my_package build --build-base /home/itspriiyanshu/Ros_assign/build/my_package/build install --record /home/itspriiyanshu/Ros_assign/build/my_package/install.log --single-version-externally-managed install_data
