[0.525s] Invoking command in '/home/itspriiyanshu/Ros_assign/src/my_package': PYTHONPATH=/home/itspriiyanshu/Ros_assign/build/my_package/prefix_override:/usr/lib/python3/dist-packages/colcon_core/task/python/colcon_distutils_commands:/home/itspriiyanshu/Ros_assign/install/my_package/lib/python3.10/site-packages:${PYTHONPATH} /usr/bin/python3 -W ignore:setup.py install is deprecated -W ignore:easy_install command is deprecated setup.py egg_info --egg-base ../../build/my_package build --build-base /home/itspriiyanshu/Ros_assign/build/my_package/build install --record /home/itspriiyanshu/Ros_assign/build/my_package/install.log --single-version-externally-managed install_data
[0.686s] running egg_info
[0.687s] writing ../../build/my_package/my_package.egg-info/PKG-INFO
[0.687s] writing dependency_links to ../../build/my_package/my_package.egg-info/dependency_links.txt
[0.687s] writing entry points to ../../build/my_package/my_package.egg-info/entry_points.txt
[0.688s] writing requirements to ../../build/my_package/my_package.egg-info/requires.txt
[0.688s] writing top-level names to ../../build/my_package/my_package.egg-info/top_level.txt
[0.689s] reading manifest file '../../build/my_package/my_package.egg-info/SOURCES.txt'
[0.690s] writing manifest file '../../build/my_package/my_package.egg-info/SOURCES.txt'
[0.691s] running build
[0.691s] running build_py
[0.691s] copying my_package/launch.py -> /home/itspriiyanshu/Ros_assign/build/my_package/build/lib/my_package
[0.691s] running install
[0.691s] running install_lib
[0.692s] copying /home/itspriiyanshu/Ros_assign/build/my_package/build/lib/my_package/launch.py -> /home/itspriiyanshu/Ros_assign/install/my_package/lib/python3.10/site-packages/my_package
[0.693s] byte-compiling /home/itspriiyanshu/Ros_assign/install/my_package/lib/python3.10/site-packages/my_package/launch.py to launch.cpython-310.pyc
[0.693s] running install_data
[0.693s] copying launch/message_nodes.launch.py -> /home/itspriiyanshu/Ros_assign/install/my_package/share/my_package/launch
[0.693s] running install_egg_info
[0.695s] removing '/home/itspriiyanshu/Ros_assign/install/my_package/lib/python3.10/site-packages/my_package-0.0.0-py3.10.egg-info' (and everything under it)
[0.696s] Copying ../../build/my_package/my_package.egg-info to /home/itspriiyanshu/Ros_assign/install/my_package/lib/python3.10/site-packages/my_package-0.0.0-py3.10.egg-info
[0.697s] running install_scripts
[0.718s] Installing publisher_node script to /home/itspriiyanshu/Ros_assign/install/my_package/lib/my_package
[0.718s] Installing subscriber_node script to /home/itspriiyanshu/Ros_assign/install/my_package/lib/my_package
[0.720s] writing list of installed files to '/home/itspriiyanshu/Ros_assign/build/my_package/install.log'
[0.747s] Invoked command in '/home/itspriiyanshu/Ros_assign/src/my_package' returned '0': PYTHONPATH=/home/itspriiyanshu/Ros_assign/build/my_package/prefix_override:/usr/lib/python3/dist-packages/colcon_core/task/python/colcon_distutils_commands:/home/itspriiyanshu/Ros_assign/install/my_package/lib/python3.10/site-packages:${PYTHONPATH} /usr/bin/python3 -W ignore:setup.py install is deprecated -W ignore:easy_install command is deprecated setup.py egg_info --egg-base ../../build/my_package build --build-base /home/itspriiyanshu/Ros_assign/build/my_package/build install --record /home/itspriiyanshu/Ros_assign/build/my_package/install.log --single-version-externally-managed install_data
