[0.132s] DEBUG:colcon:Command line arguments: ['/usr/bin/colcon', 'build', '--symlink-install']
[0.132s] DEBUG:colcon:Parsed command line arguments: Namespace(log_base=None, log_level=None, verb_name='build', build_base='build', install_base='install', merge_install=False, symlink_install=True, test_result_base=None, continue_on_error=False, executor='parallel', parallel_workers=4, event_handlers=None, ignore_user_meta=False, metas=['./colcon.meta'], base_paths=['.'], packages_ignore=None, packages_ignore_regex=None, paths=None, packages_up_to=None, packages_up_to_regex=None, packages_above=None, packages_above_and_dependencies=None, packages_above_depth=None, packages_select_by_dep=None, packages_skip_by_dep=None, packages_skip_up_to=None, packages_select_build_failed=False, packages_skip_build_finished=False, packages_select_test_failures=False, packages_skip_test_passed=False, packages_select=None, packages_skip=None, packages_select_regex=None, packages_skip_regex=None, packages_start=None, packages_end=None, allow_overriding=[], cmake_args=None, cmake_target=None, cmake_target_skip_unavailable=False, cmake_clean_cache=False, cmake_clean_first=False, cmake_force_configure=False, ament_cmake_args=None, catkin_cmake_args=None, catkin_skip_building_tests=False, verb_parser=<colcon_defaults.argument_parser.defaults.DefaultArgumentsDecorator object at 0xffff7f23c5e0>, verb_extension=<colcon_core.verb.build.BuildVerb object at 0xffff7f3ed990>, main=<bound method BuildVerb.main of <colcon_core.verb.build.BuildVerb object at 0xffff7f3ed990>>)
[0.317s] Level 1:colcon.colcon_core.package_discovery:discover_packages(colcon_meta) check parameters
[0.317s] Level 1:colcon.colcon_core.package_discovery:discover_packages(recursive) check parameters
[0.317s] Level 1:colcon.colcon_core.package_discovery:discover_packages(ignore) check parameters
[0.317s] Level 1:colcon.colcon_core.package_discovery:discover_packages(path) check parameters
[0.317s] Level 1:colcon.colcon_core.package_discovery:discover_packages(colcon_meta) discover
[0.317s] Level 1:colcon.colcon_core.package_discovery:discover_packages(recursive) discover
[0.317s] INFO:colcon.colcon_core.package_discovery:Crawling recursively for packages in '/home/raghav097891/Desktop/ROS2_WS'
[0.317s] Level 1:colcon.colcon_core.package_identification:_identify(.) by extensions ['ignore', 'ignore_ament_install']
[0.317s] Level 1:colcon.colcon_core.package_identification:_identify(.) by extension 'ignore'
[0.317s] Level 1:colcon.colcon_core.package_identification:_identify(.) by extension 'ignore_ament_install'
[0.317s] Level 1:colcon.colcon_core.package_identification:_identify(.) by extensions ['colcon_pkg']
[0.317s] Level 1:colcon.colcon_core.package_identification:_identify(.) by extension 'colcon_pkg'
[0.317s] Level 1:colcon.colcon_core.package_identification:_identify(.) by extensions ['colcon_meta']
[0.317s] Level 1:colcon.colcon_core.package_identification:_identify(.) by extension 'colcon_meta'
[0.318s] Level 1:colcon.colcon_core.package_identification:_identify(.) by extensions ['ros']
[0.318s] Level 1:colcon.colcon_core.package_identification:_identify(.) by extension 'ros'
[0.330s] Level 1:colcon.colcon_core.package_identification:_identify(.) by extensions ['cmake', 'python']
[0.330s] Level 1:colcon.colcon_core.package_identification:_identify(.) by extension 'cmake'
[0.330s] Level 1:colcon.colcon_core.package_identification:_identify(.) by extension 'python'
[0.330s] Level 1:colcon.colcon_core.package_identification:_identify(.) by extensions ['python_setup_py']
[0.330s] Level 1:colcon.colcon_core.package_identification:_identify(.) by extension 'python_setup_py'
[0.330s] Level 1:colcon.colcon_core.package_identification:_identify(build) by extensions ['ignore', 'ignore_ament_install']
[0.330s] Level 1:colcon.colcon_core.package_identification:_identify(build) by extension 'ignore'
[0.330s] Level 1:colcon.colcon_core.package_identification:_identify(build) ignored
[0.331s] Level 1:colcon.colcon_core.package_identification:_identify(install) by extensions ['ignore', 'ignore_ament_install']
[0.331s] Level 1:colcon.colcon_core.package_identification:_identify(install) by extension 'ignore'
[0.331s] Level 1:colcon.colcon_core.package_identification:_identify(install) ignored
[0.331s] Level 1:colcon.colcon_core.package_identification:_identify(log) by extensions ['ignore', 'ignore_ament_install']
[0.331s] Level 1:colcon.colcon_core.package_identification:_identify(log) by extension 'ignore'
[0.331s] Level 1:colcon.colcon_core.package_identification:_identify(log) ignored
[0.331s] Level 1:colcon.colcon_core.package_identification:_identify(src) by extensions ['ignore', 'ignore_ament_install']
[0.331s] Level 1:colcon.colcon_core.package_identification:_identify(src) by extension 'ignore'
[0.331s] Level 1:colcon.colcon_core.package_identification:_identify(src) by extension 'ignore_ament_install'
[0.331s] Level 1:colcon.colcon_core.package_identification:_identify(src) by extensions ['colcon_pkg']
[0.331s] Level 1:colcon.colcon_core.package_identification:_identify(src) by extension 'colcon_pkg'
[0.331s] Level 1:colcon.colcon_core.package_identification:_identify(src) by extensions ['colcon_meta']
[0.331s] Level 1:colcon.colcon_core.package_identification:_identify(src) by extension 'colcon_meta'
[0.331s] Level 1:colcon.colcon_core.package_identification:_identify(src) by extensions ['ros']
[0.331s] Level 1:colcon.colcon_core.package_identification:_identify(src) by extension 'ros'
[0.331s] Level 1:colcon.colcon_core.package_identification:_identify(src) by extensions ['cmake', 'python']
[0.331s] Level 1:colcon.colcon_core.package_identification:_identify(src) by extension 'cmake'
[0.331s] Level 1:colcon.colcon_core.package_identification:_identify(src) by extension 'python'
[0.331s] Level 1:colcon.colcon_core.package_identification:_identify(src) by extensions ['python_setup_py']
[0.331s] Level 1:colcon.colcon_core.package_identification:_identify(src) by extension 'python_setup_py'
[0.331s] Level 1:colcon.colcon_core.package_identification:_identify(src/launcher_package) by extensions ['ignore', 'ignore_ament_install']
[0.331s] Level 1:colcon.colcon_core.package_identification:_identify(src/launcher_package) by extension 'ignore'
[0.331s] Level 1:colcon.colcon_core.package_identification:_identify(src/launcher_package) by extension 'ignore_ament_install'
[0.331s] Level 1:colcon.colcon_core.package_identification:_identify(src/launcher_package) by extensions ['colcon_pkg']
[0.331s] Level 1:colcon.colcon_core.package_identification:_identify(src/launcher_package) by extension 'colcon_pkg'
[0.331s] Level 1:colcon.colcon_core.package_identification:_identify(src/launcher_package) by extensions ['colcon_meta']
[0.331s] Level 1:colcon.colcon_core.package_identification:_identify(src/launcher_package) by extension 'colcon_meta'
[0.332s] Level 1:colcon.colcon_core.package_identification:_identify(src/launcher_package) by extensions ['ros']
[0.332s] Level 1:colcon.colcon_core.package_identification:_identify(src/launcher_package) by extension 'ros'
[0.341s] DEBUG:colcon.colcon_core.package_identification:Package 'src/launcher_package' with type 'ros.ament_python' and name 'launcher_package'
[0.341s] Level 1:colcon.colcon_core.package_discovery:discover_packages(recursive) using defaults
[0.341s] Level 1:colcon.colcon_core.package_discovery:discover_packages(ignore) discover
[0.341s] Level 1:colcon.colcon_core.package_discovery:discover_packages(ignore) using defaults
[0.341s] Level 1:colcon.colcon_core.package_discovery:discover_packages(path) discover
[0.341s] Level 1:colcon.colcon_core.package_discovery:discover_packages(path) using defaults
[0.369s] Level 1:colcon.colcon_core.package_discovery:discover_packages(prefix_path) check parameters
[0.369s] Level 1:colcon.colcon_core.package_discovery:discover_packages(prefix_path) discover
[0.371s] DEBUG:colcon.colcon_installed_package_information.package_discovery:Found 0 installed packages in /home/raghav097891/Desktop/ROS2_WS/src/launcher_package/launcher_package/install
[0.371s] DEBUG:colcon.colcon_installed_package_information.package_discovery:Found 1 installed packages in /home/raghav097891/Desktop/ROS2_WS/install
[0.372s] DEBUG:colcon.colcon_installed_package_information.package_discovery:Found 271 installed packages in /opt/ros/humble
[0.373s] Level 1:colcon.colcon_core.package_discovery:discover_packages(prefix_path) using defaults
[0.399s] Level 5:colcon.colcon_core.verb:set package 'launcher_package' build argument 'cmake_args' from command line to 'None'
[0.399s] Level 5:colcon.colcon_core.verb:set package 'launcher_package' build argument 'cmake_target' from command line to 'None'
[0.399s] Level 5:colcon.colcon_core.verb:set package 'launcher_package' build argument 'cmake_target_skip_unavailable' from command line to 'False'
[0.399s] Level 5:colcon.colcon_core.verb:set package 'launcher_package' build argument 'cmake_clean_cache' from command line to 'False'
[0.399s] Level 5:colcon.colcon_core.verb:set package 'launcher_package' build argument 'cmake_clean_first' from command line to 'False'
[0.399s] Level 5:colcon.colcon_core.verb:set package 'launcher_package' build argument 'cmake_force_configure' from command line to 'False'
[0.399s] Level 5:colcon.colcon_core.verb:set package 'launcher_package' build argument 'ament_cmake_args' from command line to 'None'
[0.399s] Level 5:colcon.colcon_core.verb:set package 'launcher_package' build argument 'catkin_cmake_args' from command line to 'None'
[0.399s] Level 5:colcon.colcon_core.verb:set package 'launcher_package' build argument 'catkin_skip_building_tests' from command line to 'False'
[0.399s] DEBUG:colcon.colcon_core.verb:Building package 'launcher_package' with the following arguments: {'ament_cmake_args': None, 'build_base': '/home/raghav097891/Desktop/ROS2_WS/build/launcher_package', 'catkin_cmake_args': None, 'catkin_skip_building_tests': False, 'cmake_args': None, 'cmake_clean_cache': False, 'cmake_clean_first': False, 'cmake_force_configure': False, 'cmake_target': None, 'cmake_target_skip_unavailable': False, 'install_base': '/home/raghav097891/Desktop/ROS2_WS/install/launcher_package', 'merge_install': False, 'path': '/home/raghav097891/Desktop/ROS2_WS/src/launcher_package', 'symlink_install': True, 'test_result_base': None}
[0.399s] INFO:colcon.colcon_core.executor:Executing jobs using 'parallel' executor
[0.400s] DEBUG:colcon.colcon_parallel_executor.executor.parallel:run_until_complete
[0.401s] INFO:colcon.colcon_ros.task.ament_python.build:Building ROS package in '/home/raghav097891/Desktop/ROS2_WS/src/launcher_package' with build type 'ament_python'
[0.401s] Level 1:colcon.colcon_core.shell:create_environment_hook('launcher_package', 'ament_prefix_path')
[0.402s] INFO:colcon.colcon_core.plugin_system:Skipping extension 'colcon_core.shell.bat': Not used on non-Windows systems
[0.402s] INFO:colcon.colcon_core.shell:Creating environment hook '/home/raghav097891/Desktop/ROS2_WS/install/launcher_package/share/launcher_package/hook/ament_prefix_path.ps1'
[0.404s] INFO:colcon.colcon_core.shell:Creating environment descriptor '/home/raghav097891/Desktop/ROS2_WS/install/launcher_package/share/launcher_package/hook/ament_prefix_path.dsv'
[0.405s] INFO:colcon.colcon_core.shell:Creating environment hook '/home/raghav097891/Desktop/ROS2_WS/install/launcher_package/share/launcher_package/hook/ament_prefix_path.sh'
[0.406s] INFO:colcon.colcon_core.shell:Skip shell extension 'powershell' for command environment: Not usable outside of PowerShell
[0.406s] DEBUG:colcon.colcon_core.shell:Skip shell extension 'dsv' for command environment
[0.633s] INFO:colcon.colcon_core.task.python.build:Building Python package in '/home/raghav097891/Desktop/ROS2_WS/src/launcher_package'
[0.633s] INFO:colcon.colcon_core.shell:Skip shell extension 'powershell' for command environment: Not usable outside of PowerShell
[0.633s] DEBUG:colcon.colcon_core.shell:Skip shell extension 'dsv' for command environment
[1.050s] DEBUG:colcon.colcon_core.task.python.build:While undoing a previous installation files outside the Python library path are being ignored: /home/raghav097891/Desktop/ROS2_WS/install/launcher_package/share/ament_index/resource_index/packages/launcher_package
[1.050s] DEBUG:colcon.colcon_core.task.python.build:While undoing a previous installation files outside the Python library path are being ignored: /home/raghav097891/Desktop/ROS2_WS/install/launcher_package/share/launcher_package/package.xml
[1.050s] DEBUG:colcon.colcon_core.task.python.build:While undoing a previous installation files outside the Python library path are being ignored: /home/raghav097891/Desktop/ROS2_WS/install/launcher_package/lib/launcher_package/launchernode
[1.050s] DEBUG:colcon.colcon_core.task.python.build:While undoing a previous installation files outside the Python library path are being ignored: /home/raghav097891/Desktop/ROS2_WS/install/launcher_package/lib/launcher_package/listenernode
[1.050s] DEBUG:colcon.colcon_core.task.python.build:While undoing a previous installation files outside the Python library path are being ignored: /home/raghav097891/Desktop/ROS2_WS/install/launcher_package/lib/launcher_package/talkernode
[1.053s] DEBUG:colcon.colcon_core.event_handler.log_command:Invoking command in '/home/raghav097891/Desktop/ROS2_WS/build/launcher_package': PYTHONPATH=/home/raghav097891/Desktop/ROS2_WS/build/launcher_package/prefix_override:/usr/lib/python3/dist-packages/colcon_core/task/python/colcon_distutils_commands:/home/raghav097891/Desktop/ROS2_WS/install/launcher_package/lib/python3.10/site-packages:${PYTHONPATH} /usr/bin/python3 -W ignore:setup.py install is deprecated -W ignore:easy_install command is deprecated setup.py develop --editable --build-directory /home/raghav097891/Desktop/ROS2_WS/build/launcher_package/build --no-deps symlink_data --force
[1.373s] Level 1:colcon.colcon_core.shell:create_environment_hook('launcher_package', 'pythonpath_develop')
[1.374s] DEBUG:colcon.colcon_core.event_handler.log_command:Invoked command in '/home/raghav097891/Desktop/ROS2_WS/build/launcher_package' returned '0': PYTHONPATH=/home/raghav097891/Desktop/ROS2_WS/build/launcher_package/prefix_override:/usr/lib/python3/dist-packages/colcon_core/task/python/colcon_distutils_commands:/home/raghav097891/Desktop/ROS2_WS/install/launcher_package/lib/python3.10/site-packages:${PYTHONPATH} /usr/bin/python3 -W ignore:setup.py install is deprecated -W ignore:easy_install command is deprecated setup.py develop --editable --build-directory /home/raghav097891/Desktop/ROS2_WS/build/launcher_package/build --no-deps symlink_data --force
[1.374s] INFO:colcon.colcon_core.shell:Creating environment hook '/home/raghav097891/Desktop/ROS2_WS/build/launcher_package/share/launcher_package/hook/pythonpath_develop.ps1'
[1.375s] INFO:colcon.colcon_core.shell:Creating environment descriptor '/home/raghav097891/Desktop/ROS2_WS/build/launcher_package/share/launcher_package/hook/pythonpath_develop.dsv'
[1.375s] INFO:colcon.colcon_core.shell:Creating environment hook '/home/raghav097891/Desktop/ROS2_WS/build/launcher_package/share/launcher_package/hook/pythonpath_develop.sh'
[1.382s] Level 1:colcon.colcon_core.environment:checking '/home/raghav097891/Desktop/ROS2_WS/install/launcher_package' for CMake module files
[1.382s] Level 1:colcon.colcon_core.environment:checking '/home/raghav097891/Desktop/ROS2_WS/install/launcher_package' for CMake config files
[1.385s] Level 1:colcon.colcon_core.environment:checking '/home/raghav097891/Desktop/ROS2_WS/install/launcher_package/lib'
[1.385s] Level 1:colcon.colcon_core.environment:checking '/home/raghav097891/Desktop/ROS2_WS/install/launcher_package/bin'
[1.385s] Level 1:colcon.colcon_core.environment:checking '/home/raghav097891/Desktop/ROS2_WS/install/launcher_package/lib/pkgconfig/launcher_package.pc'
[1.385s] Level 1:colcon.colcon_core.environment:checking '/home/raghav097891/Desktop/ROS2_WS/install/launcher_package/lib/python3.10/site-packages'
[1.385s] Level 1:colcon.colcon_core.shell:create_environment_hook('launcher_package', 'pythonpath')
[1.386s] INFO:colcon.colcon_core.shell:Creating environment hook '/home/raghav097891/Desktop/ROS2_WS/install/launcher_package/share/launcher_package/hook/pythonpath.ps1'
[1.386s] INFO:colcon.colcon_core.shell:Creating environment descriptor '/home/raghav097891/Desktop/ROS2_WS/install/launcher_package/share/launcher_package/hook/pythonpath.dsv'
[1.386s] INFO:colcon.colcon_core.shell:Creating environment hook '/home/raghav097891/Desktop/ROS2_WS/install/launcher_package/share/launcher_package/hook/pythonpath.sh'
[1.387s] Level 1:colcon.colcon_core.environment:checking '/home/raghav097891/Desktop/ROS2_WS/install/launcher_package/bin'
[1.387s] Level 1:colcon.colcon_core.environment:create_environment_scripts_only(launcher_package)
[1.387s] INFO:colcon.colcon_core.shell:Creating package script '/home/raghav097891/Desktop/ROS2_WS/install/launcher_package/share/launcher_package/package.ps1'
[1.387s] INFO:colcon.colcon_core.shell:Creating package descriptor '/home/raghav097891/Desktop/ROS2_WS/install/launcher_package/share/launcher_package/package.dsv'
[1.388s] INFO:colcon.colcon_core.shell:Creating package script '/home/raghav097891/Desktop/ROS2_WS/install/launcher_package/share/launcher_package/package.sh'
[1.389s] INFO:colcon.colcon_core.shell:Creating package script '/home/raghav097891/Desktop/ROS2_WS/install/launcher_package/share/launcher_package/package.bash'
[1.389s] INFO:colcon.colcon_core.shell:Creating package script '/home/raghav097891/Desktop/ROS2_WS/install/launcher_package/share/launcher_package/package.zsh'
[1.391s] Level 1:colcon.colcon_core.environment:create_file_with_runtime_dependencies(/home/raghav097891/Desktop/ROS2_WS/install/launcher_package/share/colcon-core/packages/launcher_package)
[1.391s] DEBUG:colcon.colcon_parallel_executor.executor.parallel:closing loop
[1.392s] DEBUG:colcon.colcon_parallel_executor.executor.parallel:loop closed
[1.392s] DEBUG:colcon.colcon_parallel_executor.executor.parallel:run_until_complete finished with '0'
[1.392s] DEBUG:colcon.colcon_core.event_reactor:joining thread
[1.398s] INFO:colcon.colcon_core.plugin_system:Skipping extension 'colcon_notification.desktop_notification.terminal_notifier': Not used on non-Darwin systems
[1.398s] INFO:colcon.colcon_core.plugin_system:Skipping extension 'colcon_notification.desktop_notification.win32': Not used on non-Windows systems
[1.398s] INFO:colcon.colcon_notification.desktop_notification:Sending desktop notification using 'notify2'
[1.491s] DEBUG:colcon.colcon_core.event_reactor:joined thread
[1.491s] INFO:colcon.colcon_core.shell:Creating prefix script '/home/raghav097891/Desktop/ROS2_WS/install/local_setup.ps1'
[1.493s] INFO:colcon.colcon_core.shell:Creating prefix util module '/home/raghav097891/Desktop/ROS2_WS/install/_local_setup_util_ps1.py'
[1.494s] INFO:colcon.colcon_core.shell:Creating prefix chain script '/home/raghav097891/Desktop/ROS2_WS/install/setup.ps1'
[1.496s] INFO:colcon.colcon_core.shell:Creating prefix script '/home/raghav097891/Desktop/ROS2_WS/install/local_setup.sh'
[1.496s] INFO:colcon.colcon_core.shell:Creating prefix util module '/home/raghav097891/Desktop/ROS2_WS/install/_local_setup_util_sh.py'
[1.497s] INFO:colcon.colcon_core.shell:Creating prefix chain script '/home/raghav097891/Desktop/ROS2_WS/install/setup.sh'
[1.498s] INFO:colcon.colcon_core.shell:Creating prefix script '/home/raghav097891/Desktop/ROS2_WS/install/local_setup.bash'
[1.499s] INFO:colcon.colcon_core.shell:Creating prefix chain script '/home/raghav097891/Desktop/ROS2_WS/install/setup.bash'
[1.500s] INFO:colcon.colcon_core.shell:Creating prefix script '/home/raghav097891/Desktop/ROS2_WS/install/local_setup.zsh'
[1.500s] INFO:colcon.colcon_core.shell:Creating prefix chain script '/home/raghav097891/Desktop/ROS2_WS/install/setup.zsh'
