[0.080s] DEBUG:colcon:Command line arguments: ['/usr/bin/colcon', 'build']
[0.080s] DEBUG:colcon:Parsed command line arguments: Namespace(log_base=None, log_level=None, verb_name='build', build_base='build', install_base='install', merge_install=False, symlink_install=False, test_result_base=None, continue_on_error=False, executor='parallel', parallel_workers=16, event_handlers=None, ignore_user_meta=False, metas=['./colcon.meta'], base_paths=['.'], packages_ignore=None, packages_ignore_regex=None, paths=None, packages_up_to=None, packages_up_to_regex=None, packages_above=None, packages_above_and_dependencies=None, packages_above_depth=None, packages_select_by_dep=None, packages_skip_by_dep=None, packages_skip_up_to=None, packages_select_build_failed=False, packages_skip_build_finished=False, packages_select_test_failures=False, packages_skip_test_passed=False, packages_select=None, packages_skip=None, packages_select_regex=None, packages_skip_regex=None, packages_start=None, packages_end=None, allow_overriding=[], cmake_args=None, cmake_target=None, cmake_target_skip_unavailable=False, cmake_clean_cache=False, cmake_clean_first=False, cmake_force_configure=False, ament_cmake_args=None, catkin_cmake_args=None, catkin_skip_building_tests=False, verb_parser=<colcon_defaults.argument_parser.defaults.DefaultArgumentsDecorator object at 0x702f64f3f880>, verb_extension=<colcon_core.verb.build.BuildVerb object at 0x702f650853f0>, main=<bound method BuildVerb.main of <colcon_core.verb.build.BuildVerb object at 0x702f650853f0>>)
[0.226s] Level 1:colcon.colcon_core.package_discovery:discover_packages(colcon_meta) check parameters
[0.226s] Level 1:colcon.colcon_core.package_discovery:discover_packages(recursive) check parameters
[0.226s] Level 1:colcon.colcon_core.package_discovery:discover_packages(ignore) check parameters
[0.226s] Level 1:colcon.colcon_core.package_discovery:discover_packages(path) check parameters
[0.226s] Level 1:colcon.colcon_core.package_discovery:discover_packages(colcon_meta) discover
[0.226s] Level 1:colcon.colcon_core.package_discovery:discover_packages(recursive) discover
[0.226s] INFO:colcon.colcon_core.package_discovery:Crawling recursively for packages in '/home/aarzoo/ros2_ws'
[0.226s] Level 1:colcon.colcon_core.package_identification:_identify(.) by extensions ['ignore', 'ignore_ament_install']
[0.226s] Level 1:colcon.colcon_core.package_identification:_identify(.) by extension 'ignore'
[0.226s] Level 1:colcon.colcon_core.package_identification:_identify(.) by extension 'ignore_ament_install'
[0.226s] Level 1:colcon.colcon_core.package_identification:_identify(.) by extensions ['colcon_pkg']
[0.226s] Level 1:colcon.colcon_core.package_identification:_identify(.) by extension 'colcon_pkg'
[0.226s] Level 1:colcon.colcon_core.package_identification:_identify(.) by extensions ['colcon_meta']
[0.226s] Level 1:colcon.colcon_core.package_identification:_identify(.) by extension 'colcon_meta'
[0.226s] Level 1:colcon.colcon_core.package_identification:_identify(.) by extensions ['ros']
[0.226s] Level 1:colcon.colcon_core.package_identification:_identify(.) by extension 'ros'
[0.235s] Level 1:colcon.colcon_core.package_identification:_identify(.) by extensions ['cmake', 'python']
[0.235s] Level 1:colcon.colcon_core.package_identification:_identify(.) by extension 'cmake'
[0.235s] Level 1:colcon.colcon_core.package_identification:_identify(.) by extension 'python'
[0.235s] Level 1:colcon.colcon_core.package_identification:_identify(.) by extensions ['python_setup_py']
[0.235s] Level 1:colcon.colcon_core.package_identification:_identify(.) by extension 'python_setup_py'
[0.236s] Level 1:colcon.colcon_core.package_identification:_identify(build) by extensions ['ignore', 'ignore_ament_install']
[0.236s] Level 1:colcon.colcon_core.package_identification:_identify(build) by extension 'ignore'
[0.236s] Level 1:colcon.colcon_core.package_identification:_identify(build) ignored
[0.236s] Level 1:colcon.colcon_core.package_identification:_identify(install) by extensions ['ignore', 'ignore_ament_install']
[0.236s] Level 1:colcon.colcon_core.package_identification:_identify(install) by extension 'ignore'
[0.236s] Level 1:colcon.colcon_core.package_identification:_identify(install) ignored
[0.236s] Level 1:colcon.colcon_core.package_identification:_identify(log) by extensions ['ignore', 'ignore_ament_install']
[0.236s] Level 1:colcon.colcon_core.package_identification:_identify(log) by extension 'ignore'
[0.236s] Level 1:colcon.colcon_core.package_identification:_identify(log) ignored
[0.236s] Level 1:colcon.colcon_core.package_identification:_identify(src) by extensions ['ignore', 'ignore_ament_install']
[0.236s] Level 1:colcon.colcon_core.package_identification:_identify(src) by extension 'ignore'
[0.236s] Level 1:colcon.colcon_core.package_identification:_identify(src) by extension 'ignore_ament_install'
[0.236s] Level 1:colcon.colcon_core.package_identification:_identify(src) by extensions ['colcon_pkg']
[0.236s] Level 1:colcon.colcon_core.package_identification:_identify(src) by extension 'colcon_pkg'
[0.236s] Level 1:colcon.colcon_core.package_identification:_identify(src) by extensions ['colcon_meta']
[0.236s] Level 1:colcon.colcon_core.package_identification:_identify(src) by extension 'colcon_meta'
[0.236s] Level 1:colcon.colcon_core.package_identification:_identify(src) by extensions ['ros']
[0.236s] Level 1:colcon.colcon_core.package_identification:_identify(src) by extension 'ros'
[0.236s] Level 1:colcon.colcon_core.package_identification:_identify(src) by extensions ['cmake', 'python']
[0.236s] Level 1:colcon.colcon_core.package_identification:_identify(src) by extension 'cmake'
[0.236s] Level 1:colcon.colcon_core.package_identification:_identify(src) by extension 'python'
[0.236s] Level 1:colcon.colcon_core.package_identification:_identify(src) by extensions ['python_setup_py']
[0.236s] Level 1:colcon.colcon_core.package_identification:_identify(src) by extension 'python_setup_py'
[0.236s] Level 1:colcon.colcon_core.package_identification:_identify(src/my_ros2_package) by extensions ['ignore', 'ignore_ament_install']
[0.236s] Level 1:colcon.colcon_core.package_identification:_identify(src/my_ros2_package) by extension 'ignore'
[0.236s] Level 1:colcon.colcon_core.package_identification:_identify(src/my_ros2_package) by extension 'ignore_ament_install'
[0.236s] Level 1:colcon.colcon_core.package_identification:_identify(src/my_ros2_package) by extensions ['colcon_pkg']
[0.237s] Level 1:colcon.colcon_core.package_identification:_identify(src/my_ros2_package) by extension 'colcon_pkg'
[0.237s] Level 1:colcon.colcon_core.package_identification:_identify(src/my_ros2_package) by extensions ['colcon_meta']
[0.237s] Level 1:colcon.colcon_core.package_identification:_identify(src/my_ros2_package) by extension 'colcon_meta'
[0.237s] Level 1:colcon.colcon_core.package_identification:_identify(src/my_ros2_package) by extensions ['ros']
[0.237s] Level 1:colcon.colcon_core.package_identification:_identify(src/my_ros2_package) by extension 'ros'
[0.238s] DEBUG:colcon.colcon_core.package_identification:Package 'src/my_ros2_package' with type 'ros.ament_python' and name 'my_ros2_package'
[0.238s] Level 1:colcon.colcon_core.package_identification:_identify(src/my_talker_listener) by extensions ['ignore', 'ignore_ament_install']
[0.238s] Level 1:colcon.colcon_core.package_identification:_identify(src/my_talker_listener) by extension 'ignore'
[0.239s] Level 1:colcon.colcon_core.package_identification:_identify(src/my_talker_listener) by extension 'ignore_ament_install'
[0.239s] Level 1:colcon.colcon_core.package_identification:_identify(src/my_talker_listener) by extensions ['colcon_pkg']
[0.239s] Level 1:colcon.colcon_core.package_identification:_identify(src/my_talker_listener) by extension 'colcon_pkg'
[0.239s] Level 1:colcon.colcon_core.package_identification:_identify(src/my_talker_listener) by extensions ['colcon_meta']
[0.239s] Level 1:colcon.colcon_core.package_identification:_identify(src/my_talker_listener) by extension 'colcon_meta'
[0.239s] Level 1:colcon.colcon_core.package_identification:_identify(src/my_talker_listener) by extensions ['ros']
[0.239s] Level 1:colcon.colcon_core.package_identification:_identify(src/my_talker_listener) by extension 'ros'
[0.239s] Level 1:colcon.colcon_core.package_identification:_identify(src/my_talker_listener) by extensions ['cmake', 'python']
[0.239s] Level 1:colcon.colcon_core.package_identification:_identify(src/my_talker_listener) by extension 'cmake'
[0.240s] Level 1:colcon.colcon_core.package_identification:_identify(src/my_talker_listener) by extension 'python'
[0.240s] DEBUG:colcon.colcon_core.package_identification:Package 'src/my_talker_listener' with type 'cmake' and name 'my_talker_listener'
[0.240s] Level 1:colcon.colcon_core.package_identification:_identify(talker_pkg) by extensions ['ignore', 'ignore_ament_install']
[0.240s] Level 1:colcon.colcon_core.package_identification:_identify(talker_pkg) by extension 'ignore'
[0.240s] Level 1:colcon.colcon_core.package_identification:_identify(talker_pkg) by extension 'ignore_ament_install'
[0.240s] Level 1:colcon.colcon_core.package_identification:_identify(talker_pkg) by extensions ['colcon_pkg']
[0.240s] Level 1:colcon.colcon_core.package_identification:_identify(talker_pkg) by extension 'colcon_pkg'
[0.240s] Level 1:colcon.colcon_core.package_identification:_identify(talker_pkg) by extensions ['colcon_meta']
[0.240s] Level 1:colcon.colcon_core.package_identification:_identify(talker_pkg) by extension 'colcon_meta'
[0.240s] Level 1:colcon.colcon_core.package_identification:_identify(talker_pkg) by extensions ['ros']
[0.240s] Level 1:colcon.colcon_core.package_identification:_identify(talker_pkg) by extension 'ros'
[0.241s] DEBUG:colcon.colcon_core.package_identification:Package 'talker_pkg' with type 'ros.ament_python' and name 'talker_pkg'
[0.241s] Level 1:colcon.colcon_core.package_discovery:discover_packages(recursive) using defaults
[0.241s] Level 1:colcon.colcon_core.package_discovery:discover_packages(ignore) discover
[0.241s] Level 1:colcon.colcon_core.package_discovery:discover_packages(ignore) using defaults
[0.241s] Level 1:colcon.colcon_core.package_discovery:discover_packages(path) discover
[0.241s] Level 1:colcon.colcon_core.package_discovery:discover_packages(path) using defaults
[0.273s] Level 1:colcon.colcon_core.package_discovery:discover_packages(prefix_path) check parameters
[0.273s] Level 1:colcon.colcon_core.package_discovery:discover_packages(prefix_path) discover
[0.274s] DEBUG:colcon.colcon_installed_package_information.package_discovery:Found 2 installed packages in /home/aarzoo/ros2_ws/install
[0.275s] DEBUG:colcon.colcon_installed_package_information.package_discovery:Found 271 installed packages in /opt/ros/humble
[0.276s] Level 1:colcon.colcon_core.package_discovery:discover_packages(prefix_path) using defaults
[0.303s] Level 5:colcon.colcon_core.verb:set package 'my_ros2_package' build argument 'cmake_args' from command line to 'None'
[0.304s] Level 5:colcon.colcon_core.verb:set package 'my_ros2_package' build argument 'cmake_target' from command line to 'None'
[0.304s] Level 5:colcon.colcon_core.verb:set package 'my_ros2_package' build argument 'cmake_target_skip_unavailable' from command line to 'False'
[0.304s] Level 5:colcon.colcon_core.verb:set package 'my_ros2_package' build argument 'cmake_clean_cache' from command line to 'False'
[0.304s] Level 5:colcon.colcon_core.verb:set package 'my_ros2_package' build argument 'cmake_clean_first' from command line to 'False'
[0.304s] Level 5:colcon.colcon_core.verb:set package 'my_ros2_package' build argument 'cmake_force_configure' from command line to 'False'
[0.304s] Level 5:colcon.colcon_core.verb:set package 'my_ros2_package' build argument 'ament_cmake_args' from command line to 'None'
[0.304s] Level 5:colcon.colcon_core.verb:set package 'my_ros2_package' build argument 'catkin_cmake_args' from command line to 'None'
[0.304s] Level 5:colcon.colcon_core.verb:set package 'my_ros2_package' build argument 'catkin_skip_building_tests' from command line to 'False'
[0.304s] DEBUG:colcon.colcon_core.verb:Building package 'my_ros2_package' with the following arguments: {'ament_cmake_args': None, 'build_base': '/home/aarzoo/ros2_ws/build/my_ros2_package', 'catkin_cmake_args': None, 'catkin_skip_building_tests': False, 'cmake_args': None, 'cmake_clean_cache': False, 'cmake_clean_first': False, 'cmake_force_configure': False, 'cmake_target': None, 'cmake_target_skip_unavailable': False, 'install_base': '/home/aarzoo/ros2_ws/install/my_ros2_package', 'merge_install': False, 'path': '/home/aarzoo/ros2_ws/src/my_ros2_package', 'symlink_install': False, 'test_result_base': None}
[0.304s] Level 5:colcon.colcon_core.verb:set package 'my_talker_listener' build argument 'cmake_args' from command line to 'None'
[0.304s] Level 5:colcon.colcon_core.verb:set package 'my_talker_listener' build argument 'cmake_target' from command line to 'None'
[0.304s] Level 5:colcon.colcon_core.verb:set package 'my_talker_listener' build argument 'cmake_target_skip_unavailable' from command line to 'False'
[0.304s] Level 5:colcon.colcon_core.verb:set package 'my_talker_listener' build argument 'cmake_clean_cache' from command line to 'False'
[0.304s] Level 5:colcon.colcon_core.verb:set package 'my_talker_listener' build argument 'cmake_clean_first' from command line to 'False'
[0.304s] Level 5:colcon.colcon_core.verb:set package 'my_talker_listener' build argument 'cmake_force_configure' from command line to 'False'
[0.304s] Level 5:colcon.colcon_core.verb:set package 'my_talker_listener' build argument 'ament_cmake_args' from command line to 'None'
[0.304s] Level 5:colcon.colcon_core.verb:set package 'my_talker_listener' build argument 'catkin_cmake_args' from command line to 'None'
[0.304s] Level 5:colcon.colcon_core.verb:set package 'my_talker_listener' build argument 'catkin_skip_building_tests' from command line to 'False'
[0.304s] DEBUG:colcon.colcon_core.verb:Building package 'my_talker_listener' with the following arguments: {'ament_cmake_args': None, 'build_base': '/home/aarzoo/ros2_ws/build/my_talker_listener', 'catkin_cmake_args': None, 'catkin_skip_building_tests': False, 'cmake_args': None, 'cmake_clean_cache': False, 'cmake_clean_first': False, 'cmake_force_configure': False, 'cmake_target': None, 'cmake_target_skip_unavailable': False, 'install_base': '/home/aarzoo/ros2_ws/install/my_talker_listener', 'merge_install': False, 'path': '/home/aarzoo/ros2_ws/src/my_talker_listener', 'symlink_install': False, 'test_result_base': None}
[0.304s] Level 5:colcon.colcon_core.verb:set package 'talker_pkg' build argument 'cmake_args' from command line to 'None'
[0.304s] Level 5:colcon.colcon_core.verb:set package 'talker_pkg' build argument 'cmake_target' from command line to 'None'
[0.304s] Level 5:colcon.colcon_core.verb:set package 'talker_pkg' build argument 'cmake_target_skip_unavailable' from command line to 'False'
[0.304s] Level 5:colcon.colcon_core.verb:set package 'talker_pkg' build argument 'cmake_clean_cache' from command line to 'False'
[0.304s] Level 5:colcon.colcon_core.verb:set package 'talker_pkg' build argument 'cmake_clean_first' from command line to 'False'
[0.304s] Level 5:colcon.colcon_core.verb:set package 'talker_pkg' build argument 'cmake_force_configure' from command line to 'False'
[0.304s] Level 5:colcon.colcon_core.verb:set package 'talker_pkg' build argument 'ament_cmake_args' from command line to 'None'
[0.304s] Level 5:colcon.colcon_core.verb:set package 'talker_pkg' build argument 'catkin_cmake_args' from command line to 'None'
[0.304s] Level 5:colcon.colcon_core.verb:set package 'talker_pkg' build argument 'catkin_skip_building_tests' from command line to 'False'
[0.304s] DEBUG:colcon.colcon_core.verb:Building package 'talker_pkg' with the following arguments: {'ament_cmake_args': None, 'build_base': '/home/aarzoo/ros2_ws/build/talker_pkg', 'catkin_cmake_args': None, 'catkin_skip_building_tests': False, 'cmake_args': None, 'cmake_clean_cache': False, 'cmake_clean_first': False, 'cmake_force_configure': False, 'cmake_target': None, 'cmake_target_skip_unavailable': False, 'install_base': '/home/aarzoo/ros2_ws/install/talker_pkg', 'merge_install': False, 'path': '/home/aarzoo/ros2_ws/talker_pkg', 'symlink_install': False, 'test_result_base': None}
[0.305s] INFO:colcon.colcon_core.executor:Executing jobs using 'parallel' executor
[0.306s] DEBUG:colcon.colcon_parallel_executor.executor.parallel:run_until_complete
[0.306s] INFO:colcon.colcon_ros.task.ament_python.build:Building ROS package in '/home/aarzoo/ros2_ws/src/my_ros2_package' with build type 'ament_python'
[0.306s] Level 1:colcon.colcon_core.shell:create_environment_hook('my_ros2_package', 'ament_prefix_path')
[0.308s] INFO:colcon.colcon_core.plugin_system:Skipping extension 'colcon_core.shell.bat': Not used on non-Windows systems
[0.308s] INFO:colcon.colcon_core.shell:Creating environment hook '/home/aarzoo/ros2_ws/install/my_ros2_package/share/my_ros2_package/hook/ament_prefix_path.ps1'
[0.308s] INFO:colcon.colcon_core.shell:Creating environment descriptor '/home/aarzoo/ros2_ws/install/my_ros2_package/share/my_ros2_package/hook/ament_prefix_path.dsv'
[0.309s] INFO:colcon.colcon_core.shell:Creating environment hook '/home/aarzoo/ros2_ws/install/my_ros2_package/share/my_ros2_package/hook/ament_prefix_path.sh'
[0.309s] INFO:colcon.colcon_core.shell:Skip shell extension 'powershell' for command environment: Not usable outside of PowerShell
[0.309s] DEBUG:colcon.colcon_core.shell:Skip shell extension 'dsv' for command environment
[0.312s] INFO:colcon.colcon_cmake.task.cmake.build:Building CMake package in '/home/aarzoo/ros2_ws/src/my_talker_listener'
[0.313s] INFO:colcon.colcon_core.shell:Skip shell extension 'powershell' for command environment: Not usable outside of PowerShell
[0.313s] DEBUG:colcon.colcon_core.shell:Skip shell extension 'dsv' for command environment
[0.316s] INFO:colcon.colcon_ros.task.ament_python.build:Building ROS package in '/home/aarzoo/ros2_ws/talker_pkg' with build type 'ament_python'
[0.316s] Level 1:colcon.colcon_core.shell:create_environment_hook('talker_pkg', 'ament_prefix_path')
[0.317s] INFO:colcon.colcon_core.shell:Creating environment hook '/home/aarzoo/ros2_ws/install/talker_pkg/share/talker_pkg/hook/ament_prefix_path.ps1'
[0.317s] INFO:colcon.colcon_core.shell:Creating environment descriptor '/home/aarzoo/ros2_ws/install/talker_pkg/share/talker_pkg/hook/ament_prefix_path.dsv'
[0.317s] INFO:colcon.colcon_core.shell:Creating environment hook '/home/aarzoo/ros2_ws/install/talker_pkg/share/talker_pkg/hook/ament_prefix_path.sh'
[0.318s] INFO:colcon.colcon_core.shell:Skip shell extension 'powershell' for command environment: Not usable outside of PowerShell
[0.318s] DEBUG:colcon.colcon_core.shell:Skip shell extension 'dsv' for command environment
[0.531s] INFO:colcon.colcon_core.task.python.build:Building Python package in '/home/aarzoo/ros2_ws/src/my_ros2_package'
[0.532s] INFO:colcon.colcon_core.shell:Skip shell extension 'powershell' for command environment: Not usable outside of PowerShell
[0.532s] DEBUG:colcon.colcon_core.shell:Skip shell extension 'dsv' for command environment
[0.539s] DEBUG:colcon.colcon_core.event_handler.log_command:Invoking command in '/home/aarzoo/ros2_ws/build/my_talker_listener': /usr/bin/cmake /home/aarzoo/ros2_ws/src/my_talker_listener -DCMAKE_INSTALL_PREFIX=/home/aarzoo/ros2_ws/install/my_talker_listener
[0.771s] INFO:colcon.colcon_core.task.python.build:Building Python package in '/home/aarzoo/ros2_ws/talker_pkg'
[0.772s] INFO:colcon.colcon_core.shell:Skip shell extension 'powershell' for command environment: Not usable outside of PowerShell
[0.772s] DEBUG:colcon.colcon_core.shell:Skip shell extension 'dsv' for command environment
[0.999s] DEBUG:colcon.colcon_core.event_handler.log_command:Invoked command in '/home/aarzoo/ros2_ws/build/my_talker_listener' returned '0': /usr/bin/cmake /home/aarzoo/ros2_ws/src/my_talker_listener -DCMAKE_INSTALL_PREFIX=/home/aarzoo/ros2_ws/install/my_talker_listener
[1.001s] DEBUG:colcon.colcon_core.event_handler.log_command:Invoking command in '/home/aarzoo/ros2_ws/build/my_talker_listener': /usr/bin/cmake --build /home/aarzoo/ros2_ws/build/my_talker_listener -- -j16 -l16
[1.056s] DEBUG:colcon.colcon_core.event_handler.log_command:Invoked command in '/home/aarzoo/ros2_ws/build/my_talker_listener' returned '0': /usr/bin/cmake --build /home/aarzoo/ros2_ws/build/my_talker_listener -- -j16 -l16
[1.070s] DEBUG:colcon.colcon_core.event_handler.log_command:Invoking command in '/home/aarzoo/ros2_ws/build/my_talker_listener': /usr/bin/cmake --install /home/aarzoo/ros2_ws/build/my_talker_listener
[1.084s] DEBUG:colcon.colcon_core.event_handler.log_command:Invoking command in '/home/aarzoo/ros2_ws/src/my_ros2_package': PYTHONPATH=/home/aarzoo/ros2_ws/build/my_ros2_package/prefix_override:/usr/lib/python3/dist-packages/colcon_core/task/python/colcon_distutils_commands:/home/aarzoo/ros2_ws/install/my_ros2_package/lib/python3.10/site-packages:${PYTHONPATH} /usr/bin/python3 -W ignore:setup.py install is deprecated -W ignore:easy_install command is deprecated setup.py egg_info --egg-base ../../build/my_ros2_package build --build-base /home/aarzoo/ros2_ws/build/my_ros2_package/build install --record /home/aarzoo/ros2_ws/build/my_ros2_package/install.log --single-version-externally-managed install_data
[1.087s] Level 1:colcon.colcon_core.environment:create_environment_scripts_only(my_talker_listener)
[1.088s] DEBUG:colcon.colcon_core.event_handler.log_command:Invoking command in '/home/aarzoo/ros2_ws/talker_pkg': PYTHONPATH=/home/aarzoo/ros2_ws/build/talker_pkg/prefix_override:/usr/lib/python3/dist-packages/colcon_core/task/python/colcon_distutils_commands:/home/aarzoo/ros2_ws/install/talker_pkg/lib/python3.10/site-packages:${PYTHONPATH} /usr/bin/python3 -W ignore:setup.py install is deprecated -W ignore:easy_install command is deprecated setup.py egg_info --egg-base ../build/talker_pkg build --build-base /home/aarzoo/ros2_ws/build/talker_pkg/build install --record /home/aarzoo/ros2_ws/build/talker_pkg/install.log --single-version-externally-managed install_data
[1.088s] DEBUG:colcon.colcon_core.event_handler.log_command:Invoked command in '/home/aarzoo/ros2_ws/build/my_talker_listener' returned '0': /usr/bin/cmake --install /home/aarzoo/ros2_ws/build/my_talker_listener
[1.089s] Level 1:colcon.colcon_core.environment:checking '/home/aarzoo/ros2_ws/install/my_talker_listener' for CMake module files
[1.090s] Level 1:colcon.colcon_core.environment:checking '/home/aarzoo/ros2_ws/install/my_talker_listener' for CMake config files
[1.090s] Level 1:colcon.colcon_core.environment:checking '/home/aarzoo/ros2_ws/install/my_talker_listener/bin'
[1.090s] Level 1:colcon.colcon_core.environment:checking '/home/aarzoo/ros2_ws/install/my_talker_listener/lib/pkgconfig/my_talker_listener.pc'
[1.090s] Level 1:colcon.colcon_core.environment:checking '/home/aarzoo/ros2_ws/install/my_talker_listener/lib/python3.10/site-packages'
[1.091s] Level 1:colcon.colcon_core.environment:checking '/home/aarzoo/ros2_ws/install/my_talker_listener/bin'
[1.091s] INFO:colcon.colcon_core.shell:Creating package script '/home/aarzoo/ros2_ws/install/my_talker_listener/share/my_talker_listener/package.ps1'
[1.091s] INFO:colcon.colcon_core.shell:Creating package descriptor '/home/aarzoo/ros2_ws/install/my_talker_listener/share/my_talker_listener/package.dsv'
[1.092s] INFO:colcon.colcon_core.shell:Creating package script '/home/aarzoo/ros2_ws/install/my_talker_listener/share/my_talker_listener/package.sh'
[1.092s] INFO:colcon.colcon_core.shell:Creating package script '/home/aarzoo/ros2_ws/install/my_talker_listener/share/my_talker_listener/package.bash'
[1.093s] INFO:colcon.colcon_core.shell:Creating package script '/home/aarzoo/ros2_ws/install/my_talker_listener/share/my_talker_listener/package.zsh'
[1.093s] Level 1:colcon.colcon_core.environment:create_file_with_runtime_dependencies(/home/aarzoo/ros2_ws/install/my_talker_listener/share/colcon-core/packages/my_talker_listener)
[1.333s] Level 1:colcon.colcon_core.environment:checking '/home/aarzoo/ros2_ws/install/my_ros2_package' for CMake module files
[1.333s] DEBUG:colcon.colcon_core.event_handler.log_command:Invoked command in '/home/aarzoo/ros2_ws/src/my_ros2_package' returned '0': PYTHONPATH=/home/aarzoo/ros2_ws/build/my_ros2_package/prefix_override:/usr/lib/python3/dist-packages/colcon_core/task/python/colcon_distutils_commands:/home/aarzoo/ros2_ws/install/my_ros2_package/lib/python3.10/site-packages:${PYTHONPATH} /usr/bin/python3 -W ignore:setup.py install is deprecated -W ignore:easy_install command is deprecated setup.py egg_info --egg-base ../../build/my_ros2_package build --build-base /home/aarzoo/ros2_ws/build/my_ros2_package/build install --record /home/aarzoo/ros2_ws/build/my_ros2_package/install.log --single-version-externally-managed install_data
[1.334s] Level 1:colcon.colcon_core.environment:checking '/home/aarzoo/ros2_ws/install/my_ros2_package' for CMake config files
[1.334s] Level 1:colcon.colcon_core.environment:checking '/home/aarzoo/ros2_ws/install/my_ros2_package/lib'
[1.335s] Level 1:colcon.colcon_core.environment:checking '/home/aarzoo/ros2_ws/install/my_ros2_package/bin'
[1.335s] Level 1:colcon.colcon_core.environment:checking '/home/aarzoo/ros2_ws/install/my_ros2_package/lib/pkgconfig/my_ros2_package.pc'
[1.335s] Level 1:colcon.colcon_core.environment:checking '/home/aarzoo/ros2_ws/install/my_ros2_package/lib/python3.10/site-packages'
[1.335s] Level 1:colcon.colcon_core.shell:create_environment_hook('my_ros2_package', 'pythonpath')
[1.335s] INFO:colcon.colcon_core.shell:Creating environment hook '/home/aarzoo/ros2_ws/install/my_ros2_package/share/my_ros2_package/hook/pythonpath.ps1'
[1.336s] INFO:colcon.colcon_core.shell:Creating environment descriptor '/home/aarzoo/ros2_ws/install/my_ros2_package/share/my_ros2_package/hook/pythonpath.dsv'
[1.336s] INFO:colcon.colcon_core.shell:Creating environment hook '/home/aarzoo/ros2_ws/install/my_ros2_package/share/my_ros2_package/hook/pythonpath.sh'
[1.337s] Level 1:colcon.colcon_core.environment:checking '/home/aarzoo/ros2_ws/install/my_ros2_package/bin'
[1.337s] Level 1:colcon.colcon_core.environment:create_environment_scripts_only(my_ros2_package)
[1.337s] INFO:colcon.colcon_core.shell:Creating package script '/home/aarzoo/ros2_ws/install/my_ros2_package/share/my_ros2_package/package.ps1'
[1.339s] INFO:colcon.colcon_core.shell:Creating package descriptor '/home/aarzoo/ros2_ws/install/my_ros2_package/share/my_ros2_package/package.dsv'
[1.340s] INFO:colcon.colcon_core.shell:Creating package script '/home/aarzoo/ros2_ws/install/my_ros2_package/share/my_ros2_package/package.sh'
[1.340s] INFO:colcon.colcon_core.shell:Creating package script '/home/aarzoo/ros2_ws/install/my_ros2_package/share/my_ros2_package/package.bash'
[1.340s] INFO:colcon.colcon_core.shell:Creating package script '/home/aarzoo/ros2_ws/install/my_ros2_package/share/my_ros2_package/package.zsh'
[1.340s] Level 1:colcon.colcon_core.environment:create_file_with_runtime_dependencies(/home/aarzoo/ros2_ws/install/my_ros2_package/share/colcon-core/packages/my_ros2_package)
[1.341s] Level 1:colcon.colcon_core.environment:checking '/home/aarzoo/ros2_ws/install/talker_pkg' for CMake module files
[1.342s] Level 1:colcon.colcon_core.environment:checking '/home/aarzoo/ros2_ws/install/talker_pkg' for CMake config files
[1.342s] DEBUG:colcon.colcon_core.event_handler.log_command:Invoked command in '/home/aarzoo/ros2_ws/talker_pkg' returned '0': PYTHONPATH=/home/aarzoo/ros2_ws/build/talker_pkg/prefix_override:/usr/lib/python3/dist-packages/colcon_core/task/python/colcon_distutils_commands:/home/aarzoo/ros2_ws/install/talker_pkg/lib/python3.10/site-packages:${PYTHONPATH} /usr/bin/python3 -W ignore:setup.py install is deprecated -W ignore:easy_install command is deprecated setup.py egg_info --egg-base ../build/talker_pkg build --build-base /home/aarzoo/ros2_ws/build/talker_pkg/build install --record /home/aarzoo/ros2_ws/build/talker_pkg/install.log --single-version-externally-managed install_data
[1.342s] Level 1:colcon.colcon_core.environment:checking '/home/aarzoo/ros2_ws/install/talker_pkg/lib'
[1.342s] Level 1:colcon.colcon_core.environment:checking '/home/aarzoo/ros2_ws/install/talker_pkg/bin'
[1.343s] Level 1:colcon.colcon_core.environment:checking '/home/aarzoo/ros2_ws/install/talker_pkg/lib/pkgconfig/talker_pkg.pc'
[1.343s] Level 1:colcon.colcon_core.environment:checking '/home/aarzoo/ros2_ws/install/talker_pkg/lib/python3.10/site-packages'
[1.343s] Level 1:colcon.colcon_core.shell:create_environment_hook('talker_pkg', 'pythonpath')
[1.343s] INFO:colcon.colcon_core.shell:Creating environment hook '/home/aarzoo/ros2_ws/install/talker_pkg/share/talker_pkg/hook/pythonpath.ps1'
[1.343s] INFO:colcon.colcon_core.shell:Creating environment descriptor '/home/aarzoo/ros2_ws/install/talker_pkg/share/talker_pkg/hook/pythonpath.dsv'
[1.344s] INFO:colcon.colcon_core.shell:Creating environment hook '/home/aarzoo/ros2_ws/install/talker_pkg/share/talker_pkg/hook/pythonpath.sh'
[1.344s] Level 1:colcon.colcon_core.environment:checking '/home/aarzoo/ros2_ws/install/talker_pkg/bin'
[1.344s] Level 1:colcon.colcon_core.environment:create_environment_scripts_only(talker_pkg)
[1.344s] INFO:colcon.colcon_core.shell:Creating package script '/home/aarzoo/ros2_ws/install/talker_pkg/share/talker_pkg/package.ps1'
[1.345s] INFO:colcon.colcon_core.shell:Creating package descriptor '/home/aarzoo/ros2_ws/install/talker_pkg/share/talker_pkg/package.dsv'
[1.345s] INFO:colcon.colcon_core.shell:Creating package script '/home/aarzoo/ros2_ws/install/talker_pkg/share/talker_pkg/package.sh'
[1.345s] INFO:colcon.colcon_core.shell:Creating package script '/home/aarzoo/ros2_ws/install/talker_pkg/share/talker_pkg/package.bash'
[1.346s] INFO:colcon.colcon_core.shell:Creating package script '/home/aarzoo/ros2_ws/install/talker_pkg/share/talker_pkg/package.zsh'
[1.346s] Level 1:colcon.colcon_core.environment:create_file_with_runtime_dependencies(/home/aarzoo/ros2_ws/install/talker_pkg/share/colcon-core/packages/talker_pkg)
[1.346s] DEBUG:colcon.colcon_parallel_executor.executor.parallel:closing loop
[1.346s] DEBUG:colcon.colcon_parallel_executor.executor.parallel:loop closed
[1.346s] DEBUG:colcon.colcon_parallel_executor.executor.parallel:run_until_complete finished with '0'
[1.346s] DEBUG:colcon.colcon_core.event_reactor:joining thread
[1.353s] INFO:colcon.colcon_core.plugin_system:Skipping extension 'colcon_notification.desktop_notification.terminal_notifier': Not used on non-Darwin systems
[1.353s] INFO:colcon.colcon_core.plugin_system:Skipping extension 'colcon_notification.desktop_notification.win32': Not used on non-Windows systems
[1.353s] INFO:colcon.colcon_notification.desktop_notification:Sending desktop notification using 'notify2'
[1.365s] DEBUG:colcon.colcon_core.event_reactor:joined thread
[1.366s] INFO:colcon.colcon_core.shell:Creating prefix script '/home/aarzoo/ros2_ws/install/local_setup.ps1'
[1.367s] INFO:colcon.colcon_core.shell:Creating prefix util module '/home/aarzoo/ros2_ws/install/_local_setup_util_ps1.py'
[1.368s] INFO:colcon.colcon_core.shell:Creating prefix chain script '/home/aarzoo/ros2_ws/install/setup.ps1'
[1.369s] INFO:colcon.colcon_core.shell:Creating prefix script '/home/aarzoo/ros2_ws/install/local_setup.sh'
[1.370s] INFO:colcon.colcon_core.shell:Creating prefix util module '/home/aarzoo/ros2_ws/install/_local_setup_util_sh.py'
[1.370s] INFO:colcon.colcon_core.shell:Creating prefix chain script '/home/aarzoo/ros2_ws/install/setup.sh'
[1.371s] INFO:colcon.colcon_core.shell:Creating prefix script '/home/aarzoo/ros2_ws/install/local_setup.bash'
[1.372s] INFO:colcon.colcon_core.shell:Creating prefix chain script '/home/aarzoo/ros2_ws/install/setup.bash'
[1.373s] INFO:colcon.colcon_core.shell:Creating prefix script '/home/aarzoo/ros2_ws/install/local_setup.zsh'
[1.373s] INFO:colcon.colcon_core.shell:Creating prefix chain script '/home/aarzoo/ros2_ws/install/setup.zsh'
