[0.750s] Invoking command in '/home/sreeja/Assignments_Y24/sreeja_241041/ros/ros_new/src/py_pubsub': DEBUGINFOD_URLS=https://debuginfod.ubuntu.com PYTHONPATH=/home/sreeja/Assignments_Y24/sreeja_241041/ros/ros_new/build/py_pubsub/prefix_override:/usr/lib/python3/dist-packages/colcon_core/task/python/colcon_distutils_commands:/home/sreeja/Assignments_Y24/sreeja_241041/ros/ros_new/install/py_pubsub/lib/python3.12/site-packages:${PYTHONPATH} /usr/bin/python3 -W ignore:setup.py install is deprecated -W ignore:easy_install command is deprecated setup.py egg_info --egg-base ../../build/py_pubsub build --build-base /home/sreeja/Assignments_Y24/sreeja_241041/ros/ros_new/build/py_pubsub/build install --record /home/sreeja/Assignments_Y24/sreeja_241041/ros/ros_new/build/py_pubsub/install.log --single-version-externally-managed install_data
[1.008s] running egg_info
[1.029s] writing ../../build/py_pubsub/py_pubsub.egg-info/PKG-INFO
[1.029s] writing dependency_links to ../../build/py_pubsub/py_pubsub.egg-info/dependency_links.txt
[1.029s] writing entry points to ../../build/py_pubsub/py_pubsub.egg-info/entry_points.txt
[1.029s] writing requirements to ../../build/py_pubsub/py_pubsub.egg-info/requires.txt
[1.029s] writing top-level names to ../../build/py_pubsub/py_pubsub.egg-info/top_level.txt
[1.068s] reading manifest file '../../build/py_pubsub/py_pubsub.egg-info/SOURCES.txt'
[1.068s] adding license file 'LICENSE'
[1.069s] writing manifest file '../../build/py_pubsub/py_pubsub.egg-info/SOURCES.txt'
[1.069s] running build
[1.069s] running build_py
[1.069s] running install
[1.074s] running install_lib
[1.094s] running install_data
[1.094s] running install_egg_info
[1.114s] removing '/home/sreeja/Assignments_Y24/sreeja_241041/ros/ros_new/install/py_pubsub/lib/python3.12/site-packages/py_pubsub-0.0.0-py3.12.egg-info' (and everything under it)
[1.114s] Copying ../../build/py_pubsub/py_pubsub.egg-info to /home/sreeja/Assignments_Y24/sreeja_241041/ros/ros_new/install/py_pubsub/lib/python3.12/site-packages/py_pubsub-0.0.0-py3.12.egg-info
[1.115s] running install_scripts
[1.243s] Installing listener script to /home/sreeja/Assignments_Y24/sreeja_241041/ros/ros_new/install/py_pubsub/lib/py_pubsub
[1.243s] Installing talker script to /home/sreeja/Assignments_Y24/sreeja_241041/ros/ros_new/install/py_pubsub/lib/py_pubsub
[1.243s] writing list of installed files to '/home/sreeja/Assignments_Y24/sreeja_241041/ros/ros_new/build/py_pubsub/install.log'
[1.264s] Invoked command in '/home/sreeja/Assignments_Y24/sreeja_241041/ros/ros_new/src/py_pubsub' returned '0': DEBUGINFOD_URLS=https://debuginfod.ubuntu.com PYTHONPATH=/home/sreeja/Assignments_Y24/sreeja_241041/ros/ros_new/build/py_pubsub/prefix_override:/usr/lib/python3/dist-packages/colcon_core/task/python/colcon_distutils_commands:/home/sreeja/Assignments_Y24/sreeja_241041/ros/ros_new/install/py_pubsub/lib/python3.12/site-packages:${PYTHONPATH} /usr/bin/python3 -W ignore:setup.py install is deprecated -W ignore:easy_install command is deprecated setup.py egg_info --egg-base ../../build/py_pubsub build --build-base /home/sreeja/Assignments_Y24/sreeja_241041/ros/ros_new/build/py_pubsub/build install --record /home/sreeja/Assignments_Y24/sreeja_241041/ros/ros_new/build/py_pubsub/install.log --single-version-externally-managed install_data
