[0.226s] Invoking command in '/home/aarzoo/ros2_ws/build/my_talker_listener': /usr/bin/cmake /home/aarzoo/ros2_ws/src/my_talker_listener -DCMAKE_INSTALL_PREFIX=/home/aarzoo/ros2_ws/install/my_talker_listener
[0.251s] [33mCMake Warning (dev) in CMakeLists.txt:
[0.251s]   No project() command is present.  The top-level CMakeLists.txt file must
[0.252s]   contain a literal, direct call to the project() command.  Add a line of
[0.252s]   code such as
[0.252s] 
[0.252s]     project(ProjectName)
[0.252s] 
[0.252s]   near the top of the file, but after cmake_minimum_required().
[0.252s] 
[0.252s]   CMake is pretending there is a "project(Project)" command on the first
[0.252s]   line.
[0.252s] This warning is for project developers.  Use -Wno-dev to suppress it.
[0.252s] [0m
[0.350s] -- The C compiler identification is GNU 11.4.0
[0.454s] -- The CXX compiler identification is GNU 11.4.0
[0.466s] -- Detecting C compiler ABI info
[0.557s] -- Detecting C compiler ABI info - done
[0.563s] -- Check for working C compiler: /usr/bin/cc - skipped
[0.564s] -- Detecting C compile features
[0.565s] -- Detecting C compile features - done
[0.568s] -- Detecting CXX compiler ABI info
[0.669s] -- Detecting CXX compiler ABI info - done
[0.677s] -- Check for working CXX compiler: /usr/bin/c++ - skipped
[0.677s] -- Detecting CXX compile features
[0.678s] -- Detecting CXX compile features - done
[0.679s] [33mCMake Warning (dev) in CMakeLists.txt:
[0.679s]   No cmake_minimum_required command is present.  A line of code such as
[0.679s] 
[0.679s]     cmake_minimum_required(VERSION 3.22)
[0.679s] 
[0.679s]   should be added at the top of the file.  The version specified may be lower
[0.679s]   if you wish to support older CMake versions for this project.  For more
[0.679s]   information run "cmake --help-policy CMP0000".
[0.679s] This warning is for project developers.  Use -Wno-dev to suppress it.
[0.679s] [0m
[0.679s] -- Configuring done
[0.680s] -- Generating done
[0.681s] -- Build files have been written to: /home/aarzoo/ros2_ws/build/my_talker_listener
[0.686s] Invoked command in '/home/aarzoo/ros2_ws/build/my_talker_listener' returned '0': /usr/bin/cmake /home/aarzoo/ros2_ws/src/my_talker_listener -DCMAKE_INSTALL_PREFIX=/home/aarzoo/ros2_ws/install/my_talker_listener
[0.689s] Invoking command in '/home/aarzoo/ros2_ws/build/my_talker_listener': /usr/bin/cmake --build /home/aarzoo/ros2_ws/build/my_talker_listener -- -j16 -l16
[0.743s] Invoked command in '/home/aarzoo/ros2_ws/build/my_talker_listener' returned '0': /usr/bin/cmake --build /home/aarzoo/ros2_ws/build/my_talker_listener -- -j16 -l16
[0.757s] Invoking command in '/home/aarzoo/ros2_ws/build/my_talker_listener': /usr/bin/cmake --install /home/aarzoo/ros2_ws/build/my_talker_listener
[0.766s] -- Install configuration: ""
[0.766s] -- Installing: /home/aarzoo/ros2_ws/install/my_talker_listener/share/Project/launch
[0.766s] -- Installing: /home/aarzoo/ros2_ws/install/my_talker_listener/share/Project/launch/talker_listener_launch.py
[0.775s] Invoked command in '/home/aarzoo/ros2_ws/build/my_talker_listener' returned '0': /usr/bin/cmake --install /home/aarzoo/ros2_ws/build/my_talker_listener
