[0.367s] Invoking command in '/home/itspriiyanshu/Ros_assign/src/my_package': PYTHONPATH=/home/itspriiyanshu/Ros_assign/build/my_package/prefix_override:/usr/lib/python3/dist-packages/colcon_core/task/python/colcon_distutils_commands:/home/itspriiyanshu/Ros_assign/install/my_package/lib/python3.10/site-packages:${PYTHONPATH} /usr/bin/python3 -W ignore:setup.py install is deprecated -W ignore:easy_install command is deprecated setup.py egg_info --egg-base ../../build/my_package build --build-base /home/itspriiyanshu/Ros_assign/build/my_package/build install --record /home/itspriiyanshu/Ros_assign/build/my_package/install.log --single-version-externally-managed install_data
[0.491s] running egg_info
[0.492s] writing ../../build/my_package/my_package.egg-info/PKG-INFO
[0.492s] writing dependency_links to ../../build/my_package/my_package.egg-info/dependency_links.txt
[0.493s] writing entry points to ../../build/my_package/my_package.egg-info/entry_points.txt
[0.493s] writing requirements to ../../build/my_package/my_package.egg-info/requires.txt
[0.493s] writing top-level names to ../../build/my_package/my_package.egg-info/top_level.txt
[0.493s] reading manifest file '../../build/my_package/my_package.egg-info/SOURCES.txt'
[0.494s] writing manifest file '../../build/my_package/my_package.egg-info/SOURCES.txt'
[0.494s] running build
[0.494s] running build_py
[0.494s] copying my_package/runner_node.py -> /home/itspriiyanshu/Ros_assign/build/my_package/build/lib/my_package
[0.495s] running install
[0.495s] running install_lib
[0.495s] copying /home/itspriiyanshu/Ros_assign/build/my_package/build/lib/my_package/runner_node.py -> /home/itspriiyanshu/Ros_assign/install/my_package/lib/python3.10/site-packages/my_package
[0.496s] byte-compiling /home/itspriiyanshu/Ros_assign/install/my_package/lib/python3.10/site-packages/my_package/runner_node.py to runner_node.cpython-310.pyc
[0.496s] running install_data
[0.496s] running install_egg_info
[0.497s] removing '/home/itspriiyanshu/Ros_assign/install/my_package/lib/python3.10/site-packages/my_package-0.0.0-py3.10.egg-info' (and everything under it)
[0.498s] Copying ../../build/my_package/my_package.egg-info to /home/itspriiyanshu/Ros_assign/install/my_package/lib/python3.10/site-packages/my_package-0.0.0-py3.10.egg-info
[0.502s] running install_scripts
[0.515s] Installing publisher_node script to /home/itspriiyanshu/Ros_assign/install/my_package/lib/my_package
[0.515s] Installing runner_node script to /home/itspriiyanshu/Ros_assign/install/my_package/lib/my_package
[0.515s] Installing subscriber_node script to /home/itspriiyanshu/Ros_assign/install/my_package/lib/my_package
[0.515s] writing list of installed files to '/home/itspriiyanshu/Ros_assign/build/my_package/install.log'
[0.530s] Invoked command in '/home/itspriiyanshu/Ros_assign/src/my_package' returned '0': PYTHONPATH=/home/itspriiyanshu/Ros_assign/build/my_package/prefix_override:/usr/lib/python3/dist-packages/colcon_core/task/python/colcon_distutils_commands:/home/itspriiyanshu/Ros_assign/install/my_package/lib/python3.10/site-packages:${PYTHONPATH} /usr/bin/python3 -W ignore:setup.py install is deprecated -W ignore:easy_install command is deprecated setup.py egg_info --egg-base ../../build/my_package build --build-base /home/itspriiyanshu/Ros_assign/build/my_package/build install --record /home/itspriiyanshu/Ros_assign/build/my_package/install.log --single-version-externally-managed install_data
