[0.771s] Invoking command in '/home/aarzoo/ros2_ws/talker_pkg': PYTHONPATH=/home/aarzoo/ros2_ws/build/talker_pkg/prefix_override:/usr/lib/python3/dist-packages/colcon_core/task/python/colcon_distutils_commands:/home/aarzoo/ros2_ws/install/talker_pkg/lib/python3.10/site-packages:${PYTHONPATH} /usr/bin/python3 -W ignore:setup.py install is deprecated -W ignore:easy_install command is deprecated setup.py egg_info --egg-base ../build/talker_pkg build --build-base /home/aarzoo/ros2_ws/build/talker_pkg/build install --record /home/aarzoo/ros2_ws/build/talker_pkg/install.log --single-version-externally-managed install_data
[0.952s] running egg_info
[0.953s] writing ../build/talker_pkg/talker_pkg.egg-info/PKG-INFO
[0.953s] writing dependency_links to ../build/talker_pkg/talker_pkg.egg-info/dependency_links.txt
[0.953s] writing entry points to ../build/talker_pkg/talker_pkg.egg-info/entry_points.txt
[0.953s] writing requirements to ../build/talker_pkg/talker_pkg.egg-info/requires.txt
[0.953s] writing top-level names to ../build/talker_pkg/talker_pkg.egg-info/top_level.txt
[0.954s] reading manifest file '../build/talker_pkg/talker_pkg.egg-info/SOURCES.txt'
[0.955s] writing manifest file '../build/talker_pkg/talker_pkg.egg-info/SOURCES.txt'
[0.956s] running build
[0.956s] running build_py
[0.956s] running install
[0.956s] running install_lib
[0.957s] running install_data
[0.957s] running install_egg_info
[0.958s] removing '/home/aarzoo/ros2_ws/install/talker_pkg/lib/python3.10/site-packages/talker_pkg-0.0.0-py3.10.egg-info' (and everything under it)
[0.959s] Copying ../build/talker_pkg/talker_pkg.egg-info to /home/aarzoo/ros2_ws/install/talker_pkg/lib/python3.10/site-packages/talker_pkg-0.0.0-py3.10.egg-info
[0.959s] running install_scripts
[0.979s] writing list of installed files to '/home/aarzoo/ros2_ws/build/talker_pkg/install.log'
[1.026s] Invoked command in '/home/aarzoo/ros2_ws/talker_pkg' returned '0': PYTHONPATH=/home/aarzoo/ros2_ws/build/talker_pkg/prefix_override:/usr/lib/python3/dist-packages/colcon_core/task/python/colcon_distutils_commands:/home/aarzoo/ros2_ws/install/talker_pkg/lib/python3.10/site-packages:${PYTHONPATH} /usr/bin/python3 -W ignore:setup.py install is deprecated -W ignore:easy_install command is deprecated setup.py egg_info --egg-base ../build/talker_pkg build --build-base /home/aarzoo/ros2_ws/build/talker_pkg/build install --record /home/aarzoo/ros2_ws/build/talker_pkg/install.log --single-version-externally-managed install_data
