[0.311s] Invoking command in '/home/ira/ros2_ws/src/talker_listener': PYTHONPATH=/home/ira/ros2_ws/build/talker_listener/prefix_override:/usr/lib/python3/dist-packages/colcon_core/task/python/colcon_distutils_commands:/home/ira/ros2_ws/install/talker_listener/lib/python3.10/site-packages:${PYTHONPATH} /usr/bin/python3 -W ignore:setup.py install is deprecated -W ignore:easy_install command is deprecated setup.py egg_info --egg-base ../../build/talker_listener build --build-base /home/ira/ros2_ws/build/talker_listener/build install --record /home/ira/ros2_ws/build/talker_listener/install.log --single-version-externally-managed install_data
[0.432s] running egg_info
[0.432s] writing ../../build/talker_listener/talker_listener.egg-info/PKG-INFO
[0.433s] writing dependency_links to ../../build/talker_listener/talker_listener.egg-info/dependency_links.txt
[0.433s] writing entry points to ../../build/talker_listener/talker_listener.egg-info/entry_points.txt
[0.433s] writing requirements to ../../build/talker_listener/talker_listener.egg-info/requires.txt
[0.433s] writing top-level names to ../../build/talker_listener/talker_listener.egg-info/top_level.txt
[0.433s] reading manifest file '../../build/talker_listener/talker_listener.egg-info/SOURCES.txt'
[0.434s] writing manifest file '../../build/talker_listener/talker_listener.egg-info/SOURCES.txt'
[0.434s] running build
[0.434s] running build_py
[0.434s] running install
[0.434s] running install_lib
[0.435s] running install_data
[0.435s] running install_egg_info
[0.436s] removing '/home/ira/ros2_ws/install/talker_listener/lib/python3.10/site-packages/talker_listener-0.0.0-py3.10.egg-info' (and everything under it)
[0.436s] Copying ../../build/talker_listener/talker_listener.egg-info to /home/ira/ros2_ws/install/talker_listener/lib/python3.10/site-packages/talker_listener-0.0.0-py3.10.egg-info
[0.436s] running install_scripts
[0.453s] Installing listener script to /home/ira/ros2_ws/install/talker_listener/lib/talker_listener
[0.453s] Installing talker script to /home/ira/ros2_ws/install/talker_listener/lib/talker_listener
[0.453s] writing list of installed files to '/home/ira/ros2_ws/build/talker_listener/install.log'
[0.467s] Invoked command in '/home/ira/ros2_ws/src/talker_listener' returned '0': PYTHONPATH=/home/ira/ros2_ws/build/talker_listener/prefix_override:/usr/lib/python3/dist-packages/colcon_core/task/python/colcon_distutils_commands:/home/ira/ros2_ws/install/talker_listener/lib/python3.10/site-packages:${PYTHONPATH} /usr/bin/python3 -W ignore:setup.py install is deprecated -W ignore:easy_install command is deprecated setup.py egg_info --egg-base ../../build/talker_listener build --build-base /home/ira/ros2_ws/build/talker_listener/build install --record /home/ira/ros2_ws/build/talker_listener/install.log --single-version-externally-managed install_data
