[1.016s] Invoking command in '/home/raghav097891/Desktop/ROS2_WS/src/launcher_package': PYTHONPATH=/home/raghav097891/Desktop/ROS2_WS/build/launcher_package/prefix_override:/usr/lib/python3/dist-packages/colcon_core/task/python/colcon_distutils_commands:/home/raghav097891/Desktop/ROS2_WS/install/launcher_package/lib/python3.10/site-packages:${PYTHONPATH} /usr/bin/python3 -W ignore:setup.py install is deprecated -W ignore:easy_install command is deprecated setup.py egg_info --egg-base ../../build/launcher_package build --build-base /home/raghav097891/Desktop/ROS2_WS/build/launcher_package/build install --record /home/raghav097891/Desktop/ROS2_WS/build/launcher_package/install.log --single-version-externally-managed install_data
[1.688s] running egg_info
[1.688s] writing ../../build/launcher_package/launcher_package.egg-info/PKG-INFO
[1.689s] writing dependency_links to ../../build/launcher_package/launcher_package.egg-info/dependency_links.txt
[1.689s] writing entry points to ../../build/launcher_package/launcher_package.egg-info/entry_points.txt
[1.689s] writing requirements to ../../build/launcher_package/launcher_package.egg-info/requires.txt
[1.689s] writing top-level names to ../../build/launcher_package/launcher_package.egg-info/top_level.txt
[1.691s] reading manifest file '../../build/launcher_package/launcher_package.egg-info/SOURCES.txt'
[1.692s] writing manifest file '../../build/launcher_package/launcher_package.egg-info/SOURCES.txt'
[1.692s] running build
[1.692s] running build_py
[1.692s] copying launcher_package/launchernode.py -> /home/raghav097891/Desktop/ROS2_WS/build/launcher_package/build/lib/launcher_package
[1.693s] running install
[1.693s] running install_lib
[1.694s] copying /home/raghav097891/Desktop/ROS2_WS/build/launcher_package/build/lib/launcher_package/launchernode.py -> /home/raghav097891/Desktop/ROS2_WS/install/launcher_package/lib/python3.10/site-packages/launcher_package
[1.695s] byte-compiling /home/raghav097891/Desktop/ROS2_WS/install/launcher_package/lib/python3.10/site-packages/launcher_package/launchernode.py to launchernode.cpython-310.pyc
[1.695s] running install_data
[1.695s] running install_egg_info
[1.697s] removing '/home/raghav097891/Desktop/ROS2_WS/install/launcher_package/lib/python3.10/site-packages/launcher_package-0.0.0-py3.10.egg-info' (and everything under it)
[1.697s] Copying ../../build/launcher_package/launcher_package.egg-info to /home/raghav097891/Desktop/ROS2_WS/install/launcher_package/lib/python3.10/site-packages/launcher_package-0.0.0-py3.10.egg-info
[1.698s] running install_scripts
[1.740s] Installing launchernode script to /home/raghav097891/Desktop/ROS2_WS/install/launcher_package/lib/launcher_package
[1.740s] Installing listenernode script to /home/raghav097891/Desktop/ROS2_WS/install/launcher_package/lib/launcher_package
[1.740s] Installing talkernode script to /home/raghav097891/Desktop/ROS2_WS/install/launcher_package/lib/launcher_package
[1.740s] writing list of installed files to '/home/raghav097891/Desktop/ROS2_WS/build/launcher_package/install.log'
[1.771s] Invoked command in '/home/raghav097891/Desktop/ROS2_WS/src/launcher_package' returned '0': PYTHONPATH=/home/raghav097891/Desktop/ROS2_WS/build/launcher_package/prefix_override:/usr/lib/python3/dist-packages/colcon_core/task/python/colcon_distutils_commands:/home/raghav097891/Desktop/ROS2_WS/install/launcher_package/lib/python3.10/site-packages:${PYTHONPATH} /usr/bin/python3 -W ignore:setup.py install is deprecated -W ignore:easy_install command is deprecated setup.py egg_info --egg-base ../../build/launcher_package build --build-base /home/raghav097891/Desktop/ROS2_WS/build/launcher_package/build install --record /home/raghav097891/Desktop/ROS2_WS/build/launcher_package/install.log --single-version-externally-managed install_data
