running egg_info
creating ../../build/ros2_talker_listener/ros2_talker_listener.egg-info
writing ../../build/ros2_talker_listener/ros2_talker_listener.egg-info/PKG-INFO
writing dependency_links to ../../build/ros2_talker_listener/ros2_talker_listener.egg-info/dependency_links.txt
writing entry points to ../../build/ros2_talker_listener/ros2_talker_listener.egg-info/entry_points.txt
writing requirements to ../../build/ros2_talker_listener/ros2_talker_listener.egg-info/requires.txt
writing top-level names to ../../build/ros2_talker_listener/ros2_talker_listener.egg-info/top_level.txt
writing manifest file '../../build/ros2_talker_listener/ros2_talker_listener.egg-info/SOURCES.txt'
reading manifest file '../../build/ros2_talker_listener/ros2_talker_listener.egg-info/SOURCES.txt'
writing manifest file '../../build/ros2_talker_listener/ros2_talker_listener.egg-info/SOURCES.txt'
running build
running build_py
creating /home/aarzoo/ros2_ws/build/ros2_talker_listener/build
creating /home/aarzoo/ros2_ws/build/ros2_talker_listener/build/lib
creating /home/aarzoo/ros2_ws/build/ros2_talker_listener/build/lib/ros2_talker_listener
copying ros2_talker_listener/listener.py -> /home/aarzoo/ros2_ws/build/ros2_talker_listener/build/lib/ros2_talker_listener
copying ros2_talker_listener/__init__.py -> /home/aarzoo/ros2_ws/build/ros2_talker_listener/build/lib/ros2_talker_listener
copying ros2_talker_listener/talker.py -> /home/aarzoo/ros2_ws/build/ros2_talker_listener/build/lib/ros2_talker_listener
running install
running install_lib
creating /home/aarzoo/ros2_ws/install/ros2_talker_listener/lib/python3.10/site-packages/ros2_talker_listener
copying /home/aarzoo/ros2_ws/build/ros2_talker_listener/build/lib/ros2_talker_listener/listener.py -> /home/aarzoo/ros2_ws/install/ros2_talker_listener/lib/python3.10/site-packages/ros2_talker_listener
copying /home/aarzoo/ros2_ws/build/ros2_talker_listener/build/lib/ros2_talker_listener/__init__.py -> /home/aarzoo/ros2_ws/install/ros2_talker_listener/lib/python3.10/site-packages/ros2_talker_listener
copying /home/aarzoo/ros2_ws/build/ros2_talker_listener/build/lib/ros2_talker_listener/talker.py -> /home/aarzoo/ros2_ws/install/ros2_talker_listener/lib/python3.10/site-packages/ros2_talker_listener
byte-compiling /home/aarzoo/ros2_ws/install/ros2_talker_listener/lib/python3.10/site-packages/ros2_talker_listener/listener.py to listener.cpython-310.pyc
byte-compiling /home/aarzoo/ros2_ws/install/ros2_talker_listener/lib/python3.10/site-packages/ros2_talker_listener/__init__.py to __init__.cpython-310.pyc
byte-compiling /home/aarzoo/ros2_ws/install/ros2_talker_listener/lib/python3.10/site-packages/ros2_talker_listener/talker.py to talker.cpython-310.pyc
running install_data
creating /home/aarzoo/ros2_ws/install/ros2_talker_listener/share/ament_index
creating /home/aarzoo/ros2_ws/install/ros2_talker_listener/share/ament_index/resource_index
creating /home/aarzoo/ros2_ws/install/ros2_talker_listener/share/ament_index/resource_index/packages
copying resource/ros2_talker_listener -> /home/aarzoo/ros2_ws/install/ros2_talker_listener/share/ament_index/resource_index/packages
copying package.xml -> /home/aarzoo/ros2_ws/install/ros2_talker_listener/share/ros2_talker_listener
creating /home/aarzoo/ros2_ws/install/ros2_talker_listener/share/ros2_talker_listener/launch
copying launch/talker_listener_launch.py -> /home/aarzoo/ros2_ws/install/ros2_talker_listener/share/ros2_talker_listener/launch
running install_egg_info
Copying ../../build/ros2_talker_listener/ros2_talker_listener.egg-info to /home/aarzoo/ros2_ws/install/ros2_talker_listener/lib/python3.10/site-packages/ros2_talker_listener-0.0.1-py3.10.egg-info
running install_scripts
Installing listener script to /home/aarzoo/ros2_ws/install/ros2_talker_listener/lib/ros2_talker_listener
Installing talker script to /home/aarzoo/ros2_ws/install/ros2_talker_listener/lib/ros2_talker_listener
writing list of installed files to '/home/aarzoo/ros2_ws/build/ros2_talker_listener/install.log'
