[0.322s] Invoking command in '/home/aarzoo/ros2_ws/src/ros2_talker_listener': PYTHONPATH=/home/aarzoo/ros2_ws/build/ros2_talker_listener/prefix_override:/usr/lib/python3/dist-packages/colcon_core/task/python/colcon_distutils_commands:/home/aarzoo/ros2_ws/install/ros2_talker_listener/lib/python3.10/site-packages:${PYTHONPATH} /usr/bin/python3 -W ignore:setup.py install is deprecated -W ignore:easy_install command is deprecated setup.py egg_info --egg-base ../../build/ros2_talker_listener build --build-base /home/aarzoo/ros2_ws/build/ros2_talker_listener/build install --record /home/aarzoo/ros2_ws/build/ros2_talker_listener/install.log --single-version-externally-managed install_data
[0.453s] running egg_info
[0.453s] creating ../../build/ros2_talker_listener/ros2_talker_listener.egg-info
[0.453s] writing ../../build/ros2_talker_listener/ros2_talker_listener.egg-info/PKG-INFO
[0.453s] writing dependency_links to ../../build/ros2_talker_listener/ros2_talker_listener.egg-info/dependency_links.txt
[0.453s] writing entry points to ../../build/ros2_talker_listener/ros2_talker_listener.egg-info/entry_points.txt
[0.453s] writing requirements to ../../build/ros2_talker_listener/ros2_talker_listener.egg-info/requires.txt
[0.453s] writing top-level names to ../../build/ros2_talker_listener/ros2_talker_listener.egg-info/top_level.txt
[0.454s] writing manifest file '../../build/ros2_talker_listener/ros2_talker_listener.egg-info/SOURCES.txt'
[0.454s] reading manifest file '../../build/ros2_talker_listener/ros2_talker_listener.egg-info/SOURCES.txt'
[0.455s] writing manifest file '../../build/ros2_talker_listener/ros2_talker_listener.egg-info/SOURCES.txt'
[0.455s] running build
[0.455s] running build_py
[0.455s] creating /home/aarzoo/ros2_ws/build/ros2_talker_listener/build
[0.455s] creating /home/aarzoo/ros2_ws/build/ros2_talker_listener/build/lib
[0.455s] creating /home/aarzoo/ros2_ws/build/ros2_talker_listener/build/lib/ros2_talker_listener
[0.455s] copying ros2_talker_listener/listener.py -> /home/aarzoo/ros2_ws/build/ros2_talker_listener/build/lib/ros2_talker_listener
[0.455s] copying ros2_talker_listener/__init__.py -> /home/aarzoo/ros2_ws/build/ros2_talker_listener/build/lib/ros2_talker_listener
[0.455s] copying ros2_talker_listener/talker.py -> /home/aarzoo/ros2_ws/build/ros2_talker_listener/build/lib/ros2_talker_listener
[0.455s] running install
[0.455s] running install_lib
[0.457s] creating /home/aarzoo/ros2_ws/install/ros2_talker_listener/lib/python3.10/site-packages/ros2_talker_listener
[0.457s] copying /home/aarzoo/ros2_ws/build/ros2_talker_listener/build/lib/ros2_talker_listener/listener.py -> /home/aarzoo/ros2_ws/install/ros2_talker_listener/lib/python3.10/site-packages/ros2_talker_listener
[0.457s] copying /home/aarzoo/ros2_ws/build/ros2_talker_listener/build/lib/ros2_talker_listener/__init__.py -> /home/aarzoo/ros2_ws/install/ros2_talker_listener/lib/python3.10/site-packages/ros2_talker_listener
[0.457s] copying /home/aarzoo/ros2_ws/build/ros2_talker_listener/build/lib/ros2_talker_listener/talker.py -> /home/aarzoo/ros2_ws/install/ros2_talker_listener/lib/python3.10/site-packages/ros2_talker_listener
[0.457s] byte-compiling /home/aarzoo/ros2_ws/install/ros2_talker_listener/lib/python3.10/site-packages/ros2_talker_listener/listener.py to listener.cpython-310.pyc
[0.457s] byte-compiling /home/aarzoo/ros2_ws/install/ros2_talker_listener/lib/python3.10/site-packages/ros2_talker_listener/__init__.py to __init__.cpython-310.pyc
[0.457s] byte-compiling /home/aarzoo/ros2_ws/install/ros2_talker_listener/lib/python3.10/site-packages/ros2_talker_listener/talker.py to talker.cpython-310.pyc
[0.458s] running install_data
[0.458s] creating /home/aarzoo/ros2_ws/install/ros2_talker_listener/share/ament_index
[0.458s] creating /home/aarzoo/ros2_ws/install/ros2_talker_listener/share/ament_index/resource_index
[0.458s] creating /home/aarzoo/ros2_ws/install/ros2_talker_listener/share/ament_index/resource_index/packages
[0.458s] copying resource/ros2_talker_listener -> /home/aarzoo/ros2_ws/install/ros2_talker_listener/share/ament_index/resource_index/packages
[0.458s] copying package.xml -> /home/aarzoo/ros2_ws/install/ros2_talker_listener/share/ros2_talker_listener
[0.458s] creating /home/aarzoo/ros2_ws/install/ros2_talker_listener/share/ros2_talker_listener/launch
[0.458s] copying launch/talker_listener_launch.py -> /home/aarzoo/ros2_ws/install/ros2_talker_listener/share/ros2_talker_listener/launch
[0.458s] running install_egg_info
[0.459s] Copying ../../build/ros2_talker_listener/ros2_talker_listener.egg-info to /home/aarzoo/ros2_ws/install/ros2_talker_listener/lib/python3.10/site-packages/ros2_talker_listener-0.0.1-py3.10.egg-info
[0.459s] running install_scripts
[0.471s] Installing listener script to /home/aarzoo/ros2_ws/install/ros2_talker_listener/lib/ros2_talker_listener
[0.471s] Installing talker script to /home/aarzoo/ros2_ws/install/ros2_talker_listener/lib/ros2_talker_listener
[0.471s] writing list of installed files to '/home/aarzoo/ros2_ws/build/ros2_talker_listener/install.log'
[0.489s] Invoked command in '/home/aarzoo/ros2_ws/src/ros2_talker_listener' returned '0': PYTHONPATH=/home/aarzoo/ros2_ws/build/ros2_talker_listener/prefix_override:/usr/lib/python3/dist-packages/colcon_core/task/python/colcon_distutils_commands:/home/aarzoo/ros2_ws/install/ros2_talker_listener/lib/python3.10/site-packages:${PYTHONPATH} /usr/bin/python3 -W ignore:setup.py install is deprecated -W ignore:easy_install command is deprecated setup.py egg_info --egg-base ../../build/ros2_talker_listener build --build-base /home/aarzoo/ros2_ws/build/ros2_talker_listener/build install --record /home/aarzoo/ros2_ws/build/ros2_talker_listener/install.log --single-version-externally-managed install_data
