[0.376s] DEBUG:colcon:Command line arguments: ['/usr/bin/colcon', 'build']
[0.377s] DEBUG:colcon:Parsed command line arguments: Namespace(log_base=None, log_level=None, verb_name='build', build_base='build', install_base='install', merge_install=False, symlink_install=False, test_result_base=None, continue_on_error=False, executor='parallel', parallel_workers=4, event_handlers=None, ignore_user_meta=False, metas=['./colcon.meta'], base_paths=['.'], packages_ignore=None, packages_ignore_regex=None, paths=None, packages_up_to=None, packages_up_to_regex=None, packages_above=None, packages_above_and_dependencies=None, packages_above_depth=None, packages_select_by_dep=None, packages_skip_by_dep=None, packages_skip_up_to=None, packages_select_build_failed=False, packages_skip_build_finished=False, packages_select_test_failures=False, packages_skip_test_passed=False, packages_select=None, packages_skip=None, packages_select_regex=None, packages_skip_regex=None, packages_start=None, packages_end=None, allow_overriding=[], cmake_args=None, cmake_target=None, cmake_target_skip_unavailable=False, cmake_clean_cache=False, cmake_clean_first=False, cmake_force_configure=False, ament_cmake_args=None, catkin_cmake_args=None, catkin_skip_building_tests=False, verb_parser=<colcon_defaults.argument_parser.defaults.DefaultArgumentsDecorator object at 0xffffb5f18250>, verb_extension=<colcon_core.verb.build.BuildVerb object at 0xffffb60bd660>, main=<bound method BuildVerb.main of <colcon_core.verb.build.BuildVerb object at 0xffffb60bd660>>)
[1.015s] Level 1:colcon.colcon_core.package_discovery:discover_packages(colcon_meta) check parameters
[1.018s] Level 1:colcon.colcon_core.package_discovery:discover_packages(recursive) check parameters
[1.019s] Level 1:colcon.colcon_core.package_discovery:discover_packages(ignore) check parameters
[1.019s] Level 1:colcon.colcon_core.package_discovery:discover_packages(path) check parameters
[1.019s] Level 1:colcon.colcon_core.package_discovery:discover_packages(colcon_meta) discover
[1.021s] Level 1:colcon.colcon_core.package_discovery:discover_packages(recursive) discover
[1.021s] INFO:colcon.colcon_core.package_discovery:Crawling recursively for packages in '/home/raghav097891/Desktop/ROS2_WS'
[1.022s] Level 1:colcon.colcon_core.package_identification:_identify(.) by extensions ['ignore', 'ignore_ament_install']
[1.024s] Level 1:colcon.colcon_core.package_identification:_identify(.) by extension 'ignore'
[1.024s] Level 1:colcon.colcon_core.package_identification:_identify(.) by extension 'ignore_ament_install'
[1.025s] Level 1:colcon.colcon_core.package_identification:_identify(.) by extensions ['colcon_pkg']
[1.025s] Level 1:colcon.colcon_core.package_identification:_identify(.) by extension 'colcon_pkg'
[1.025s] Level 1:colcon.colcon_core.package_identification:_identify(.) by extensions ['colcon_meta']
[1.025s] Level 1:colcon.colcon_core.package_identification:_identify(.) by extension 'colcon_meta'
[1.025s] Level 1:colcon.colcon_core.package_identification:_identify(.) by extensions ['ros']
[1.026s] Level 1:colcon.colcon_core.package_identification:_identify(.) by extension 'ros'
[1.053s] Level 1:colcon.colcon_core.package_identification:_identify(.) by extensions ['cmake', 'python']
[1.053s] Level 1:colcon.colcon_core.package_identification:_identify(.) by extension 'cmake'
[1.053s] Level 1:colcon.colcon_core.package_identification:_identify(.) by extension 'python'
[1.053s] Level 1:colcon.colcon_core.package_identification:_identify(.) by extensions ['python_setup_py']
[1.053s] Level 1:colcon.colcon_core.package_identification:_identify(.) by extension 'python_setup_py'
[1.053s] Level 1:colcon.colcon_core.package_identification:_identify(build) by extensions ['ignore', 'ignore_ament_install']
[1.053s] Level 1:colcon.colcon_core.package_identification:_identify(build) by extension 'ignore'
[1.053s] Level 1:colcon.colcon_core.package_identification:_identify(build) ignored
[1.054s] Level 1:colcon.colcon_core.package_identification:_identify(install) by extensions ['ignore', 'ignore_ament_install']
[1.054s] Level 1:colcon.colcon_core.package_identification:_identify(install) by extension 'ignore'
[1.054s] Level 1:colcon.colcon_core.package_identification:_identify(install) ignored
[1.054s] Level 1:colcon.colcon_core.package_identification:_identify(log) by extensions ['ignore', 'ignore_ament_install']
[1.054s] Level 1:colcon.colcon_core.package_identification:_identify(log) by extension 'ignore'
[1.054s] Level 1:colcon.colcon_core.package_identification:_identify(log) ignored
[1.055s] Level 1:colcon.colcon_core.package_identification:_identify(src) by extensions ['ignore', 'ignore_ament_install']
[1.055s] Level 1:colcon.colcon_core.package_identification:_identify(src) by extension 'ignore'
[1.055s] Level 1:colcon.colcon_core.package_identification:_identify(src) by extension 'ignore_ament_install'
[1.055s] Level 1:colcon.colcon_core.package_identification:_identify(src) by extensions ['colcon_pkg']
[1.055s] Level 1:colcon.colcon_core.package_identification:_identify(src) by extension 'colcon_pkg'
[1.055s] Level 1:colcon.colcon_core.package_identification:_identify(src) by extensions ['colcon_meta']
[1.055s] Level 1:colcon.colcon_core.package_identification:_identify(src) by extension 'colcon_meta'
[1.055s] Level 1:colcon.colcon_core.package_identification:_identify(src) by extensions ['ros']
[1.055s] Level 1:colcon.colcon_core.package_identification:_identify(src) by extension 'ros'
[1.055s] Level 1:colcon.colcon_core.package_identification:_identify(src) by extensions ['cmake', 'python']
[1.055s] Level 1:colcon.colcon_core.package_identification:_identify(src) by extension 'cmake'
[1.055s] Level 1:colcon.colcon_core.package_identification:_identify(src) by extension 'python'
[1.055s] Level 1:colcon.colcon_core.package_identification:_identify(src) by extensions ['python_setup_py']
[1.055s] Level 1:colcon.colcon_core.package_identification:_identify(src) by extension 'python_setup_py'
[1.056s] Level 1:colcon.colcon_core.package_identification:_identify(src/launcher_package) by extensions ['ignore', 'ignore_ament_install']
[1.056s] Level 1:colcon.colcon_core.package_identification:_identify(src/launcher_package) by extension 'ignore'
[1.056s] Level 1:colcon.colcon_core.package_identification:_identify(src/launcher_package) by extension 'ignore_ament_install'
[1.056s] Level 1:colcon.colcon_core.package_identification:_identify(src/launcher_package) by extensions ['colcon_pkg']
[1.056s] Level 1:colcon.colcon_core.package_identification:_identify(src/launcher_package) by extension 'colcon_pkg'
[1.056s] Level 1:colcon.colcon_core.package_identification:_identify(src/launcher_package) by extensions ['colcon_meta']
[1.056s] Level 1:colcon.colcon_core.package_identification:_identify(src/launcher_package) by extension 'colcon_meta'
[1.056s] Level 1:colcon.colcon_core.package_identification:_identify(src/launcher_package) by extensions ['ros']
[1.056s] Level 1:colcon.colcon_core.package_identification:_identify(src/launcher_package) by extension 'ros'
[1.064s] DEBUG:colcon.colcon_core.package_identification:Package 'src/launcher_package' with type 'ros.ament_python' and name 'launcher_package'
[1.064s] Level 1:colcon.colcon_core.package_discovery:discover_packages(recursive) using defaults
[1.064s] Level 1:colcon.colcon_core.package_discovery:discover_packages(ignore) discover
[1.064s] Level 1:colcon.colcon_core.package_discovery:discover_packages(ignore) using defaults
[1.064s] Level 1:colcon.colcon_core.package_discovery:discover_packages(path) discover
[1.064s] Level 1:colcon.colcon_core.package_discovery:discover_packages(path) using defaults
[1.151s] Level 1:colcon.colcon_core.package_discovery:discover_packages(prefix_path) check parameters
[1.151s] Level 1:colcon.colcon_core.package_discovery:discover_packages(prefix_path) discover
[1.158s] DEBUG:colcon.colcon_installed_package_information.package_discovery:Found 271 installed packages in /opt/ros/humble
[1.160s] Level 1:colcon.colcon_core.package_discovery:discover_packages(prefix_path) using defaults
[1.208s] Level 5:colcon.colcon_core.verb:set package 'launcher_package' build argument 'cmake_args' from command line to 'None'
[1.208s] Level 5:colcon.colcon_core.verb:set package 'launcher_package' build argument 'cmake_target' from command line to 'None'
[1.208s] Level 5:colcon.colcon_core.verb:set package 'launcher_package' build argument 'cmake_target_skip_unavailable' from command line to 'False'
[1.208s] Level 5:colcon.colcon_core.verb:set package 'launcher_package' build argument 'cmake_clean_cache' from command line to 'False'
[1.208s] Level 5:colcon.colcon_core.verb:set package 'launcher_package' build argument 'cmake_clean_first' from command line to 'False'
[1.208s] Level 5:colcon.colcon_core.verb:set package 'launcher_package' build argument 'cmake_force_configure' from command line to 'False'
[1.208s] Level 5:colcon.colcon_core.verb:set package 'launcher_package' build argument 'ament_cmake_args' from command line to 'None'
[1.208s] Level 5:colcon.colcon_core.verb:set package 'launcher_package' build argument 'catkin_cmake_args' from command line to 'None'
[1.208s] Level 5:colcon.colcon_core.verb:set package 'launcher_package' build argument 'catkin_skip_building_tests' from command line to 'False'
[1.208s] DEBUG:colcon.colcon_core.verb:Building package 'launcher_package' with the following arguments: {'ament_cmake_args': None, 'build_base': '/home/raghav097891/Desktop/ROS2_WS/build/launcher_package', 'catkin_cmake_args': None, 'catkin_skip_building_tests': False, 'cmake_args': None, 'cmake_clean_cache': False, 'cmake_clean_first': False, 'cmake_force_configure': False, 'cmake_target': None, 'cmake_target_skip_unavailable': False, 'install_base': '/home/raghav097891/Desktop/ROS2_WS/install/launcher_package', 'merge_install': False, 'path': '/home/raghav097891/Desktop/ROS2_WS/src/launcher_package', 'symlink_install': False, 'test_result_base': None}
[1.209s] INFO:colcon.colcon_core.executor:Executing jobs using 'parallel' executor
[1.211s] DEBUG:colcon.colcon_parallel_executor.executor.parallel:run_until_complete
[1.212s] INFO:colcon.colcon_ros.task.ament_python.build:Building ROS package in '/home/raghav097891/Desktop/ROS2_WS/src/launcher_package' with build type 'ament_python'
[1.212s] Level 1:colcon.colcon_core.shell:create_environment_hook('launcher_package', 'ament_prefix_path')
[1.228s] INFO:colcon.colcon_core.plugin_system:Skipping extension 'colcon_core.shell.bat': Not used on non-Windows systems
[1.228s] INFO:colcon.colcon_core.shell:Creating environment hook '/home/raghav097891/Desktop/ROS2_WS/install/launcher_package/share/launcher_package/hook/ament_prefix_path.ps1'
[1.232s] INFO:colcon.colcon_core.shell:Creating environment descriptor '/home/raghav097891/Desktop/ROS2_WS/install/launcher_package/share/launcher_package/hook/ament_prefix_path.dsv'
[1.234s] INFO:colcon.colcon_core.shell:Creating environment hook '/home/raghav097891/Desktop/ROS2_WS/install/launcher_package/share/launcher_package/hook/ament_prefix_path.sh'
[1.235s] INFO:colcon.colcon_core.shell:Skip shell extension 'powershell' for command environment: Not usable outside of PowerShell
[1.235s] DEBUG:colcon.colcon_core.shell:Skip shell extension 'dsv' for command environment
[1.574s] INFO:colcon.colcon_core.task.python.build:Building Python package in '/home/raghav097891/Desktop/ROS2_WS/src/launcher_package'
[1.576s] INFO:colcon.colcon_core.shell:Skip shell extension 'powershell' for command environment: Not usable outside of PowerShell
[1.576s] DEBUG:colcon.colcon_core.shell:Skip shell extension 'dsv' for command environment
[2.683s] DEBUG:colcon.colcon_core.event_handler.log_command:Invoking command in '/home/raghav097891/Desktop/ROS2_WS/src/launcher_package': PYTHONPATH=/home/raghav097891/Desktop/ROS2_WS/build/launcher_package/prefix_override:/usr/lib/python3/dist-packages/colcon_core/task/python/colcon_distutils_commands:/home/raghav097891/Desktop/ROS2_WS/install/launcher_package/lib/python3.10/site-packages:${PYTHONPATH} /usr/bin/python3 -W ignore:setup.py install is deprecated -W ignore:easy_install command is deprecated setup.py egg_info --egg-base ../../build/launcher_package build --build-base /home/raghav097891/Desktop/ROS2_WS/build/launcher_package/build install --record /home/raghav097891/Desktop/ROS2_WS/build/launcher_package/install.log --single-version-externally-managed install_data
[3.148s] DEBUG:colcon.colcon_core.event_handler.log_command:Invoked command in '/home/raghav097891/Desktop/ROS2_WS/src/launcher_package' returned '0': PYTHONPATH=/home/raghav097891/Desktop/ROS2_WS/build/launcher_package/prefix_override:/usr/lib/python3/dist-packages/colcon_core/task/python/colcon_distutils_commands:/home/raghav097891/Desktop/ROS2_WS/install/launcher_package/lib/python3.10/site-packages:${PYTHONPATH} /usr/bin/python3 -W ignore:setup.py install is deprecated -W ignore:easy_install command is deprecated setup.py egg_info --egg-base ../../build/launcher_package build --build-base /home/raghav097891/Desktop/ROS2_WS/build/launcher_package/build install --record /home/raghav097891/Desktop/ROS2_WS/build/launcher_package/install.log --single-version-externally-managed install_data
[3.155s] Level 1:colcon.colcon_core.environment:checking '/home/raghav097891/Desktop/ROS2_WS/install/launcher_package' for CMake module files
[3.156s] Level 1:colcon.colcon_core.environment:checking '/home/raghav097891/Desktop/ROS2_WS/install/launcher_package' for CMake config files
[3.157s] Level 1:colcon.colcon_core.environment:checking '/home/raghav097891/Desktop/ROS2_WS/install/launcher_package/lib'
[3.157s] Level 1:colcon.colcon_core.environment:checking '/home/raghav097891/Desktop/ROS2_WS/install/launcher_package/bin'
[3.158s] Level 1:colcon.colcon_core.environment:checking '/home/raghav097891/Desktop/ROS2_WS/install/launcher_package/lib/pkgconfig/launcher_package.pc'
[3.158s] Level 1:colcon.colcon_core.environment:checking '/home/raghav097891/Desktop/ROS2_WS/install/launcher_package/lib/python3.10/site-packages'
[3.158s] Level 1:colcon.colcon_core.shell:create_environment_hook('launcher_package', 'pythonpath')
[3.158s] INFO:colcon.colcon_core.shell:Creating environment hook '/home/raghav097891/Desktop/ROS2_WS/install/launcher_package/share/launcher_package/hook/pythonpath.ps1'
[3.159s] INFO:colcon.colcon_core.shell:Creating environment descriptor '/home/raghav097891/Desktop/ROS2_WS/install/launcher_package/share/launcher_package/hook/pythonpath.dsv'
[3.159s] INFO:colcon.colcon_core.shell:Creating environment hook '/home/raghav097891/Desktop/ROS2_WS/install/launcher_package/share/launcher_package/hook/pythonpath.sh'
[3.160s] Level 1:colcon.colcon_core.environment:checking '/home/raghav097891/Desktop/ROS2_WS/install/launcher_package/bin'
[3.160s] Level 1:colcon.colcon_core.environment:create_environment_scripts_only(launcher_package)
[3.160s] INFO:colcon.colcon_core.shell:Creating package script '/home/raghav097891/Desktop/ROS2_WS/install/launcher_package/share/launcher_package/package.ps1'
[3.161s] INFO:colcon.colcon_core.shell:Creating package descriptor '/home/raghav097891/Desktop/ROS2_WS/install/launcher_package/share/launcher_package/package.dsv'
[3.161s] INFO:colcon.colcon_core.shell:Creating package script '/home/raghav097891/Desktop/ROS2_WS/install/launcher_package/share/launcher_package/package.sh'
[3.162s] INFO:colcon.colcon_core.shell:Creating package script '/home/raghav097891/Desktop/ROS2_WS/install/launcher_package/share/launcher_package/package.bash'
[3.163s] INFO:colcon.colcon_core.shell:Creating package script '/home/raghav097891/Desktop/ROS2_WS/install/launcher_package/share/launcher_package/package.zsh'
[3.165s] Level 1:colcon.colcon_core.environment:create_file_with_runtime_dependencies(/home/raghav097891/Desktop/ROS2_WS/install/launcher_package/share/colcon-core/packages/launcher_package)
[3.171s] DEBUG:colcon.colcon_parallel_executor.executor.parallel:closing loop
[3.172s] DEBUG:colcon.colcon_parallel_executor.executor.parallel:loop closed
[3.172s] DEBUG:colcon.colcon_parallel_executor.executor.parallel:run_until_complete finished with '0'
[3.173s] DEBUG:colcon.colcon_core.event_reactor:joining thread
[3.189s] INFO:colcon.colcon_core.plugin_system:Skipping extension 'colcon_notification.desktop_notification.terminal_notifier': Not used on non-Darwin systems
[3.189s] INFO:colcon.colcon_core.plugin_system:Skipping extension 'colcon_notification.desktop_notification.win32': Not used on non-Windows systems
[3.189s] INFO:colcon.colcon_notification.desktop_notification:Sending desktop notification using 'notify2'
[3.415s] DEBUG:colcon.colcon_core.event_reactor:joined thread
[3.416s] INFO:colcon.colcon_core.shell:Creating prefix script '/home/raghav097891/Desktop/ROS2_WS/install/local_setup.ps1'
[3.418s] INFO:colcon.colcon_core.shell:Creating prefix util module '/home/raghav097891/Desktop/ROS2_WS/install/_local_setup_util_ps1.py'
[3.419s] INFO:colcon.colcon_core.shell:Creating prefix chain script '/home/raghav097891/Desktop/ROS2_WS/install/setup.ps1'
[3.421s] INFO:colcon.colcon_core.shell:Creating prefix script '/home/raghav097891/Desktop/ROS2_WS/install/local_setup.sh'
[3.421s] INFO:colcon.colcon_core.shell:Creating prefix util module '/home/raghav097891/Desktop/ROS2_WS/install/_local_setup_util_sh.py'
[3.422s] INFO:colcon.colcon_core.shell:Creating prefix chain script '/home/raghav097891/Desktop/ROS2_WS/install/setup.sh'
[3.423s] INFO:colcon.colcon_core.shell:Creating prefix script '/home/raghav097891/Desktop/ROS2_WS/install/local_setup.bash'
[3.423s] INFO:colcon.colcon_core.shell:Creating prefix chain script '/home/raghav097891/Desktop/ROS2_WS/install/setup.bash'
[3.424s] INFO:colcon.colcon_core.shell:Creating prefix script '/home/raghav097891/Desktop/ROS2_WS/install/local_setup.zsh'
[3.425s] INFO:colcon.colcon_core.shell:Creating prefix chain script '/home/raghav097891/Desktop/ROS2_WS/install/setup.zsh'
