running egg_info
creating ../build/talker_pkg/talker_pkg.egg-info
writing ../build/talker_pkg/talker_pkg.egg-info/PKG-INFO
writing dependency_links to ../build/talker_pkg/talker_pkg.egg-info/dependency_links.txt
writing entry points to ../build/talker_pkg/talker_pkg.egg-info/entry_points.txt
writing requirements to ../build/talker_pkg/talker_pkg.egg-info/requires.txt
writing top-level names to ../build/talker_pkg/talker_pkg.egg-info/top_level.txt
writing manifest file '../build/talker_pkg/talker_pkg.egg-info/SOURCES.txt'
reading manifest file '../build/talker_pkg/talker_pkg.egg-info/SOURCES.txt'
writing manifest file '../build/talker_pkg/talker_pkg.egg-info/SOURCES.txt'
running build
running build_py
creating /home/aarzoo/ros2_ws/build/talker_pkg/build
creating /home/aarzoo/ros2_ws/build/talker_pkg/build/lib
creating /home/aarzoo/ros2_ws/build/talker_pkg/build/lib/talker_pkg
copying talker_pkg/__init__.py -> /home/aarzoo/ros2_ws/build/talker_pkg/build/lib/talker_pkg
running install
running install_lib
creating /home/aarzoo/ros2_ws/install/talker_pkg/lib/python3.10/site-packages/talker_pkg
copying /home/aarzoo/ros2_ws/build/talker_pkg/build/lib/talker_pkg/__init__.py -> /home/aarzoo/ros2_ws/install/talker_pkg/lib/python3.10/site-packages/talker_pkg
byte-compiling /home/aarzoo/ros2_ws/install/talker_pkg/lib/python3.10/site-packages/talker_pkg/__init__.py to __init__.cpython-310.pyc
running install_data
creating /home/aarzoo/ros2_ws/install/talker_pkg/share/ament_index
creating /home/aarzoo/ros2_ws/install/talker_pkg/share/ament_index/resource_index
creating /home/aarzoo/ros2_ws/install/talker_pkg/share/ament_index/resource_index/packages
copying resource/talker_pkg -> /home/aarzoo/ros2_ws/install/talker_pkg/share/ament_index/resource_index/packages
copying package.xml -> /home/aarzoo/ros2_ws/install/talker_pkg/share/talker_pkg
running install_egg_info
Copying ../build/talker_pkg/talker_pkg.egg-info to /home/aarzoo/ros2_ws/install/talker_pkg/lib/python3.10/site-packages/talker_pkg-0.0.0-py3.10.egg-info
running install_scripts
writing list of installed files to '/home/aarzoo/ros2_ws/build/talker_pkg/install.log'
