[0.499s] Invoking command in '/home/aarzoo/ros2_ws/talker_pkg': PYTHONPATH=/home/aarzoo/ros2_ws/build/talker_pkg/prefix_override:/usr/lib/python3/dist-packages/colcon_core/task/python/colcon_distutils_commands:/home/aarzoo/ros2_ws/install/talker_pkg/lib/python3.10/site-packages:${PYTHONPATH} /usr/bin/python3 -W ignore:setup.py install is deprecated -W ignore:easy_install command is deprecated setup.py egg_info --egg-base ../build/talker_pkg build --build-base /home/aarzoo/ros2_ws/build/talker_pkg/build install --record /home/aarzoo/ros2_ws/build/talker_pkg/install.log --single-version-externally-managed install_data
[0.679s] running egg_info
[0.679s] creating ../build/talker_pkg/talker_pkg.egg-info
[0.679s] writing ../build/talker_pkg/talker_pkg.egg-info/PKG-INFO
[0.680s] writing dependency_links to ../build/talker_pkg/talker_pkg.egg-info/dependency_links.txt
[0.680s] writing entry points to ../build/talker_pkg/talker_pkg.egg-info/entry_points.txt
[0.680s] writing requirements to ../build/talker_pkg/talker_pkg.egg-info/requires.txt
[0.680s] writing top-level names to ../build/talker_pkg/talker_pkg.egg-info/top_level.txt
[0.680s] writing manifest file '../build/talker_pkg/talker_pkg.egg-info/SOURCES.txt'
[0.681s] reading manifest file '../build/talker_pkg/talker_pkg.egg-info/SOURCES.txt'
[0.681s] writing manifest file '../build/talker_pkg/talker_pkg.egg-info/SOURCES.txt'
[0.682s] running build
[0.682s] running build_py
[0.682s] creating /home/aarzoo/ros2_ws/build/talker_pkg/build
[0.682s] creating /home/aarzoo/ros2_ws/build/talker_pkg/build/lib
[0.682s] creating /home/aarzoo/ros2_ws/build/talker_pkg/build/lib/talker_pkg
[0.682s] copying talker_pkg/__init__.py -> /home/aarzoo/ros2_ws/build/talker_pkg/build/lib/talker_pkg
[0.682s] running install
[0.682s] running install_lib
[0.683s] creating /home/aarzoo/ros2_ws/install/talker_pkg/lib/python3.10/site-packages/talker_pkg
[0.683s] copying /home/aarzoo/ros2_ws/build/talker_pkg/build/lib/talker_pkg/__init__.py -> /home/aarzoo/ros2_ws/install/talker_pkg/lib/python3.10/site-packages/talker_pkg
[0.683s] byte-compiling /home/aarzoo/ros2_ws/install/talker_pkg/lib/python3.10/site-packages/talker_pkg/__init__.py to __init__.cpython-310.pyc
[0.684s] running install_data
[0.684s] creating /home/aarzoo/ros2_ws/install/talker_pkg/share/ament_index
[0.684s] creating /home/aarzoo/ros2_ws/install/talker_pkg/share/ament_index/resource_index
[0.684s] creating /home/aarzoo/ros2_ws/install/talker_pkg/share/ament_index/resource_index/packages
[0.684s] copying resource/talker_pkg -> /home/aarzoo/ros2_ws/install/talker_pkg/share/ament_index/resource_index/packages
[0.684s] copying package.xml -> /home/aarzoo/ros2_ws/install/talker_pkg/share/talker_pkg
[0.684s] running install_egg_info
[0.685s] Copying ../build/talker_pkg/talker_pkg.egg-info to /home/aarzoo/ros2_ws/install/talker_pkg/lib/python3.10/site-packages/talker_pkg-0.0.0-py3.10.egg-info
[0.686s] running install_scripts
[0.704s] writing list of installed files to '/home/aarzoo/ros2_ws/build/talker_pkg/install.log'
[0.740s] Invoked command in '/home/aarzoo/ros2_ws/talker_pkg' returned '0': PYTHONPATH=/home/aarzoo/ros2_ws/build/talker_pkg/prefix_override:/usr/lib/python3/dist-packages/colcon_core/task/python/colcon_distutils_commands:/home/aarzoo/ros2_ws/install/talker_pkg/lib/python3.10/site-packages:${PYTHONPATH} /usr/bin/python3 -W ignore:setup.py install is deprecated -W ignore:easy_install command is deprecated setup.py egg_info --egg-base ../build/talker_pkg build --build-base /home/aarzoo/ros2_ws/build/talker_pkg/build install --record /home/aarzoo/ros2_ws/build/talker_pkg/install.log --single-version-externally-managed install_data
