[1.469s] Invoking command in '/home/raghav097891/Desktop/ROS2_WS/src/launcher_package': PYTHONPATH=/home/raghav097891/Desktop/ROS2_WS/build/launcher_package/prefix_override:/usr/lib/python3/dist-packages/colcon_core/task/python/colcon_distutils_commands:/home/raghav097891/Desktop/ROS2_WS/install/launcher_package/lib/python3.10/site-packages:${PYTHONPATH} /usr/bin/python3 -W ignore:setup.py install is deprecated -W ignore:easy_install command is deprecated setup.py egg_info --egg-base ../../build/launcher_package build --build-base /home/raghav097891/Desktop/ROS2_WS/build/launcher_package/build install --record /home/raghav097891/Desktop/ROS2_WS/build/launcher_package/install.log --single-version-externally-managed install_data
[1.803s] running egg_info
[1.803s] creating ../../build/launcher_package/launcher_package.egg-info
[1.803s] writing ../../build/launcher_package/launcher_package.egg-info/PKG-INFO
[1.804s] writing dependency_links to ../../build/launcher_package/launcher_package.egg-info/dependency_links.txt
[1.804s] writing entry points to ../../build/launcher_package/launcher_package.egg-info/entry_points.txt
[1.804s] writing requirements to ../../build/launcher_package/launcher_package.egg-info/requires.txt
[1.804s] writing top-level names to ../../build/launcher_package/launcher_package.egg-info/top_level.txt
[1.805s] writing manifest file '../../build/launcher_package/launcher_package.egg-info/SOURCES.txt'
[1.808s] reading manifest file '../../build/launcher_package/launcher_package.egg-info/SOURCES.txt'
[1.809s] writing manifest file '../../build/launcher_package/launcher_package.egg-info/SOURCES.txt'
[1.809s] running build
[1.809s] running build_py
[1.809s] creating /home/raghav097891/Desktop/ROS2_WS/build/launcher_package/build
[1.810s] creating /home/raghav097891/Desktop/ROS2_WS/build/launcher_package/build/lib
[1.810s] creating /home/raghav097891/Desktop/ROS2_WS/build/launcher_package/build/lib/launcher_package
[1.810s] copying launcher_package/listenernode.py -> /home/raghav097891/Desktop/ROS2_WS/build/launcher_package/build/lib/launcher_package
[1.810s] copying launcher_package/talkernode.py -> /home/raghav097891/Desktop/ROS2_WS/build/launcher_package/build/lib/launcher_package
[1.810s] copying launcher_package/__init__.py -> /home/raghav097891/Desktop/ROS2_WS/build/launcher_package/build/lib/launcher_package
[1.810s] copying launcher_package/launchernode.py -> /home/raghav097891/Desktop/ROS2_WS/build/launcher_package/build/lib/launcher_package
[1.810s] running install
[1.811s] running install_lib
[1.811s] creating /home/raghav097891/Desktop/ROS2_WS/install/launcher_package/lib/python3.10/site-packages/launcher_package
[1.811s] copying /home/raghav097891/Desktop/ROS2_WS/build/launcher_package/build/lib/launcher_package/listenernode.py -> /home/raghav097891/Desktop/ROS2_WS/install/launcher_package/lib/python3.10/site-packages/launcher_package
[1.812s] copying /home/raghav097891/Desktop/ROS2_WS/build/launcher_package/build/lib/launcher_package/talkernode.py -> /home/raghav097891/Desktop/ROS2_WS/install/launcher_package/lib/python3.10/site-packages/launcher_package
[1.812s] copying /home/raghav097891/Desktop/ROS2_WS/build/launcher_package/build/lib/launcher_package/__init__.py -> /home/raghav097891/Desktop/ROS2_WS/install/launcher_package/lib/python3.10/site-packages/launcher_package
[1.812s] copying /home/raghav097891/Desktop/ROS2_WS/build/launcher_package/build/lib/launcher_package/launchernode.py -> /home/raghav097891/Desktop/ROS2_WS/install/launcher_package/lib/python3.10/site-packages/launcher_package
[1.812s] byte-compiling /home/raghav097891/Desktop/ROS2_WS/install/launcher_package/lib/python3.10/site-packages/launcher_package/listenernode.py to listenernode.cpython-310.pyc
[1.813s] byte-compiling /home/raghav097891/Desktop/ROS2_WS/install/launcher_package/lib/python3.10/site-packages/launcher_package/talkernode.py to talkernode.cpython-310.pyc
[1.813s] byte-compiling /home/raghav097891/Desktop/ROS2_WS/install/launcher_package/lib/python3.10/site-packages/launcher_package/__init__.py to __init__.cpython-310.pyc
[1.813s] byte-compiling /home/raghav097891/Desktop/ROS2_WS/install/launcher_package/lib/python3.10/site-packages/launcher_package/launchernode.py to launchernode.cpython-310.pyc
[1.814s] running install_data
[1.814s] creating /home/raghav097891/Desktop/ROS2_WS/install/launcher_package/share/ament_index
[1.814s] creating /home/raghav097891/Desktop/ROS2_WS/install/launcher_package/share/ament_index/resource_index
[1.814s] creating /home/raghav097891/Desktop/ROS2_WS/install/launcher_package/share/ament_index/resource_index/packages
[1.814s] copying resource/launcher_package -> /home/raghav097891/Desktop/ROS2_WS/install/launcher_package/share/ament_index/resource_index/packages
[1.814s] copying package.xml -> /home/raghav097891/Desktop/ROS2_WS/install/launcher_package/share/launcher_package
[1.815s] running install_egg_info
[1.817s] Copying ../../build/launcher_package/launcher_package.egg-info to /home/raghav097891/Desktop/ROS2_WS/install/launcher_package/lib/python3.10/site-packages/launcher_package-0.0.0-py3.10.egg-info
[1.819s] running install_scripts
[1.883s] Installing launchernode script to /home/raghav097891/Desktop/ROS2_WS/install/launcher_package/lib/launcher_package
[1.883s] Installing listenernode script to /home/raghav097891/Desktop/ROS2_WS/install/launcher_package/lib/launcher_package
[1.884s] Installing talkernode script to /home/raghav097891/Desktop/ROS2_WS/install/launcher_package/lib/launcher_package
[1.884s] writing list of installed files to '/home/raghav097891/Desktop/ROS2_WS/build/launcher_package/install.log'
[1.934s] Invoked command in '/home/raghav097891/Desktop/ROS2_WS/src/launcher_package' returned '0': PYTHONPATH=/home/raghav097891/Desktop/ROS2_WS/build/launcher_package/prefix_override:/usr/lib/python3/dist-packages/colcon_core/task/python/colcon_distutils_commands:/home/raghav097891/Desktop/ROS2_WS/install/launcher_package/lib/python3.10/site-packages:${PYTHONPATH} /usr/bin/python3 -W ignore:setup.py install is deprecated -W ignore:easy_install command is deprecated setup.py egg_info --egg-base ../../build/launcher_package build --build-base /home/raghav097891/Desktop/ROS2_WS/build/launcher_package/build install --record /home/raghav097891/Desktop/ROS2_WS/build/launcher_package/install.log --single-version-externally-managed install_data
