[0.236s] Invoking command in '/home/ubuntu/Desktop/ros_ass/src/py_pubsub': PYTHONPATH=/home/ubuntu/Desktop/ros_ass/build/py_pubsub/prefix_override:/usr/lib/python3/dist-packages/colcon_core/task/python/colcon_distutils_commands:/home/ubuntu/Desktop/ros_ass/install/py_pubsub/lib/python3.10/site-packages:${PYTHONPATH} /usr/bin/python3 -W ignore:setup.py install is deprecated -W ignore:easy_install command is deprecated setup.py egg_info --egg-base ../../build/py_pubsub build --build-base /home/ubuntu/Desktop/ros_ass/build/py_pubsub/build install --record /home/ubuntu/Desktop/ros_ass/build/py_pubsub/install.log --single-version-externally-managed install_data
[0.318s] running egg_info
[0.318s] writing ../../build/py_pubsub/py_pubsub.egg-info/PKG-INFO
[0.318s] writing dependency_links to ../../build/py_pubsub/py_pubsub.egg-info/dependency_links.txt
[0.318s] writing entry points to ../../build/py_pubsub/py_pubsub.egg-info/entry_points.txt
[0.318s] writing requirements to ../../build/py_pubsub/py_pubsub.egg-info/requires.txt
[0.318s] writing top-level names to ../../build/py_pubsub/py_pubsub.egg-info/top_level.txt
[0.319s] reading manifest file '../../build/py_pubsub/py_pubsub.egg-info/SOURCES.txt'
[0.320s] writing manifest file '../../build/py_pubsub/py_pubsub.egg-info/SOURCES.txt'
[0.320s] running build
[0.320s] running build_py
[0.321s] copying py_pubsub/open.py -> /home/ubuntu/Desktop/ros_ass/build/py_pubsub/build/lib/py_pubsub
[0.321s] running install
[0.321s] running install_lib
[0.321s] copying /home/ubuntu/Desktop/ros_ass/build/py_pubsub/build/lib/py_pubsub/open.py -> /home/ubuntu/Desktop/ros_ass/install/py_pubsub/lib/python3.10/site-packages/py_pubsub
[0.322s] byte-compiling /home/ubuntu/Desktop/ros_ass/install/py_pubsub/lib/python3.10/site-packages/py_pubsub/open.py to open.cpython-310.pyc
[0.322s] running install_data
[0.322s] running install_egg_info
[0.322s] removing '/home/ubuntu/Desktop/ros_ass/install/py_pubsub/lib/python3.10/site-packages/py_pubsub-0.0.0-py3.10.egg-info' (and everything under it)
[0.322s] Copying ../../build/py_pubsub/py_pubsub.egg-info to /home/ubuntu/Desktop/ros_ass/install/py_pubsub/lib/python3.10/site-packages/py_pubsub-0.0.0-py3.10.egg-info
[0.323s] running install_scripts
[0.336s] Installing listener script to /home/ubuntu/Desktop/ros_ass/install/py_pubsub/lib/py_pubsub
[0.336s] Installing open script to /home/ubuntu/Desktop/ros_ass/install/py_pubsub/lib/py_pubsub
[0.337s] Installing talker script to /home/ubuntu/Desktop/ros_ass/install/py_pubsub/lib/py_pubsub
[0.337s] writing list of installed files to '/home/ubuntu/Desktop/ros_ass/build/py_pubsub/install.log'
[0.348s] Invoked command in '/home/ubuntu/Desktop/ros_ass/src/py_pubsub' returned '0': PYTHONPATH=/home/ubuntu/Desktop/ros_ass/build/py_pubsub/prefix_override:/usr/lib/python3/dist-packages/colcon_core/task/python/colcon_distutils_commands:/home/ubuntu/Desktop/ros_ass/install/py_pubsub/lib/python3.10/site-packages:${PYTHONPATH} /usr/bin/python3 -W ignore:setup.py install is deprecated -W ignore:easy_install command is deprecated setup.py egg_info --egg-base ../../build/py_pubsub build --build-base /home/ubuntu/Desktop/ros_ass/build/py_pubsub/build install --record /home/ubuntu/Desktop/ros_ass/build/py_pubsub/install.log --single-version-externally-managed install_data
