[0.543s] Invoking command in '/home/aarzoo/ros2_ws/src/my_ros2_package': PYTHONPATH=/home/aarzoo/ros2_ws/build/my_ros2_package/prefix_override:/usr/lib/python3/dist-packages/colcon_core/task/python/colcon_distutils_commands:/home/aarzoo/ros2_ws/install/my_ros2_package/lib/python3.10/site-packages:${PYTHONPATH} /usr/bin/python3 -W ignore:setup.py install is deprecated -W ignore:easy_install command is deprecated setup.py egg_info --egg-base ../../build/my_ros2_package build --build-base /home/aarzoo/ros2_ws/build/my_ros2_package/build install --record /home/aarzoo/ros2_ws/build/my_ros2_package/install.log --single-version-externally-managed install_data
[0.672s] running egg_info
[0.672s] writing ../../build/my_ros2_package/my_ros2_package.egg-info/PKG-INFO
[0.674s] writing dependency_links to ../../build/my_ros2_package/my_ros2_package.egg-info/dependency_links.txt
[0.674s] writing entry points to ../../build/my_ros2_package/my_ros2_package.egg-info/entry_points.txt
[0.675s] writing requirements to ../../build/my_ros2_package/my_ros2_package.egg-info/requires.txt
[0.675s] writing top-level names to ../../build/my_ros2_package/my_ros2_package.egg-info/top_level.txt
[0.676s] reading manifest file '../../build/my_ros2_package/my_ros2_package.egg-info/SOURCES.txt'
[0.676s] writing manifest file '../../build/my_ros2_package/my_ros2_package.egg-info/SOURCES.txt'
[0.677s] running build
[0.677s] running build_py
[0.677s] running install
[0.677s] running install_lib
[0.678s] running install_data
[0.678s] running install_egg_info
[0.679s] removing '/home/aarzoo/ros2_ws/install/my_ros2_package/lib/python3.10/site-packages/my_ros2_package-0.0.0-py3.10.egg-info' (and everything under it)
[0.680s] Copying ../../build/my_ros2_package/my_ros2_package.egg-info to /home/aarzoo/ros2_ws/install/my_ros2_package/lib/python3.10/site-packages/my_ros2_package-0.0.0-py3.10.egg-info
[0.680s] running install_scripts
[0.693s] writing list of installed files to '/home/aarzoo/ros2_ws/build/my_ros2_package/install.log'
[0.712s] Invoked command in '/home/aarzoo/ros2_ws/src/my_ros2_package' returned '0': PYTHONPATH=/home/aarzoo/ros2_ws/build/my_ros2_package/prefix_override:/usr/lib/python3/dist-packages/colcon_core/task/python/colcon_distutils_commands:/home/aarzoo/ros2_ws/install/my_ros2_package/lib/python3.10/site-packages:${PYTHONPATH} /usr/bin/python3 -W ignore:setup.py install is deprecated -W ignore:easy_install command is deprecated setup.py egg_info --egg-base ../../build/my_ros2_package build --build-base /home/aarzoo/ros2_ws/build/my_ros2_package/build install --record /home/aarzoo/ros2_ws/build/my_ros2_package/install.log --single-version-externally-managed install_data
